2024-09-20T13:52:25.325 [HikariPool-3 housekeeper] WARN c.z.h.p.HikariPool - HikariPool-3 - Thread starvation or clock leap detected (housekeeper delta=33m47s806ms850µs900ns). 
2024-09-20T13:54:43.640 [http-nio-8080-exec-5] DEBUG j.sqltiming -  com.zaxxer.hikari.pool.ProxyPreparedStatement.execute(ProxyPreparedStatement.java:44)
91. select  
		 	a.htseq,
		    a.htName,
		    a.htAddress,
		    a.htcountry,
		    a.htDesc,
		    a.htDelNy,
		    a.htRegDate,
		    a.htReviseDate,
		    a.htNotice,
		    a.htMap,
		    a.htInclusionItems,
		    a.htNameSearch,
		    a.htPriceSearch,
		    a.htStarSearch,
		    a.htClassSearch,
		    a.htRestaurantNy,
		    a.htSpaNy,
		    a.htFitnessCenterNy,
		    a.htPoolNy,
		    a.htloungeNy,
		    a.htStockRoomNy,
		    a.htParkingNy,
		    a.htShuttleBusNy,
		    a.htBreakfastNy,
		    a.htRoomServiceNy,
		    a.htElseNy
		from
			hotel a
	    where 1=1
	    	AND a.htseq = '1'
 {executed in 3 msec} 
2024-09-20T13:56:03.791 [http-nio-8080-exec-5] DEBUG j.sqltiming -  com.zaxxer.hikari.pool.ProxyPreparedStatement.execute(ProxyPreparedStatement.java:44)
91. select  
		 	a.htseq,
		    a.htName,
		    a.htAddress,
		    a.htcountry,
		    a.htDesc,
		    a.htDelNy,
		    a.htRegDate,
		    a.htReviseDate,
		    a.htNotice,
		    a.htMap,
		    a.htInclusionItems,
		    a.htNameSearch,
		    a.htPriceSearch,
		    a.htStarSearch,
		    a.htClassSearch,
		    a.htRestaurantNy,
		    a.htSpaNy,
		    a.htFitnessCenterNy,
		    a.htPoolNy,
		    a.htloungeNy,
		    a.htStockRoomNy,
		    a.htParkingNy,
		    a.htShuttleBusNy,
		    a.htBreakfastNy,
		    a.htRoomServiceNy,
		    a.htElseNy
		from
			hotel a
	    where 1=1
	    	AND a.htseq = '1'
 {executed in 1 msec} 
2024-09-20T13:57:50.833 [http-nio-8080-exec-8] DEBUG j.sqltiming -  com.zaxxer.hikari.pool.ProxyPreparedStatement.execute(ProxyPreparedStatement.java:44)
91. select  
		 	a.htseq,
		    a.htName,
		    a.htAddress,
		    a.htcountry,
		    a.htDesc,
		    a.htDelNy,
		    a.htRegDate,
		    a.htReviseDate,
		    a.htNotice,
		    a.htMap,
		    a.htInclusionItems,
		    a.htNameSearch,
		    a.htPriceSearch,
		    a.htStarSearch,
		    a.htClassSearch,
		    a.htRestaurantNy,
		    a.htSpaNy,
		    a.htFitnessCenterNy,
		    a.htPoolNy,
		    a.htloungeNy,
		    a.htStockRoomNy,
		    a.htParkingNy,
		    a.htShuttleBusNy,
		    a.htBreakfastNy,
		    a.htRoomServiceNy,
		    a.htElseNy
		from
			hotel a
	    where 1=1
	    	AND a.htseq = '1'
 {executed in 0 msec} 
2024-09-20T13:58:52.862 [http-nio-8080-exec-3] DEBUG j.sqltiming -  com.zaxxer.hikari.pool.ProxyPreparedStatement.execute(ProxyPreparedStatement.java:44)
91. select  
		 	a.htseq,
		    a.htName,
		    a.htAddress,
		    a.htcountry,
		    a.htDesc,
		    a.htDelNy,
		    a.htRegDate,
		    a.htReviseDate,
		    a.htNotice,
		    a.htMap,
		    a.htInclusionItems,
		    a.htNameSearch,
		    a.htPriceSearch,
		    a.htStarSearch,
		    a.htClassSearch,
		    a.htRestaurantNy,
		    a.htSpaNy,
		    a.htFitnessCenterNy,
		    a.htPoolNy,
		    a.htloungeNy,
		    a.htStockRoomNy,
		    a.htParkingNy,
		    a.htShuttleBusNy,
		    a.htBreakfastNy,
		    a.htRoomServiceNy,
		    a.htElseNy
		from
			hotel a
	    where 1=1
	    	AND a.htseq = '1'
 {executed in 1 msec} 
2024-09-20T13:59:40.215 [http-nio-8080-exec-8] DEBUG j.sqltiming -  com.zaxxer.hikari.pool.ProxyPreparedStatement.execute(ProxyPreparedStatement.java:44)
91. select  
		 	a.htseq,
		    a.htName,
		    a.htAddress,
		    a.htcountry,
		    a.htDesc,
		    a.htDelNy,
		    a.htRegDate,
		    a.htReviseDate,
		    a.htNotice,
		    a.htMap,
		    a.htInclusionItems,
		    a.htNameSearch,
		    a.htPriceSearch,
		    a.htStarSearch,
		    a.htClassSearch,
		    a.htRestaurantNy,
		    a.htSpaNy,
		    a.htFitnessCenterNy,
		    a.htPoolNy,
		    a.htloungeNy,
		    a.htStockRoomNy,
		    a.htParkingNy,
		    a.htShuttleBusNy,
		    a.htBreakfastNy,
		    a.htRoomServiceNy,
		    a.htElseNy
		from
			hotel a
	    where 1=1
	    	AND a.htseq = '1'
 {executed in 0 msec} 
