2024-09-15T14:25:37.273 [restartedMain] INFO c.a.NewjeansApplication - Starting NewjeansApplication using Java 17.0.11 with PID 31184 (C:\factory\ws_sts4_4240\repo_newjeans\newjeans\bin\main started by USER in C:\factory\ws_sts4_4240\repo_newjeans\newjeans) 
2024-09-15T14:25:37.275 [restartedMain] INFO c.a.NewjeansApplication - No active profile set, falling back to 1 default profile: "default" 
2024-09-15T14:25:37.331 [restartedMain] INFO o.s.b.d.e.DevToolsPropertyDefaultsPostProcessor - Devtools property defaults active! Set 'spring.devtools.add-properties' to 'false' to disable 
2024-09-15T14:25:37.331 [restartedMain] INFO o.s.b.d.e.DevToolsPropertyDefaultsPostProcessor - For additional web related logging consider setting the 'logging.level.web' property to 'DEBUG' 
2024-09-15T14:25:38.819 [restartedMain] INFO o.s.b.w.e.t.TomcatWebServer - Tomcat initialized with port 8080 (http) 
2024-09-15T14:25:38.832 [restartedMain] INFO o.a.c.h.Http11NioProtocol - Initializing ProtocolHandler ["http-nio-8080"] 
2024-09-15T14:25:38.836 [restartedMain] INFO o.a.c.c.StandardService - Starting service [Tomcat] 
2024-09-15T14:25:38.837 [restartedMain] INFO o.a.c.c.StandardEngine - Starting Servlet engine: [Apache Tomcat/10.1.28] 
2024-09-15T14:25:38.908 [restartedMain] INFO o.a.c.c.C.[.[.[/] - Initializing Spring embedded WebApplicationContext 
2024-09-15T14:25:38.908 [restartedMain] INFO o.s.b.w.s.c.ServletWebServerApplicationContext - Root WebApplicationContext: initialization completed in 1576 ms 
2024-09-15T14:25:40.014 [restartedMain] INFO o.s.b.d.a.OptionalLiveReloadServer - LiveReload server is running on port 35729 
2024-09-15T14:25:40.034 [restartedMain] INFO o.a.c.h.Http11NioProtocol - Starting ProtocolHandler ["http-nio-8080"] 
2024-09-15T14:25:40.065 [restartedMain] INFO o.s.b.w.e.t.TomcatWebServer - Tomcat started on port 8080 (http) with context path '/' 
2024-09-15T14:25:40.075 [restartedMain] INFO c.a.NewjeansApplication - Started NewjeansApplication in 3.199 seconds (process running for 4.151) 
2024-09-15T14:26:38.647 [http-nio-8080-exec-1] INFO o.a.c.c.C.[.[.[/] - Initializing Spring DispatcherServlet 'dispatcherServlet' 
2024-09-15T14:26:38.649 [http-nio-8080-exec-1] INFO o.s.w.s.DispatcherServlet - Initializing Servlet 'dispatcherServlet' 
2024-09-15T14:26:38.652 [http-nio-8080-exec-1] INFO o.s.w.s.DispatcherServlet - Completed initialization in 1 ms 
2024-09-15T14:26:38.754 [http-nio-8080-exec-1] INFO c.z.h.HikariDataSource - HikariPool-1 - Starting... 
2024-09-15T14:26:39.325 [http-nio-8080-exec-1] INFO c.z.h.p.HikariPool - HikariPool-1 - Added connection net.sf.log4jdbc.sql.jdbcapi.ConnectionSpy@1dfe034e 
2024-09-15T14:26:39.329 [http-nio-8080-exec-1] INFO c.z.h.HikariDataSource - HikariPool-1 - Start completed. 
2024-09-15T14:26:39.382 [http-nio-8080-exec-1] DEBUG j.sqltiming -  com.zaxxer.hikari.pool.ProxyPreparedStatement.execute(ProxyPreparedStatement.java:44)
1. SELECT  
			a.htmSeq,
	        a.htmUserName,
	        a.htmGender,
	        a.htmBirth,
	        a.htmId,
	        a.htmPassword,
	        a.htmPhoneNumber,
	        a.htmEmail,
	        a.htmAddress,
	        a.htmDetailedAddress,
	        a.htmZipCode,
	        a.htmRegDate,
	        a.htmGrade,
	        a.htmRegAgreeContentNy,
	        a.htmEditMemberDate,
	        a.htmDelNy
		FROM
			newjeans.hotelmember a	
		ORDER BY 
			a.htmSeq desc
 {executed in 14 msec} 
2024-09-15T14:34:31.907 [File Watcher] INFO o.s.b.d.a.LocalDevToolsAutoConfiguration$RestartingClassPathChangeChangedEventListener - Restarting due to 1 class path change (0 additions, 0 deletions, 1 modification) 
2024-09-15T14:34:31.916 [Thread-5] INFO o.a.c.h.Http11NioProtocol - Stopping ProtocolHandler ["http-nio-8080"] 
2024-09-15T14:34:32.961 [Thread-5] INFO c.z.h.HikariDataSource - HikariPool-1 - Shutdown initiated... 
2024-09-15T14:34:32.971 [Thread-5] INFO c.z.h.HikariDataSource - HikariPool-1 - Shutdown completed. 
2024-09-15T14:34:33.062 [restartedMain] INFO c.a.NewjeansApplication - Starting NewjeansApplication using Java 17.0.11 with PID 31184 (C:\factory\ws_sts4_4240\repo_newjeans\newjeans\bin\main started by USER in C:\factory\ws_sts4_4240\repo_newjeans\newjeans) 
2024-09-15T14:34:33.062 [restartedMain] INFO c.a.NewjeansApplication - No active profile set, falling back to 1 default profile: "default" 
2024-09-15T14:34:33.510 [restartedMain] INFO o.s.b.w.e.t.TomcatWebServer - Tomcat initialized with port 8080 (http) 
2024-09-15T14:34:33.511 [restartedMain] INFO o.a.c.h.Http11NioProtocol - Initializing ProtocolHandler ["http-nio-8080"] 
2024-09-15T14:34:33.511 [restartedMain] INFO o.a.c.c.StandardService - Starting service [Tomcat] 
2024-09-15T14:34:33.512 [restartedMain] INFO o.a.c.c.StandardEngine - Starting Servlet engine: [Apache Tomcat/10.1.28] 
2024-09-15T14:34:33.545 [restartedMain] INFO o.a.c.c.C.[.[.[/] - Initializing Spring embedded WebApplicationContext 
2024-09-15T14:34:33.545 [restartedMain] INFO o.s.b.w.s.c.ServletWebServerApplicationContext - Root WebApplicationContext: initialization completed in 480 ms 
2024-09-15T14:34:33.863 [restartedMain] INFO o.s.b.d.a.OptionalLiveReloadServer - LiveReload server is running on port 35729 
2024-09-15T14:34:33.870 [restartedMain] INFO o.a.c.h.Http11NioProtocol - Starting ProtocolHandler ["http-nio-8080"] 
2024-09-15T14:34:33.875 [restartedMain] INFO o.s.b.w.e.t.TomcatWebServer - Tomcat started on port 8080 (http) with context path '/' 
2024-09-15T14:34:33.880 [restartedMain] INFO c.a.NewjeansApplication - Started NewjeansApplication in 0.861 seconds (process running for 537.956) 
2024-09-15T14:34:33.882 [restartedMain] INFO o.s.b.d.a.ConditionEvaluationDeltaLoggingListener - Condition evaluation unchanged 
2024-09-15T14:34:36.926 [File Watcher] INFO o.s.b.d.a.LocalDevToolsAutoConfiguration$RestartingClassPathChangeChangedEventListener - Restarting due to 1 class path change (0 additions, 0 deletions, 1 modification) 
2024-09-15T14:34:36.929 [Thread-7] INFO o.a.c.h.Http11NioProtocol - Stopping ProtocolHandler ["http-nio-8080"] 
2024-09-15T14:34:38.584 [restartedMain] INFO c.a.NewjeansApplication - Starting NewjeansApplication using Java 17.0.11 with PID 31184 (C:\factory\ws_sts4_4240\repo_newjeans\newjeans\bin\main started by USER in C:\factory\ws_sts4_4240\repo_newjeans\newjeans) 
2024-09-15T14:34:38.584 [restartedMain] INFO c.a.NewjeansApplication - No active profile set, falling back to 1 default profile: "default" 
2024-09-15T14:34:38.979 [restartedMain] INFO o.s.b.w.e.t.TomcatWebServer - Tomcat initialized with port 8080 (http) 
2024-09-15T14:34:38.980 [restartedMain] INFO o.a.c.h.Http11NioProtocol - Initializing ProtocolHandler ["http-nio-8080"] 
2024-09-15T14:34:38.981 [restartedMain] INFO o.a.c.c.StandardService - Starting service [Tomcat] 
2024-09-15T14:34:38.982 [restartedMain] INFO o.a.c.c.StandardEngine - Starting Servlet engine: [Apache Tomcat/10.1.28] 
2024-09-15T14:34:39.061 [restartedMain] INFO o.a.c.c.C.[.[.[/] - Initializing Spring embedded WebApplicationContext 
2024-09-15T14:34:39.061 [restartedMain] INFO o.s.b.w.s.c.ServletWebServerApplicationContext - Root WebApplicationContext: initialization completed in 474 ms 
2024-09-15T14:34:39.318 [restartedMain] INFO o.s.b.d.a.OptionalLiveReloadServer - LiveReload server is running on port 35729 
2024-09-15T14:34:39.331 [restartedMain] INFO o.a.c.h.Http11NioProtocol - Starting ProtocolHandler ["http-nio-8080"] 
2024-09-15T14:34:39.337 [restartedMain] INFO o.s.b.w.e.t.TomcatWebServer - Tomcat started on port 8080 (http) with context path '/' 
2024-09-15T14:34:39.344 [restartedMain] INFO c.a.NewjeansApplication - Started NewjeansApplication in 0.833 seconds (process running for 543.42) 
2024-09-15T14:34:39.345 [restartedMain] INFO o.s.b.d.a.ConditionEvaluationDeltaLoggingListener - Condition evaluation unchanged 
2024-09-15T14:36:07.452 [File Watcher] INFO o.s.b.d.a.LocalDevToolsAutoConfiguration$RestartingClassPathChangeChangedEventListener - Restarting due to 1 class path change (0 additions, 0 deletions, 1 modification) 
2024-09-15T14:36:07.456 [Thread-11] INFO o.a.c.h.Http11NioProtocol - Stopping ProtocolHandler ["http-nio-8080"] 
2024-09-15T14:36:08.988 [restartedMain] INFO c.a.NewjeansApplication - Starting NewjeansApplication using Java 17.0.11 with PID 31184 (C:\factory\ws_sts4_4240\repo_newjeans\newjeans\bin\main started by USER in C:\factory\ws_sts4_4240\repo_newjeans\newjeans) 
2024-09-15T14:36:08.989 [restartedMain] INFO c.a.NewjeansApplication - No active profile set, falling back to 1 default profile: "default" 
2024-09-15T14:36:09.497 [restartedMain] INFO o.s.b.w.e.t.TomcatWebServer - Tomcat initialized with port 8080 (http) 
2024-09-15T14:36:09.497 [restartedMain] INFO o.a.c.h.Http11NioProtocol - Initializing ProtocolHandler ["http-nio-8080"] 
2024-09-15T14:36:09.498 [restartedMain] INFO o.a.c.c.StandardService - Starting service [Tomcat] 
2024-09-15T14:36:09.498 [restartedMain] INFO o.a.c.c.StandardEngine - Starting Servlet engine: [Apache Tomcat/10.1.28] 
2024-09-15T14:36:09.530 [restartedMain] INFO o.a.c.c.C.[.[.[/] - Initializing Spring embedded WebApplicationContext 
2024-09-15T14:36:09.530 [restartedMain] INFO o.s.b.w.s.c.ServletWebServerApplicationContext - Root WebApplicationContext: initialization completed in 537 ms 
2024-09-15T14:36:09.679 [restartedMain] INFO o.s.b.d.a.OptionalLiveReloadServer - LiveReload server is running on port 35729 
2024-09-15T14:36:09.686 [restartedMain] INFO o.a.c.h.Http11NioProtocol - Starting ProtocolHandler ["http-nio-8080"] 
2024-09-15T14:36:09.691 [restartedMain] INFO o.s.b.w.e.t.TomcatWebServer - Tomcat started on port 8080 (http) with context path '/' 
2024-09-15T14:36:09.695 [restartedMain] INFO c.a.NewjeansApplication - Started NewjeansApplication in 0.757 seconds (process running for 633.771) 
2024-09-15T14:36:09.697 [restartedMain] INFO o.s.b.d.a.ConditionEvaluationDeltaLoggingListener - Condition evaluation unchanged 
2024-09-15T14:37:28.106 [File Watcher] INFO o.s.b.d.a.LocalDevToolsAutoConfiguration$RestartingClassPathChangeChangedEventListener - Restarting due to 1 class path change (0 additions, 0 deletions, 1 modification) 
2024-09-15T14:37:28.110 [Thread-15] INFO o.a.c.h.Http11NioProtocol - Stopping ProtocolHandler ["http-nio-8080"] 
2024-09-15T14:37:29.890 [restartedMain] INFO c.a.NewjeansApplication - Starting NewjeansApplication using Java 17.0.11 with PID 31184 (C:\factory\ws_sts4_4240\repo_newjeans\newjeans\bin\main started by USER in C:\factory\ws_sts4_4240\repo_newjeans\newjeans) 
2024-09-15T14:37:29.890 [restartedMain] INFO c.a.NewjeansApplication - No active profile set, falling back to 1 default profile: "default" 
2024-09-15T14:37:30.250 [restartedMain] INFO o.s.b.w.e.t.TomcatWebServer - Tomcat initialized with port 8080 (http) 
2024-09-15T14:37:30.250 [restartedMain] INFO o.a.c.h.Http11NioProtocol - Initializing ProtocolHandler ["http-nio-8080"] 
2024-09-15T14:37:30.250 [restartedMain] INFO o.a.c.c.StandardService - Starting service [Tomcat] 
2024-09-15T14:37:30.250 [restartedMain] INFO o.a.c.c.StandardEngine - Starting Servlet engine: [Apache Tomcat/10.1.28] 
2024-09-15T14:37:30.278 [restartedMain] INFO o.a.c.c.C.[.[.[/] - Initializing Spring embedded WebApplicationContext 
2024-09-15T14:37:30.278 [restartedMain] INFO o.s.b.w.s.c.ServletWebServerApplicationContext - Root WebApplicationContext: initialization completed in 386 ms 
2024-09-15T14:37:30.441 [restartedMain] INFO o.s.b.d.a.OptionalLiveReloadServer - LiveReload server is running on port 35729 
2024-09-15T14:37:30.448 [restartedMain] INFO o.a.c.h.Http11NioProtocol - Starting ProtocolHandler ["http-nio-8080"] 
2024-09-15T14:37:30.459 [restartedMain] INFO o.s.b.w.e.t.TomcatWebServer - Tomcat started on port 8080 (http) with context path '/' 
2024-09-15T14:37:30.475 [restartedMain] INFO c.a.NewjeansApplication - Started NewjeansApplication in 0.648 seconds (process running for 714.551) 
2024-09-15T14:37:30.479 [restartedMain] INFO o.s.b.d.a.ConditionEvaluationDeltaLoggingListener - Condition evaluation unchanged 
2024-09-15T14:40:13.468 [File Watcher] INFO o.s.b.d.a.LocalDevToolsAutoConfiguration$RestartingClassPathChangeChangedEventListener - Restarting due to 1 class path change (0 additions, 0 deletions, 1 modification) 
2024-09-15T14:40:13.475 [Thread-19] INFO o.a.c.h.Http11NioProtocol - Stopping ProtocolHandler ["http-nio-8080"] 
2024-09-15T14:40:15.159 [restartedMain] INFO c.a.NewjeansApplication - Starting NewjeansApplication using Java 17.0.11 with PID 31184 (C:\factory\ws_sts4_4240\repo_newjeans\newjeans\bin\main started by USER in C:\factory\ws_sts4_4240\repo_newjeans\newjeans) 
2024-09-15T14:40:15.160 [restartedMain] INFO c.a.NewjeansApplication - No active profile set, falling back to 1 default profile: "default" 
2024-09-15T14:40:15.485 [restartedMain] INFO o.s.b.w.e.t.TomcatWebServer - Tomcat initialized with port 8080 (http) 
2024-09-15T14:40:15.496 [restartedMain] INFO o.a.c.h.Http11NioProtocol - Initializing ProtocolHandler ["http-nio-8080"] 
2024-09-15T14:40:15.497 [restartedMain] INFO o.a.c.c.StandardService - Starting service [Tomcat] 
2024-09-15T14:40:15.497 [restartedMain] INFO o.a.c.c.StandardEngine - Starting Servlet engine: [Apache Tomcat/10.1.28] 
2024-09-15T14:40:15.616 [restartedMain] INFO o.a.c.c.C.[.[.[/] - Initializing Spring embedded WebApplicationContext 
2024-09-15T14:40:15.616 [restartedMain] INFO o.s.b.w.s.c.ServletWebServerApplicationContext - Root WebApplicationContext: initialization completed in 454 ms 
2024-09-15T14:40:15.866 [restartedMain] INFO o.s.b.d.a.OptionalLiveReloadServer - LiveReload server is running on port 35729 
2024-09-15T14:40:15.881 [restartedMain] INFO o.a.c.h.Http11NioProtocol - Starting ProtocolHandler ["http-nio-8080"] 
2024-09-15T14:40:15.893 [restartedMain] INFO o.s.b.w.e.t.TomcatWebServer - Tomcat started on port 8080 (http) with context path '/' 
2024-09-15T14:40:15.902 [restartedMain] INFO c.a.NewjeansApplication - Started NewjeansApplication in 0.786 seconds (process running for 879.978) 
2024-09-15T14:40:15.904 [restartedMain] INFO o.s.b.d.a.ConditionEvaluationDeltaLoggingListener - Condition evaluation unchanged 
2024-09-15T14:41:59.087 [File Watcher] INFO o.s.b.d.a.LocalDevToolsAutoConfiguration$RestartingClassPathChangeChangedEventListener - Restarting due to 1 class path change (0 additions, 0 deletions, 1 modification) 
2024-09-15T14:41:59.089 [Thread-23] INFO o.a.c.h.Http11NioProtocol - Stopping ProtocolHandler ["http-nio-8080"] 
2024-09-15T14:42:00.990 [restartedMain] INFO c.a.NewjeansApplication - Starting NewjeansApplication using Java 17.0.11 with PID 31184 (C:\factory\ws_sts4_4240\repo_newjeans\newjeans\bin\main started by USER in C:\factory\ws_sts4_4240\repo_newjeans\newjeans) 
2024-09-15T14:42:00.991 [restartedMain] INFO c.a.NewjeansApplication - No active profile set, falling back to 1 default profile: "default" 
2024-09-15T14:42:01.771 [restartedMain] INFO o.s.b.w.e.t.TomcatWebServer - Tomcat initialized with port 8080 (http) 
2024-09-15T14:42:01.772 [restartedMain] INFO o.a.c.h.Http11NioProtocol - Initializing ProtocolHandler ["http-nio-8080"] 
2024-09-15T14:42:01.772 [restartedMain] INFO o.a.c.c.StandardService - Starting service [Tomcat] 
2024-09-15T14:42:01.773 [restartedMain] INFO o.a.c.c.StandardEngine - Starting Servlet engine: [Apache Tomcat/10.1.28] 
2024-09-15T14:42:01.840 [restartedMain] INFO o.a.c.c.C.[.[.[/] - Initializing Spring embedded WebApplicationContext 
2024-09-15T14:42:01.841 [restartedMain] INFO o.s.b.w.s.c.ServletWebServerApplicationContext - Root WebApplicationContext: initialization completed in 844 ms 
2024-09-15T14:42:02.158 [restartedMain] INFO o.s.b.d.a.OptionalLiveReloadServer - LiveReload server is running on port 35729 
2024-09-15T14:42:02.177 [restartedMain] INFO o.a.c.h.Http11NioProtocol - Starting ProtocolHandler ["http-nio-8080"] 
2024-09-15T14:42:02.184 [restartedMain] INFO o.s.b.w.e.t.TomcatWebServer - Tomcat started on port 8080 (http) with context path '/' 
2024-09-15T14:42:02.190 [restartedMain] INFO c.a.NewjeansApplication - Started NewjeansApplication in 1.328 seconds (process running for 986.266) 
2024-09-15T14:42:02.191 [restartedMain] INFO o.s.b.d.a.ConditionEvaluationDeltaLoggingListener - Condition evaluation unchanged 
2024-09-15T14:49:27.360 [http-nio-8080-exec-1] INFO o.a.c.c.C.[.[.[/] - Initializing Spring DispatcherServlet 'dispatcherServlet' 
2024-09-15T14:49:27.361 [http-nio-8080-exec-1] INFO o.s.w.s.DispatcherServlet - Initializing Servlet 'dispatcherServlet' 
2024-09-15T14:49:27.362 [http-nio-8080-exec-1] INFO o.s.w.s.DispatcherServlet - Completed initialization in 1 ms 
2024-09-15T14:54:31.632 [File Watcher] INFO o.s.b.d.a.LocalDevToolsAutoConfiguration$RestartingClassPathChangeChangedEventListener - Restarting due to 2 class path changes (0 additions, 0 deletions, 2 modifications) 
2024-09-15T14:54:31.636 [Thread-27] INFO o.a.c.h.Http11NioProtocol - Stopping ProtocolHandler ["http-nio-8080"] 
2024-09-15T14:54:32.949 [restartedMain] INFO c.a.NewjeansApplication - Starting NewjeansApplication using Java 17.0.11 with PID 31184 (C:\factory\ws_sts4_4240\repo_newjeans\newjeans\bin\main started by USER in C:\factory\ws_sts4_4240\repo_newjeans\newjeans) 
2024-09-15T14:54:32.950 [restartedMain] INFO c.a.NewjeansApplication - No active profile set, falling back to 1 default profile: "default" 
2024-09-15T14:54:33.377 [restartedMain] INFO o.s.b.w.e.t.TomcatWebServer - Tomcat initialized with port 8080 (http) 
2024-09-15T14:54:33.378 [restartedMain] INFO o.a.c.h.Http11NioProtocol - Initializing ProtocolHandler ["http-nio-8080"] 
2024-09-15T14:54:33.379 [restartedMain] INFO o.a.c.c.StandardService - Starting service [Tomcat] 
2024-09-15T14:54:33.379 [restartedMain] INFO o.a.c.c.StandardEngine - Starting Servlet engine: [Apache Tomcat/10.1.28] 
2024-09-15T14:54:33.413 [restartedMain] INFO o.a.c.c.C.[.[.[/] - Initializing Spring embedded WebApplicationContext 
2024-09-15T14:54:33.413 [restartedMain] INFO o.s.b.w.s.c.ServletWebServerApplicationContext - Root WebApplicationContext: initialization completed in 461 ms 
2024-09-15T14:54:33.585 [restartedMain] INFO o.s.b.d.a.OptionalLiveReloadServer - LiveReload server is running on port 35729 
2024-09-15T14:54:33.592 [restartedMain] INFO o.a.c.h.Http11NioProtocol - Starting ProtocolHandler ["http-nio-8080"] 
2024-09-15T14:54:33.596 [restartedMain] INFO o.s.b.w.e.t.TomcatWebServer - Tomcat started on port 8080 (http) with context path '/' 
2024-09-15T14:54:33.600 [restartedMain] INFO c.a.NewjeansApplication - Started NewjeansApplication in 0.688 seconds (process running for 1737.676) 
2024-09-15T14:54:33.602 [restartedMain] INFO o.s.b.d.a.ConditionEvaluationDeltaLoggingListener - Condition evaluation unchanged 
