2024-09-12T16:00:18.444 [http-nio-8080-exec-9] DEBUG j.sqltiming -  com.zaxxer.hikari.pool.ProxyPreparedStatement.execute(ProxyPreparedStatement.java:44)
131. select
			b.ifcdSeq,
		    b.ifcdName,
		    b.ifcdUseNy,
		    b.ifcdOrder,
		    b.ifcdDesc,
		    b.ifcdDelNy,
		    b.registerDate,
		    b.reviseDate, 
		    b.codegroup_ifcgSeq,
		    a.ifcgName
		from
			code b
			left join codegroup a
			on a.ifcgSeq = b.codegroup_ifcgSeq
		where 1=1

			 AND b.registerDate BETWEEN '2024-09-07' AND '2024-09-07' 

		order by
			b.ifcdSeq desc
 {executed in 0 msec} 
2024-09-12T16:00:19.201 [http-nio-8080-exec-10] DEBUG j.sqltiming -  com.zaxxer.hikari.pool.ProxyPreparedStatement.execute(ProxyPreparedStatement.java:44)
131. select
			b.ifcdSeq,
		    b.ifcdName,
		    b.ifcdUseNy,
		    b.ifcdOrder,
		    b.ifcdDesc,
		    b.ifcdDelNy,
		    b.registerDate,
		    b.reviseDate, 
		    b.codegroup_ifcgSeq,
		    a.ifcgName
		from
			code b
			left join codegroup a
			on a.ifcgSeq = b.codegroup_ifcgSeq
		where 1=1

		order by
			b.ifcdSeq desc
 {executed in 0 msec} 
2024-09-12T16:00:19.963 [http-nio-8080-exec-7] DEBUG j.sqltiming -  com.zaxxer.hikari.pool.ProxyPreparedStatement.execute(ProxyPreparedStatement.java:44)
131. select
			b.ifcdSeq,
		    b.ifcdName,
		    b.ifcdUseNy,
		    b.ifcdOrder,
		    b.ifcdDesc,
		    b.ifcdDelNy,
		    b.registerDate,
		    b.reviseDate, 
		    b.codegroup_ifcgSeq,
		    a.ifcgName
		from
			code b
			left join codegroup a
			on a.ifcgSeq = b.codegroup_ifcgSeq
		where 1=1

		order by
			b.ifcdSeq desc
 {executed in 1 msec} 
2024-09-12T16:00:32.481 [http-nio-8080-exec-5] DEBUG j.sqltiming -  com.zaxxer.hikari.pool.ProxyPreparedStatement.execute(ProxyPreparedStatement.java:44)
131. select
			b.ifcdSeq,
		    b.ifcdName,
		    b.ifcdUseNy,
		    b.ifcdOrder,
		    b.ifcdDesc,
		    b.ifcdDelNy,
		    b.registerDate,
		    b.reviseDate, 
		    b.codegroup_ifcgSeq,
		    a.ifcgName
		from
			code b
			left join codegroup a
			on a.ifcgSeq = b.codegroup_ifcgSeq
		where 1=1

			 AND b.registerDate BETWEEN '2024-09-07' AND '2024-09-07' 

		order by
			b.ifcdSeq desc
 {executed in 1 msec} 
2024-09-12T16:01:29.761 [http-nio-8080-exec-8] DEBUG j.sqltiming -  com.zaxxer.hikari.pool.ProxyPreparedStatement.execute(ProxyPreparedStatement.java:44)
131. select
			b.ifcdSeq,
		    b.ifcdName,
		    b.ifcdUseNy,
		    b.ifcdOrder,
		    b.ifcdDesc,
		    b.ifcdDelNy,
		    b.registerDate,
		    b.reviseDate, 
		    b.codegroup_ifcgSeq,
		    a.ifcgName
		from
			code b
			left join codegroup a
			on a.ifcgSeq = b.codegroup_ifcgSeq
		where 1=1

		order by
			b.ifcdSeq desc
 {executed in 2 msec} 
2024-09-12T16:01:30.477 [http-nio-8080-exec-3] DEBUG j.sqltiming -  com.zaxxer.hikari.pool.ProxyPreparedStatement.execute(ProxyPreparedStatement.java:44)
131. select
			b.ifcdSeq,
		    b.ifcdName,
		    b.ifcdUseNy,
		    b.ifcdOrder,
		    b.ifcdDesc,
		    b.ifcdDelNy,
		    b.registerDate,
		    b.reviseDate, 
		    b.codegroup_ifcgSeq,
		    a.ifcgName
		from
			code b
			left join codegroup a
			on a.ifcgSeq = b.codegroup_ifcgSeq
		where 1=1

		order by
			b.ifcdSeq desc
 {executed in 1 msec} 
2024-09-12T16:01:43.963 [http-nio-8080-exec-10] DEBUG j.sqltiming -  com.zaxxer.hikari.pool.ProxyPreparedStatement.execute(ProxyPreparedStatement.java:44)
131. select
			b.ifcdSeq,
		    b.ifcdName,
		    b.ifcdUseNy,
		    b.ifcdOrder,
		    b.ifcdDesc,
		    b.ifcdDelNy,
		    b.registerDate,
		    b.reviseDate, 
		    b.codegroup_ifcgSeq,
		    a.ifcgName
		from
			code b
			left join codegroup a
			on a.ifcgSeq = b.codegroup_ifcgSeq
		where 1=1

			 AND b.registerDate BETWEEN '2024-09-10' AND '2024-09-10' 

		order by
			b.ifcdSeq desc
 {executed in 0 msec} 
2024-09-12T16:03:50.021 [File Watcher] INFO o.s.b.d.a.LocalDevToolsAutoConfiguration$RestartingClassPathChangeChangedEventListener - Restarting due to 1 class path change (0 additions, 0 deletions, 1 modification) 
2024-09-12T16:03:50.024 [Thread-175] INFO o.a.c.h.Http11NioProtocol - Stopping ProtocolHandler ["http-nio-8080"] 
2024-09-12T16:03:50.934 [Thread-175] INFO c.z.h.HikariDataSource - HikariPool-12 - Shutdown initiated... 
2024-09-12T16:03:50.939 [Thread-175] INFO c.z.h.HikariDataSource - HikariPool-12 - Shutdown completed. 
2024-09-12T16:03:51.030 [restartedMain] INFO c.a.NewjeansApplication - Starting NewjeansApplication using Java 17.0.11 with PID 32728 (C:\factory\ws_sts4_4240\repo_newjeans\newjeans\bin\main started by USER in C:\factory\ws_sts4_4240\repo_newjeans\newjeans) 
2024-09-12T16:03:51.030 [restartedMain] INFO c.a.NewjeansApplication - No active profile set, falling back to 1 default profile: "default" 
2024-09-12T16:03:51.276 [restartedMain] INFO o.s.b.w.e.t.TomcatWebServer - Tomcat initialized with port 8080 (http) 
2024-09-12T16:03:51.276 [restartedMain] INFO o.a.c.h.Http11NioProtocol - Initializing ProtocolHandler ["http-nio-8080"] 
2024-09-12T16:03:51.276 [restartedMain] INFO o.a.c.c.StandardService - Starting service [Tomcat] 
2024-09-12T16:03:51.276 [restartedMain] INFO o.a.c.c.StandardEngine - Starting Servlet engine: [Apache Tomcat/10.1.28] 
2024-09-12T16:03:51.301 [restartedMain] INFO o.a.c.c.C.[.[.[/] - Initializing Spring embedded WebApplicationContext 
2024-09-12T16:03:51.301 [restartedMain] INFO o.s.b.w.s.c.ServletWebServerApplicationContext - Root WebApplicationContext: initialization completed in 269 ms 
2024-09-12T16:03:51.447 [restartedMain] INFO o.s.b.d.a.OptionalLiveReloadServer - LiveReload server is running on port 35729 
2024-09-12T16:03:51.453 [restartedMain] INFO o.a.c.h.Http11NioProtocol - Starting ProtocolHandler ["http-nio-8080"] 
2024-09-12T16:03:51.456 [restartedMain] INFO o.s.b.w.e.t.TomcatWebServer - Tomcat started on port 8080 (http) with context path '/' 
2024-09-12T16:03:51.460 [restartedMain] INFO c.a.NewjeansApplication - Started NewjeansApplication in 0.464 seconds (process running for 13114.357) 
2024-09-12T16:03:51.461 [restartedMain] INFO o.s.b.d.a.ConditionEvaluationDeltaLoggingListener - Condition evaluation unchanged 
2024-09-12T16:04:57.778 [http-nio-8080-exec-1] INFO o.a.c.c.C.[.[.[/] - Initializing Spring DispatcherServlet 'dispatcherServlet' 
2024-09-12T16:04:57.778 [http-nio-8080-exec-1] INFO o.s.w.s.DispatcherServlet - Initializing Servlet 'dispatcherServlet' 
2024-09-12T16:04:57.779 [http-nio-8080-exec-1] INFO o.s.w.s.DispatcherServlet - Completed initialization in 1 ms 
2024-09-12T16:04:57.780 [http-nio-8080-exec-1] INFO c.z.h.HikariDataSource - HikariPool-13 - Starting... 
2024-09-12T16:04:57.796 [http-nio-8080-exec-1] INFO c.z.h.p.HikariPool - HikariPool-13 - Added connection net.sf.log4jdbc.sql.jdbcapi.ConnectionSpy@171b859 
2024-09-12T16:04:57.797 [http-nio-8080-exec-1] INFO c.z.h.HikariDataSource - HikariPool-13 - Start completed. 
2024-09-12T16:04:57.798 [http-nio-8080-exec-1] DEBUG j.sqltiming -  com.zaxxer.hikari.pool.ProxyPreparedStatement.execute(ProxyPreparedStatement.java:44)
141. select
			b.ifcdSeq,
		    b.ifcdName,
		    b.ifcdUseNy,
		    b.ifcdOrder,
		    b.ifcdDesc,
		    b.ifcdDelNy,
		    b.registerDate,
		    b.reviseDate, 
		    b.codegroup_ifcgSeq,
		    a.ifcgName
		from
			code b
			left join codegroup a
			on a.ifcgSeq = b.codegroup_ifcgSeq
		where 1=1

		order by
			b.ifcdSeq desc
 {executed in 1 msec} 
2024-09-12T16:04:58.885 [http-nio-8080-exec-4] DEBUG j.sqltiming -  com.zaxxer.hikari.pool.ProxyPreparedStatement.execute(ProxyPreparedStatement.java:44)
141. select
			b.ifcdSeq,
		    b.ifcdName,
		    b.ifcdUseNy,
		    b.ifcdOrder,
		    b.ifcdDesc,
		    b.ifcdDelNy,
		    b.registerDate,
		    b.reviseDate, 
		    b.codegroup_ifcgSeq,
		    a.ifcgName
		from
			code b
			left join codegroup a
			on a.ifcgSeq = b.codegroup_ifcgSeq
		where 1=1

		order by
			b.ifcdSeq desc
 {executed in 1 msec} 
2024-09-12T16:05:08.197 [http-nio-8080-exec-1] DEBUG j.sqltiming -  com.zaxxer.hikari.pool.ProxyPreparedStatement.execute(ProxyPreparedStatement.java:44)
141. select
			b.ifcdSeq,
		    b.ifcdName,
		    b.ifcdUseNy,
		    b.ifcdOrder,
		    b.ifcdDesc,
		    b.ifcdDelNy,
		    b.registerDate,
		    b.reviseDate, 
		    b.codegroup_ifcgSeq,
		    a.ifcgName
		from
			code b
			left join codegroup a
			on a.ifcgSeq = b.codegroup_ifcgSeq
		where 1=1

			 AND b.reviseDate BETWEEN '2024-09-10' AND '2024-09-10' 

		order by
			b.ifcdSeq desc
 {executed in 1 msec} 
2024-09-12T16:06:27.057 [File Watcher] INFO o.s.b.d.a.LocalDevToolsAutoConfiguration$RestartingClassPathChangeChangedEventListener - Restarting due to 1 class path change (0 additions, 0 deletions, 1 modification) 
2024-09-12T16:06:27.058 [Thread-179] INFO o.a.c.h.Http11NioProtocol - Stopping ProtocolHandler ["http-nio-8080"] 
2024-09-12T16:06:28.008 [Thread-179] INFO c.z.h.HikariDataSource - HikariPool-13 - Shutdown initiated... 
2024-09-12T16:06:28.013 [Thread-179] INFO c.z.h.HikariDataSource - HikariPool-13 - Shutdown completed. 
2024-09-12T16:06:28.093 [restartedMain] INFO c.a.NewjeansApplication - Starting NewjeansApplication using Java 17.0.11 with PID 32728 (C:\factory\ws_sts4_4240\repo_newjeans\newjeans\bin\main started by USER in C:\factory\ws_sts4_4240\repo_newjeans\newjeans) 
2024-09-12T16:06:28.094 [restartedMain] INFO c.a.NewjeansApplication - No active profile set, falling back to 1 default profile: "default" 
2024-09-12T16:06:28.367 [restartedMain] INFO o.s.b.w.e.t.TomcatWebServer - Tomcat initialized with port 8080 (http) 
2024-09-12T16:06:28.368 [restartedMain] INFO o.a.c.h.Http11NioProtocol - Initializing ProtocolHandler ["http-nio-8080"] 
2024-09-12T16:06:28.368 [restartedMain] INFO o.a.c.c.StandardService - Starting service [Tomcat] 
2024-09-12T16:06:28.368 [restartedMain] INFO o.a.c.c.StandardEngine - Starting Servlet engine: [Apache Tomcat/10.1.28] 
2024-09-12T16:06:28.395 [restartedMain] INFO o.a.c.c.C.[.[.[/] - Initializing Spring embedded WebApplicationContext 
2024-09-12T16:06:28.395 [restartedMain] INFO o.s.b.w.s.c.ServletWebServerApplicationContext - Root WebApplicationContext: initialization completed in 299 ms 
2024-09-12T16:06:28.534 [restartedMain] INFO o.s.b.d.a.OptionalLiveReloadServer - LiveReload server is running on port 35729 
2024-09-12T16:06:28.540 [restartedMain] INFO o.a.c.h.Http11NioProtocol - Starting ProtocolHandler ["http-nio-8080"] 
2024-09-12T16:06:28.547 [restartedMain] INFO o.s.b.w.e.t.TomcatWebServer - Tomcat started on port 8080 (http) with context path '/' 
2024-09-12T16:06:28.551 [restartedMain] INFO c.a.NewjeansApplication - Started NewjeansApplication in 0.492 seconds (process running for 13271.449) 
2024-09-12T16:06:28.552 [restartedMain] INFO o.s.b.d.a.ConditionEvaluationDeltaLoggingListener - Condition evaluation unchanged 
2024-09-12T16:11:20.884 [http-nio-8080-exec-1] INFO o.a.c.c.C.[.[.[/] - Initializing Spring DispatcherServlet 'dispatcherServlet' 
2024-09-12T16:11:20.885 [http-nio-8080-exec-1] INFO o.s.w.s.DispatcherServlet - Initializing Servlet 'dispatcherServlet' 
2024-09-12T16:11:20.885 [http-nio-8080-exec-1] INFO o.s.w.s.DispatcherServlet - Completed initialization in 0 ms 
2024-09-12T16:11:20.886 [http-nio-8080-exec-1] INFO c.z.h.HikariDataSource - HikariPool-14 - Starting... 
2024-09-12T16:11:20.900 [http-nio-8080-exec-1] INFO c.z.h.p.HikariPool - HikariPool-14 - Added connection net.sf.log4jdbc.sql.jdbcapi.ConnectionSpy@7ec382b1 
2024-09-12T16:11:20.901 [http-nio-8080-exec-1] INFO c.z.h.HikariDataSource - HikariPool-14 - Start completed. 
2024-09-12T16:11:20.902 [http-nio-8080-exec-1] DEBUG j.sqltiming -  com.zaxxer.hikari.pool.ProxyPreparedStatement.execute(ProxyPreparedStatement.java:44)
151. select
			b.ifcdSeq,
		    b.ifcdName,
		    b.ifcdUseNy,
		    b.ifcdOrder,
		    b.ifcdDesc,
		    b.ifcdDelNy,
		    b.registerDate,
		    b.reviseDate, 
		    b.codegroup_ifcgSeq,
		    a.ifcgName
		from
			code b
			left join codegroup a
			on a.ifcgSeq = b.codegroup_ifcgSeq
		where 1=1

		order by
			b.ifcdSeq desc
 {executed in 1 msec} 
2024-09-12T16:11:22.395 [http-nio-8080-exec-3] DEBUG j.sqltiming -  com.zaxxer.hikari.pool.ProxyPreparedStatement.execute(ProxyPreparedStatement.java:44)
151. select
			b.ifcdSeq,
		    b.ifcdName,
		    b.ifcdUseNy,
		    b.ifcdOrder,
		    b.ifcdDesc,
		    b.ifcdDelNy,
		    b.registerDate,
		    b.reviseDate, 
		    b.codegroup_ifcgSeq,
		    a.ifcgName
		from
			code b
			left join codegroup a
			on a.ifcgSeq = b.codegroup_ifcgSeq
		where 1=1

		order by
			b.ifcdSeq desc
 {executed in 1 msec} 
2024-09-12T16:11:45.236 [http-nio-8080-exec-1] DEBUG j.sqltiming -  com.zaxxer.hikari.pool.ProxyPreparedStatement.execute(ProxyPreparedStatement.java:44)
151. select
			b.ifcdSeq,
		    b.ifcdName,
		    b.ifcdUseNy,
		    b.ifcdOrder,
		    b.ifcdDesc,
		    b.ifcdDelNy,
		    b.registerDate,
		    b.reviseDate, 
		    b.codegroup_ifcgSeq,
		    a.ifcgName
		from
			code b
			left join codegroup a
			on a.ifcgSeq = b.codegroup_ifcgSeq
		where 1=1

			 AND b.registerDate BETWEEN '2024-09-10' AND '2024-09-10' 

		order by
			b.ifcdSeq desc
 {executed in 0 msec} 
2024-09-12T16:15:58.050 [http-nio-8080-exec-2] DEBUG j.sqltiming -  com.zaxxer.hikari.pool.ProxyPreparedStatement.execute(ProxyPreparedStatement.java:44)
151. SELECT  
			a.ifcgSeq,
	        a.ifcgName,
	        a.ifcgUseNy,
	        a.ifcgOrder,
	        a.ifcgDelNy,
	        a.ifcgDesc,
	        a.regDateTime,
	        a.regDateTimeRevise,
	        (select count(ifcdSeq) from Code b where 1=1 and b.codegroup_ifcgSeq = a.ifcgSeq) as count 
		FROM
			newjeans.codegroup a
		WHERE 1=1

		ORDER BY 
			a.ifcgSeq desc
 {executed in 0 msec} 
2024-09-12T16:16:04.794 [http-nio-8080-exec-3] DEBUG j.sqltiming -  com.zaxxer.hikari.pool.ProxyPreparedStatement.execute(ProxyPreparedStatement.java:44)
151. SELECT  
			a.ifcgSeq,
	        a.ifcgName,
	        a.ifcgUseNy,
	        a.ifcgOrder,
	        a.ifcgDelNy,
	        a.ifcgDesc,
	        a.regDateTime,
	        a.regDateTimeRevise,
	        (select count(ifcdSeq) from Code b where 1=1 and b.codegroup_ifcgSeq = a.ifcgSeq) as count 
		FROM
			newjeans.codegroup a
		WHERE 1=1

			 AND a.regDateTime BETWEEN '2024-09-10 00:00:00' AND '2024-09-10 23:59:59' 

		ORDER BY 
			a.ifcgSeq desc
 {executed in 1 msec} 
2024-09-12T16:16:36.825 [http-nio-8080-exec-1] DEBUG j.sqltiming -  com.zaxxer.hikari.pool.ProxyPreparedStatement.execute(ProxyPreparedStatement.java:44)
151. SELECT  
			a.ifcgSeq,
	        a.ifcgName,
	        a.ifcgUseNy,
	        a.ifcgOrder,
	        a.ifcgDelNy,
	        a.ifcgDesc,
	        a.regDateTime,
	        a.regDateTimeRevise,
	        (select count(ifcdSeq) from Code b where 1=1 and b.codegroup_ifcgSeq = a.ifcgSeq) as count 
		FROM
			newjeans.codegroup a
		WHERE 1=1

		ORDER BY 
			a.ifcgSeq desc
 {executed in 0 msec} 
2024-09-12T16:16:39.749 [http-nio-8080-exec-3] DEBUG j.sqltiming -  com.zaxxer.hikari.pool.ProxyPreparedStatement.execute(ProxyPreparedStatement.java:44)
151. SELECT  
			a.ifcgSeq,
	        a.ifcgName,
	        a.ifcgUseNy,
	        a.ifcgOrder,
	        a.ifcgDelNy,
	        a.ifcgDesc,
	        a.regDateTime,
	        a.regDateTimeRevise,
	        (select count(ifcdSeq) from Code b where 1=1 and b.codegroup_ifcgSeq = a.ifcgSeq) as count 
		FROM
			newjeans.codegroup a
		WHERE 1=1

		ORDER BY 
			a.ifcgSeq desc
 {executed in 1 msec} 
2024-09-12T16:16:55.126 [http-nio-8080-exec-9] DEBUG j.sqltiming -  com.zaxxer.hikari.pool.ProxyPreparedStatement.execute(ProxyPreparedStatement.java:44)
151. SELECT  
			a.ifcgSeq,
	        a.ifcgName,
	        a.ifcgUseNy,
	        a.ifcgOrder,
	        a.ifcgDelNy,
	        a.ifcgDesc,
	        a.regDateTime,
	        a.regDateTimeRevise,
	        (select count(ifcdSeq) from Code b where 1=1 and b.codegroup_ifcgSeq = a.ifcgSeq) as count 
		FROM
			newjeans.codegroup a
		WHERE 1=1

			 AND a.regDateTime BETWEEN '2024-09-07 00:00:00' AND '2024-09-08 23:59:59' 

		ORDER BY 
			a.ifcgSeq desc
 {executed in 0 msec} 
2024-09-12T16:30:42.662 [http-nio-8080-exec-6] DEBUG j.sqltiming -  com.zaxxer.hikari.pool.ProxyPreparedStatement.execute(ProxyPreparedStatement.java:44)
151. select
			b.ifcdSeq,
		    b.ifcdName,
		    b.ifcdUseNy,
		    b.ifcdOrder,
		    b.ifcdDesc,
		    b.ifcdDelNy,
		    b.registerDate,
		    b.reviseDate, 
		    b.codegroup_ifcgSeq,
		    a.ifcgName
		from
			code b
			left join codegroup a
			on a.ifcgSeq = b.codegroup_ifcgSeq
		where 1=1

		order by
			b.ifcdSeq desc
 {executed in 1 msec} 
2024-09-12T16:30:53.555 [http-nio-8080-exec-9] DEBUG j.sqltiming -  com.zaxxer.hikari.pool.ProxyPreparedStatement.execute(ProxyPreparedStatement.java:44)
151. select
			b.ifcdSeq,
		    b.ifcdName,
		    b.ifcdUseNy,
		    b.ifcdOrder,
		    b.ifcdDesc,
		    b.ifcdDelNy,
		    b.registerDate,
		    b.reviseDate, 
		    b.codegroup_ifcgSeq,
		    a.ifcgName
		from
			code b
			left join codegroup a
			on a.ifcgSeq = b.codegroup_ifcgSeq
		where 1=1

			 AND b.registerDate BETWEEN '2024-09-10' AND '2024-09-10' 

		order by
			b.ifcdSeq desc
 {executed in 1 msec} 
2024-09-12T16:32:52.493 [http-nio-8080-exec-8] DEBUG j.sqltiming -  com.zaxxer.hikari.pool.ProxyPreparedStatement.execute(ProxyPreparedStatement.java:44)
151. select
			b.ifcdSeq,
		    b.ifcdName,
		    b.ifcdUseNy,
		    b.ifcdOrder,
		    b.ifcdDesc,
		    b.ifcdDelNy,
		    b.registerDate,
		    b.reviseDate, 
		    b.codegroup_ifcgSeq,
		    a.ifcgName
		from
			code b
			left join codegroup a
			on a.ifcgSeq = b.codegroup_ifcgSeq
		where 1=1

		order by
			b.ifcdSeq desc
 {executed in 1 msec} 
2024-09-12T16:32:53.343 [http-nio-8080-exec-7] DEBUG j.sqltiming -  com.zaxxer.hikari.pool.ProxyPreparedStatement.execute(ProxyPreparedStatement.java:44)
151. select
			b.ifcdSeq,
		    b.ifcdName,
		    b.ifcdUseNy,
		    b.ifcdOrder,
		    b.ifcdDesc,
		    b.ifcdDelNy,
		    b.registerDate,
		    b.reviseDate, 
		    b.codegroup_ifcgSeq,
		    a.ifcgName
		from
			code b
			left join codegroup a
			on a.ifcgSeq = b.codegroup_ifcgSeq
		where 1=1

		order by
			b.ifcdSeq desc
 {executed in 1 msec} 
2024-09-12T16:33:00.134 [http-nio-8080-exec-4] DEBUG j.sqltiming -  com.zaxxer.hikari.pool.ProxyPreparedStatement.execute(ProxyPreparedStatement.java:44)
151. select
			b.ifcdSeq,
		    b.ifcdName,
		    b.ifcdUseNy,
		    b.ifcdOrder,
		    b.ifcdDesc,
		    b.ifcdDelNy,
		    b.registerDate,
		    b.reviseDate, 
		    b.codegroup_ifcgSeq,
		    a.ifcgName
		from
			code b
			left join codegroup a
			on a.ifcgSeq = b.codegroup_ifcgSeq
		where 1=1

			 AND b.registerDate BETWEEN '2024-09-10' AND '2024-09-10' 

		order by
			b.ifcdSeq desc
 {executed in 1 msec} 
2024-09-12T16:34:55.742 [File Watcher] INFO o.s.b.d.a.LocalDevToolsAutoConfiguration$RestartingClassPathChangeChangedEventListener - Restarting due to 1 class path change (0 additions, 0 deletions, 1 modification) 
2024-09-12T16:34:55.744 [Thread-183] INFO o.a.c.h.Http11NioProtocol - Stopping ProtocolHandler ["http-nio-8080"] 
2024-09-12T16:34:56.648 [Thread-183] INFO c.z.h.HikariDataSource - HikariPool-14 - Shutdown initiated... 
2024-09-12T16:34:56.652 [Thread-183] INFO c.z.h.HikariDataSource - HikariPool-14 - Shutdown completed. 
2024-09-12T16:34:56.732 [restartedMain] INFO c.a.NewjeansApplication - Starting NewjeansApplication using Java 17.0.11 with PID 32728 (C:\factory\ws_sts4_4240\repo_newjeans\newjeans\bin\main started by USER in C:\factory\ws_sts4_4240\repo_newjeans\newjeans) 
2024-09-12T16:34:56.732 [restartedMain] INFO c.a.NewjeansApplication - No active profile set, falling back to 1 default profile: "default" 
2024-09-12T16:34:56.992 [restartedMain] INFO o.s.b.w.e.t.TomcatWebServer - Tomcat initialized with port 8080 (http) 
2024-09-12T16:34:56.993 [restartedMain] INFO o.a.c.h.Http11NioProtocol - Initializing ProtocolHandler ["http-nio-8080"] 
2024-09-12T16:34:56.993 [restartedMain] INFO o.a.c.c.StandardService - Starting service [Tomcat] 
2024-09-12T16:34:56.993 [restartedMain] INFO o.a.c.c.StandardEngine - Starting Servlet engine: [Apache Tomcat/10.1.28] 
2024-09-12T16:34:57.022 [restartedMain] INFO o.a.c.c.C.[.[.[/] - Initializing Spring embedded WebApplicationContext 
2024-09-12T16:34:57.022 [restartedMain] INFO o.s.b.w.s.c.ServletWebServerApplicationContext - Root WebApplicationContext: initialization completed in 288 ms 
2024-09-12T16:34:57.168 [restartedMain] INFO o.s.b.d.a.OptionalLiveReloadServer - LiveReload server is running on port 35729 
2024-09-12T16:34:57.174 [restartedMain] INFO o.a.c.h.Http11NioProtocol - Starting ProtocolHandler ["http-nio-8080"] 
2024-09-12T16:34:57.177 [restartedMain] INFO o.s.b.w.e.t.TomcatWebServer - Tomcat started on port 8080 (http) with context path '/' 
2024-09-12T16:34:57.181 [restartedMain] INFO c.a.NewjeansApplication - Started NewjeansApplication in 0.483 seconds (process running for 14980.078) 
2024-09-12T16:34:57.182 [restartedMain] INFO o.s.b.d.a.ConditionEvaluationDeltaLoggingListener - Condition evaluation unchanged 
2024-09-12T16:35:14.055 [File Watcher] INFO o.s.b.d.a.LocalDevToolsAutoConfiguration$RestartingClassPathChangeChangedEventListener - Restarting due to 1 class path change (0 additions, 0 deletions, 1 modification) 
2024-09-12T16:35:14.056 [Thread-187] INFO o.a.c.h.Http11NioProtocol - Stopping ProtocolHandler ["http-nio-8080"] 
2024-09-12T16:35:15.080 [restartedMain] INFO c.a.NewjeansApplication - Starting NewjeansApplication using Java 17.0.11 with PID 32728 (C:\factory\ws_sts4_4240\repo_newjeans\newjeans\bin\main started by USER in C:\factory\ws_sts4_4240\repo_newjeans\newjeans) 
2024-09-12T16:35:15.080 [restartedMain] INFO c.a.NewjeansApplication - No active profile set, falling back to 1 default profile: "default" 
2024-09-12T16:35:15.306 [restartedMain] INFO o.s.b.w.e.t.TomcatWebServer - Tomcat initialized with port 8080 (http) 
2024-09-12T16:35:15.307 [restartedMain] INFO o.a.c.h.Http11NioProtocol - Initializing ProtocolHandler ["http-nio-8080"] 
2024-09-12T16:35:15.307 [restartedMain] INFO o.a.c.c.StandardService - Starting service [Tomcat] 
2024-09-12T16:35:15.307 [restartedMain] INFO o.a.c.c.StandardEngine - Starting Servlet engine: [Apache Tomcat/10.1.28] 
2024-09-12T16:35:15.333 [restartedMain] INFO o.a.c.c.C.[.[.[/] - Initializing Spring embedded WebApplicationContext 
2024-09-12T16:35:15.333 [restartedMain] INFO o.s.b.w.s.c.ServletWebServerApplicationContext - Root WebApplicationContext: initialization completed in 251 ms 
2024-09-12T16:35:15.460 [restartedMain] INFO o.s.b.d.a.OptionalLiveReloadServer - LiveReload server is running on port 35729 
2024-09-12T16:35:15.465 [restartedMain] INFO o.a.c.h.Http11NioProtocol - Starting ProtocolHandler ["http-nio-8080"] 
2024-09-12T16:35:15.469 [restartedMain] INFO o.s.b.w.e.t.TomcatWebServer - Tomcat started on port 8080 (http) with context path '/' 
2024-09-12T16:35:15.473 [restartedMain] INFO c.a.NewjeansApplication - Started NewjeansApplication in 0.424 seconds (process running for 14998.371) 
2024-09-12T16:35:15.474 [restartedMain] INFO o.s.b.d.a.ConditionEvaluationDeltaLoggingListener - Condition evaluation unchanged 
2024-09-12T16:36:37.557 [http-nio-8080-exec-1] INFO o.a.c.c.C.[.[.[/] - Initializing Spring DispatcherServlet 'dispatcherServlet' 
2024-09-12T16:36:37.558 [http-nio-8080-exec-1] INFO o.s.w.s.DispatcherServlet - Initializing Servlet 'dispatcherServlet' 
2024-09-12T16:36:37.558 [http-nio-8080-exec-1] INFO o.s.w.s.DispatcherServlet - Completed initialization in 0 ms 
2024-09-12T16:36:37.560 [http-nio-8080-exec-1] INFO c.z.h.HikariDataSource - HikariPool-15 - Starting... 
2024-09-12T16:36:37.574 [http-nio-8080-exec-1] INFO c.z.h.p.HikariPool - HikariPool-15 - Added connection net.sf.log4jdbc.sql.jdbcapi.ConnectionSpy@332ef6c7 
2024-09-12T16:36:37.575 [http-nio-8080-exec-1] INFO c.z.h.HikariDataSource - HikariPool-15 - Start completed. 
2024-09-12T16:36:37.577 [http-nio-8080-exec-1] DEBUG j.sqltiming -  com.zaxxer.hikari.pool.ProxyPreparedStatement.execute(ProxyPreparedStatement.java:44)
161. select
			b.ifcdSeq,
		    b.ifcdName,
		    b.ifcdUseNy,
		    b.ifcdOrder,
		    b.ifcdDesc,
		    b.ifcdDelNy,
		    b.registerDate,
		    b.reviseDate, 
		    b.codegroup_ifcgSeq,
		    a.ifcgName
		from
			code b
			left join codegroup a
			on a.ifcgSeq = b.codegroup_ifcgSeq
		where 1=1

		order by
			b.ifcdSeq desc
 {executed in 2 msec} 
2024-09-12T16:36:45.900 [http-nio-8080-exec-6] DEBUG j.sqltiming -  com.zaxxer.hikari.pool.ProxyPreparedStatement.execute(ProxyPreparedStatement.java:44)
161. select
			b.ifcdSeq,
		    b.ifcdName,
		    b.ifcdUseNy,
		    b.ifcdOrder,
		    b.ifcdDesc,
		    b.ifcdDelNy,
		    b.registerDate,
		    b.reviseDate, 
		    b.codegroup_ifcgSeq,
		    a.ifcgName
		from
			code b
			left join codegroup a
			on a.ifcgSeq = b.codegroup_ifcgSeq
		where 1=1

			 AND b.registerDate BETWEEN '2024-09-10' AND '2024-09-10' 

		order by
			b.ifcdSeq desc
 {executed in 1 msec} 
2024-09-12T16:37:18.042 [http-nio-8080-exec-7] DEBUG j.sqltiming -  com.zaxxer.hikari.pool.ProxyPreparedStatement.execute(ProxyPreparedStatement.java:44)
161. select
			b.ifcdSeq,
		    b.ifcdName,
		    b.ifcdUseNy,
		    b.ifcdOrder,
		    b.ifcdDesc,
		    b.ifcdDelNy,
		    b.registerDate,
		    b.reviseDate, 
		    b.codegroup_ifcgSeq,
		    a.ifcgName
		from
			code b
			left join codegroup a
			on a.ifcgSeq = b.codegroup_ifcgSeq
		where 1=1

		order by
			b.ifcdSeq desc
 {executed in 0 msec} 
2024-09-12T16:37:25.635 [http-nio-8080-exec-3] DEBUG j.sqltiming -  com.zaxxer.hikari.pool.ProxyPreparedStatement.execute(ProxyPreparedStatement.java:44)
161. select
			b.ifcdSeq,
		    b.ifcdName,
		    b.ifcdUseNy,
		    b.ifcdOrder,
		    b.ifcdDesc,
		    b.ifcdDelNy,
		    b.registerDate,
		    b.reviseDate, 
		    b.codegroup_ifcgSeq,
		    a.ifcgName
		from
			code b
			left join codegroup a
			on a.ifcgSeq = b.codegroup_ifcgSeq
		where 1=1

			 AND b.registerDate BETWEEN '2024-09-09' AND '2024-09-11' 

		order by
			b.ifcdSeq desc
 {executed in 1 msec} 
2024-09-12T16:38:32.835 [File Watcher] INFO o.s.b.d.a.LocalDevToolsAutoConfiguration$RestartingClassPathChangeChangedEventListener - Restarting due to 1 class path change (0 additions, 0 deletions, 1 modification) 
2024-09-12T16:38:32.837 [Thread-191] INFO o.a.c.h.Http11NioProtocol - Stopping ProtocolHandler ["http-nio-8080"] 
2024-09-12T16:38:33.848 [Thread-191] INFO c.z.h.HikariDataSource - HikariPool-15 - Shutdown initiated... 
2024-09-12T16:38:33.852 [Thread-191] INFO c.z.h.HikariDataSource - HikariPool-15 - Shutdown completed. 
2024-09-12T16:38:33.934 [restartedMain] INFO c.a.NewjeansApplication - Starting NewjeansApplication using Java 17.0.11 with PID 32728 (C:\factory\ws_sts4_4240\repo_newjeans\newjeans\bin\main started by USER in C:\factory\ws_sts4_4240\repo_newjeans\newjeans) 
2024-09-12T16:38:33.934 [restartedMain] INFO c.a.NewjeansApplication - No active profile set, falling back to 1 default profile: "default" 
2024-09-12T16:38:34.192 [restartedMain] INFO o.s.b.w.e.t.TomcatWebServer - Tomcat initialized with port 8080 (http) 
2024-09-12T16:38:34.193 [restartedMain] INFO o.a.c.h.Http11NioProtocol - Initializing ProtocolHandler ["http-nio-8080"] 
2024-09-12T16:38:34.193 [restartedMain] INFO o.a.c.c.StandardService - Starting service [Tomcat] 
2024-09-12T16:38:34.193 [restartedMain] INFO o.a.c.c.StandardEngine - Starting Servlet engine: [Apache Tomcat/10.1.28] 
2024-09-12T16:38:34.220 [restartedMain] INFO o.a.c.c.C.[.[.[/] - Initializing Spring embedded WebApplicationContext 
2024-09-12T16:38:34.220 [restartedMain] INFO o.s.b.w.s.c.ServletWebServerApplicationContext - Root WebApplicationContext: initialization completed in 284 ms 
2024-09-12T16:38:34.358 [restartedMain] INFO o.s.b.d.a.OptionalLiveReloadServer - LiveReload server is running on port 35729 
2024-09-12T16:38:34.364 [restartedMain] INFO o.a.c.h.Http11NioProtocol - Starting ProtocolHandler ["http-nio-8080"] 
2024-09-12T16:38:34.368 [restartedMain] INFO o.s.b.w.e.t.TomcatWebServer - Tomcat started on port 8080 (http) with context path '/' 
2024-09-12T16:38:34.372 [restartedMain] INFO c.a.NewjeansApplication - Started NewjeansApplication in 0.473 seconds (process running for 15197.269) 
2024-09-12T16:38:34.373 [restartedMain] INFO o.s.b.d.a.ConditionEvaluationDeltaLoggingListener - Condition evaluation unchanged 
2024-09-12T16:38:34.989 [http-nio-8080-exec-1] INFO o.a.c.c.C.[.[.[/] - Initializing Spring DispatcherServlet 'dispatcherServlet' 
2024-09-12T16:38:34.989 [http-nio-8080-exec-1] INFO o.s.w.s.DispatcherServlet - Initializing Servlet 'dispatcherServlet' 
2024-09-12T16:38:34.989 [http-nio-8080-exec-1] INFO o.s.w.s.DispatcherServlet - Completed initialization in 0 ms 
2024-09-12T16:38:34.992 [http-nio-8080-exec-1] INFO c.z.h.HikariDataSource - HikariPool-16 - Starting... 
2024-09-12T16:38:35.007 [http-nio-8080-exec-1] INFO c.z.h.p.HikariPool - HikariPool-16 - Added connection net.sf.log4jdbc.sql.jdbcapi.ConnectionSpy@740055ac 
2024-09-12T16:38:35.007 [http-nio-8080-exec-1] INFO c.z.h.HikariDataSource - HikariPool-16 - Start completed. 
2024-09-12T16:38:35.011 [http-nio-8080-exec-1] DEBUG j.sqltiming -  com.zaxxer.hikari.pool.ProxyPreparedStatement.execute(ProxyPreparedStatement.java:44)
171. select
			b.ifcdSeq,
		    b.ifcdName,
		    b.ifcdUseNy,
		    b.ifcdOrder,
		    b.ifcdDesc,
		    b.ifcdDelNy,
		    b.registerDate,
		    b.reviseDate, 
		    b.codegroup_ifcgSeq,
		    a.ifcgName
		from
			code b
			left join codegroup a
			on a.ifcgSeq = b.codegroup_ifcgSeq
		where 1=1

			 AND b.registerDate BETWEEN '2024-09-09 00:00:00' AND '2024-09-11 23:59:59' 

		order by
			b.ifcdSeq desc
 {executed in 3 msec} 
2024-09-12T16:38:35.613 [http-nio-8080-exec-5] DEBUG j.sqltiming -  com.zaxxer.hikari.pool.ProxyPreparedStatement.execute(ProxyPreparedStatement.java:44)
171. select
			b.ifcdSeq,
		    b.ifcdName,
		    b.ifcdUseNy,
		    b.ifcdOrder,
		    b.ifcdDesc,
		    b.ifcdDelNy,
		    b.registerDate,
		    b.reviseDate, 
		    b.codegroup_ifcgSeq,
		    a.ifcgName
		from
			code b
			left join codegroup a
			on a.ifcgSeq = b.codegroup_ifcgSeq
		where 1=1

		order by
			b.ifcdSeq desc
 {executed in 1 msec} 
2024-09-12T16:38:36.081 [http-nio-8080-exec-7] DEBUG j.sqltiming -  com.zaxxer.hikari.pool.ProxyPreparedStatement.execute(ProxyPreparedStatement.java:44)
171. select
			b.ifcdSeq,
		    b.ifcdName,
		    b.ifcdUseNy,
		    b.ifcdOrder,
		    b.ifcdDesc,
		    b.ifcdDelNy,
		    b.registerDate,
		    b.reviseDate, 
		    b.codegroup_ifcgSeq,
		    a.ifcgName
		from
			code b
			left join codegroup a
			on a.ifcgSeq = b.codegroup_ifcgSeq
		where 1=1

		order by
			b.ifcdSeq desc
 {executed in 1 msec} 
2024-09-12T16:38:42.097 [http-nio-8080-exec-2] DEBUG j.sqltiming -  com.zaxxer.hikari.pool.ProxyPreparedStatement.execute(ProxyPreparedStatement.java:44)
171. select
			b.ifcdSeq,
		    b.ifcdName,
		    b.ifcdUseNy,
		    b.ifcdOrder,
		    b.ifcdDesc,
		    b.ifcdDelNy,
		    b.registerDate,
		    b.reviseDate, 
		    b.codegroup_ifcgSeq,
		    a.ifcgName
		from
			code b
			left join codegroup a
			on a.ifcgSeq = b.codegroup_ifcgSeq
		where 1=1

			 AND b.registerDate BETWEEN '2024-09-10 00:00:00' AND '2024-09-10 23:59:59' 

		order by
			b.ifcdSeq desc
 {executed in 1 msec} 
