2024-09-12T12:24:14.318 [restartedMain] INFO c.a.NewjeansApplication - Starting NewjeansApplication using Java 17.0.11 with PID 16332 (C:\factory\ws_sts4_4240\repo_newjeans\newjeans\bin\main started by USER in C:\factory\ws_sts4_4240\repo_newjeans\newjeans) 
2024-09-12T12:24:14.319 [restartedMain] INFO c.a.NewjeansApplication - No active profile set, falling back to 1 default profile: "default" 
2024-09-12T12:24:14.583 [restartedMain] INFO o.s.b.w.e.t.TomcatWebServer - Tomcat initialized with port 8080 (http) 
2024-09-12T12:24:14.584 [restartedMain] INFO o.a.c.c.StandardService - Starting service [Tomcat] 
2024-09-12T12:24:14.586 [restartedMain] INFO o.a.c.c.StandardEngine - Starting Servlet engine: [Apache Tomcat/10.1.28] 
2024-09-12T12:24:14.612 [restartedMain] INFO o.a.c.c.C.[.[.[/] - Initializing Spring embedded WebApplicationContext 
2024-09-12T12:24:14.612 [restartedMain] INFO o.s.b.w.s.c.ServletWebServerApplicationContext - Root WebApplicationContext: initialization completed in 291 ms 
2024-09-12T12:24:14.629 [restartedMain] ERROR c.z.h.HikariConfig - Failed to load driver class net.sf.log4jdbc.sql.jdbcapi.DriverSpy from HikariConfig class classloader jdk.internal.loader.ClassLoaders$AppClassLoader@63947c6b 
2024-09-12T12:24:14.630 [restartedMain] WARN o.s.b.w.s.c.AnnotationConfigServletWebServerApplicationContext - Exception encountered during context initialization - cancelling refresh attempt: org.springframework.beans.factory.UnsatisfiedDependencyException: Error creating bean with name 'codeGroupController': Unsatisfied dependency expressed through field 'codeGroupService': Error creating bean with name 'codeGroupService': Unsatisfied dependency expressed through field 'codeGroupDao': Error creating bean with name 'codeGroupDao' defined in file [C:\factory\ws_sts4_4240\repo_newjeans\newjeans\bin\main\com\ador\infra\codegroup\CodeGroupDao.class]: Cannot resolve reference to bean 'sqlSessionFactoryMysqlMain' while setting bean property 'sqlSessionFactory' 
2024-09-12T12:24:14.630 [restartedMain] INFO o.a.c.c.StandardService - Stopping service [Tomcat] 
2024-09-12T12:24:14.636 [restartedMain] INFO o.s.b.a.l.ConditionEvaluationReportLogger - 

Error starting ApplicationContext. To display the condition evaluation report re-run your application with 'debug' enabled. 
2024-09-12T12:24:14.641 [restartedMain] ERROR o.s.b.d.LoggingFailureAnalysisReporter - 

***************************
APPLICATION FAILED TO START
***************************

Description:

Failed to bind properties under 'spring.datasource.mysql.main' to javax.sql.DataSource:

    Property: spring.datasource.mysql.main.driver-class-name
    Value: "net.sf.log4jdbc.sql.jdbcapi.DriverSpy"
    Origin: class path resource [application.properties] - 5:48
    Reason: java.lang.RuntimeException: Failed to load driver class net.sf.log4jdbc.sql.jdbcapi.DriverSpy in either of HikariConfig class loader or Thread context classloader

Action:

Update your application's configuration
 
2024-09-12T12:24:50.505 [restartedMain] INFO c.a.NewjeansApplication - Starting NewjeansApplication using Java 17.0.11 with PID 18052 (C:\factory\ws_sts4_4240\repo_newjeans\newjeans\bin\main started by USER in C:\factory\ws_sts4_4240\repo_newjeans\newjeans) 
2024-09-12T12:24:50.507 [restartedMain] INFO c.a.NewjeansApplication - No active profile set, falling back to 1 default profile: "default" 
2024-09-12T12:24:50.558 [restartedMain] INFO o.s.b.d.e.DevToolsPropertyDefaultsPostProcessor - Devtools property defaults active! Set 'spring.devtools.add-properties' to 'false' to disable 
2024-09-12T12:24:50.558 [restartedMain] INFO o.s.b.d.e.DevToolsPropertyDefaultsPostProcessor - For additional web related logging consider setting the 'logging.level.web' property to 'DEBUG' 
2024-09-12T12:24:51.621 [restartedMain] INFO o.s.b.w.e.t.TomcatWebServer - Tomcat initialized with port 8080 (http) 
2024-09-12T12:24:51.633 [restartedMain] INFO o.a.c.h.Http11NioProtocol - Initializing ProtocolHandler ["http-nio-8080"] 
2024-09-12T12:24:51.636 [restartedMain] INFO o.a.c.c.StandardService - Starting service [Tomcat] 
2024-09-12T12:24:51.637 [restartedMain] INFO o.a.c.c.StandardEngine - Starting Servlet engine: [Apache Tomcat/10.1.28] 
2024-09-12T12:24:51.702 [restartedMain] INFO o.a.c.c.C.[.[.[/] - Initializing Spring embedded WebApplicationContext 
2024-09-12T12:24:51.702 [restartedMain] INFO o.s.b.w.s.c.ServletWebServerApplicationContext - Root WebApplicationContext: initialization completed in 1143 ms 
2024-09-12T12:24:52.445 [restartedMain] INFO o.s.b.d.a.OptionalLiveReloadServer - LiveReload server is running on port 35729 
2024-09-12T12:24:52.459 [restartedMain] INFO o.a.c.h.Http11NioProtocol - Starting ProtocolHandler ["http-nio-8080"] 
2024-09-12T12:24:52.486 [restartedMain] INFO o.s.b.w.e.t.TomcatWebServer - Tomcat started on port 8080 (http) with context path '/' 
2024-09-12T12:24:52.495 [restartedMain] INFO c.a.NewjeansApplication - Started NewjeansApplication in 2.386 seconds (process running for 3.411) 
2024-09-12T12:25:15.481 [RMI TCP Connection(7)-127.0.0.1] INFO o.s.b.a.SpringApplicationAdminMXBeanRegistrar$SpringApplicationAdmin - Application shutdown requested. 
2024-09-12T12:25:15.483 [RMI TCP Connection(7)-127.0.0.1] INFO o.a.c.h.Http11NioProtocol - Stopping ProtocolHandler ["http-nio-8080"] 
2024-09-12T12:25:18.414 [restartedMain] INFO c.a.NewjeansApplication - Starting NewjeansApplication using Java 17.0.11 with PID 32728 (C:\factory\ws_sts4_4240\repo_newjeans\newjeans\bin\main started by USER in C:\factory\ws_sts4_4240\repo_newjeans\newjeans) 
2024-09-12T12:25:18.416 [restartedMain] INFO c.a.NewjeansApplication - No active profile set, falling back to 1 default profile: "default" 
2024-09-12T12:25:18.463 [restartedMain] INFO o.s.b.d.e.DevToolsPropertyDefaultsPostProcessor - Devtools property defaults active! Set 'spring.devtools.add-properties' to 'false' to disable 
2024-09-12T12:25:18.463 [restartedMain] INFO o.s.b.d.e.DevToolsPropertyDefaultsPostProcessor - For additional web related logging consider setting the 'logging.level.web' property to 'DEBUG' 
2024-09-12T12:25:19.474 [restartedMain] INFO o.s.b.w.e.t.TomcatWebServer - Tomcat initialized with port 8080 (http) 
2024-09-12T12:25:19.483 [restartedMain] INFO o.a.c.h.Http11NioProtocol - Initializing ProtocolHandler ["http-nio-8080"] 
2024-09-12T12:25:19.486 [restartedMain] INFO o.a.c.c.StandardService - Starting service [Tomcat] 
2024-09-12T12:25:19.486 [restartedMain] INFO o.a.c.c.StandardEngine - Starting Servlet engine: [Apache Tomcat/10.1.28] 
2024-09-12T12:25:19.548 [restartedMain] INFO o.a.c.c.C.[.[.[/] - Initializing Spring embedded WebApplicationContext 
2024-09-12T12:25:19.548 [restartedMain] INFO o.s.b.w.s.c.ServletWebServerApplicationContext - Root WebApplicationContext: initialization completed in 1085 ms 
2024-09-12T12:25:20.266 [restartedMain] INFO o.s.b.d.a.OptionalLiveReloadServer - LiveReload server is running on port 35729 
2024-09-12T12:25:20.282 [restartedMain] INFO o.a.c.h.Http11NioProtocol - Starting ProtocolHandler ["http-nio-8080"] 
2024-09-12T12:25:20.303 [restartedMain] INFO o.s.b.w.e.t.TomcatWebServer - Tomcat started on port 8080 (http) with context path '/' 
2024-09-12T12:25:20.312 [restartedMain] INFO c.a.NewjeansApplication - Started NewjeansApplication in 2.247 seconds (process running for 3.183) 
2024-09-12T12:27:48.689 [http-nio-8080-exec-1] INFO o.a.c.c.C.[.[.[/] - Initializing Spring DispatcherServlet 'dispatcherServlet' 
2024-09-12T12:27:48.690 [http-nio-8080-exec-1] INFO o.s.w.s.DispatcherServlet - Initializing Servlet 'dispatcherServlet' 
2024-09-12T12:27:48.691 [http-nio-8080-exec-1] INFO o.s.w.s.DispatcherServlet - Completed initialization in 1 ms 
2024-09-12T12:27:48.775 [http-nio-8080-exec-1] INFO c.z.h.HikariDataSource - HikariPool-1 - Starting... 
2024-09-12T12:27:49.125 [http-nio-8080-exec-1] INFO c.z.h.p.HikariPool - HikariPool-1 - Added connection net.sf.log4jdbc.sql.jdbcapi.ConnectionSpy@394fbb0d 
2024-09-12T12:27:49.127 [http-nio-8080-exec-1] INFO c.z.h.HikariDataSource - HikariPool-1 - Start completed. 
2024-09-12T12:27:49.155 [http-nio-8080-exec-1] DEBUG j.sqltiming -  com.zaxxer.hikari.pool.ProxyPreparedStatement.execute(ProxyPreparedStatement.java:44)
1. SELECT  
			a.ifcgSeq,
	        a.ifcgName,
	        a.ifcgUseNy,
	        a.ifcgOrder,
	        a.ifcgDelNy,
	        a.ifcgDesc,
	        a.regDateTime,
	        a.regDateTimeRevise,
	        (select count(ifcdSeq) from Code b where 1=1 and b.codegroup_ifcgSeq = a.ifcgSeq) as count 
		FROM
			newjeans.codegroup a
		WHERE 1=1

		ORDER BY 
			a.ifcgSeq desc
 {executed in 10 msec} 
2024-09-12T12:28:29.460 [http-nio-8080-exec-8] DEBUG j.sqltiming -  com.zaxxer.hikari.pool.ProxyPreparedStatement.execute(ProxyPreparedStatement.java:44)
1. SELECT  
			a.ifcgSeq,
	        a.ifcgName,
	        a.ifcgUseNy,
	        a.ifcgOrder,
	        a.ifcgDelNy,
	        a.ifcgDesc,
	        a.regDateTime,
	        a.regDateTimeRevise,
	        (select count(ifcdSeq) from Code b where 1=1 and b.codegroup_ifcgSeq = a.ifcgSeq) as count 
		FROM
			newjeans.codegroup a
		WHERE 1=1
			 AND ifcgDelNy = 0  

		ORDER BY 
			a.ifcgSeq desc
 {executed in 2 msec} 
2024-09-12T12:30:34.469 [http-nio-8080-exec-10] DEBUG j.sqltiming -  com.zaxxer.hikari.pool.ProxyPreparedStatement.execute(ProxyPreparedStatement.java:44)
1. SELECT  
			a.ifcgSeq,
	        a.ifcgName,
	        a.ifcgUseNy,
	        a.ifcgOrder,
	        a.ifcgDelNy,
	        a.ifcgDesc,
	        a.regDateTime,
	        a.regDateTimeRevise,
	        (select count(ifcdSeq) from Code b where 1=1 and b.codegroup_ifcgSeq = a.ifcgSeq) as count 
		FROM
			newjeans.codegroup a
		WHERE 1=1
			 AND ifcgDelNy = 0  

		ORDER BY 
			a.ifcgSeq desc
 {executed in 1 msec} 
2024-09-12T12:30:35.918 [http-nio-8080-exec-4] DEBUG j.sqltiming -  com.zaxxer.hikari.pool.ProxyPreparedStatement.execute(ProxyPreparedStatement.java:44)
1. SELECT  
			a.ifcgSeq,
	        a.ifcgName,
	        a.ifcgUseNy,
	        a.ifcgOrder,
	        a.ifcgDelNy,
	        a.ifcgDesc,
	        a.regDateTime,
	        a.regDateTimeRevise,
	        (select count(ifcdSeq) from Code b where 1=1 and b.codegroup_ifcgSeq = a.ifcgSeq) as count 
		FROM
			newjeans.codegroup a
		WHERE 1=1

		ORDER BY 
			a.ifcgSeq desc
 {executed in 1 msec} 
2024-09-12T12:30:37.100 [http-nio-8080-exec-9] DEBUG j.sqltiming -  com.zaxxer.hikari.pool.ProxyPreparedStatement.execute(ProxyPreparedStatement.java:44)
1. SELECT  
			a.ifcgSeq,
	        a.ifcgName,
	        a.ifcgUseNy,
	        a.ifcgOrder,
	        a.ifcgDelNy,
	        a.ifcgDesc,
	        a.regDateTime,
	        a.regDateTimeRevise,
	        (select count(ifcdSeq) from Code b where 1=1 and b.codegroup_ifcgSeq = a.ifcgSeq) as count 
		FROM
			newjeans.codegroup a
		WHERE 1=1

		ORDER BY 
			a.ifcgSeq desc
 {executed in 1 msec} 
2024-09-12T12:30:50.056 [http-nio-8080-exec-5] DEBUG j.sqltiming -  com.zaxxer.hikari.pool.ProxyPreparedStatement.execute(ProxyPreparedStatement.java:44)
1. SELECT  
			a.ifcgSeq,
	        a.ifcgName,
	        a.ifcgUseNy,
	        a.ifcgOrder,
	        a.ifcgDelNy,
	        a.ifcgDesc,
	        a.regDateTime,
	        a.regDateTimeRevise,
	        (select count(ifcdSeq) from Code b where 1=1 and b.codegroup_ifcgSeq = a.ifcgSeq) as count 
		FROM
			newjeans.codegroup a
		WHERE 1=1

		ORDER BY 
			a.ifcgSeq desc
 {executed in 0 msec} 
2024-09-12T12:43:57.932 [http-nio-8080-exec-2] DEBUG j.sqltiming -  com.zaxxer.hikari.pool.ProxyPreparedStatement.execute(ProxyPreparedStatement.java:44)
1. SELECT  
			a.ifcgSeq,
	        a.ifcgName,
	        a.ifcgUseNy,
	        a.ifcgOrder,
	        a.ifcgDelNy,
	        a.ifcgDesc,
	        a.regDateTime,
	        a.regDateTimeRevise,
	        (select count(ifcdSeq) from Code b where 1=1 and b.codegroup_ifcgSeq = a.ifcgSeq) as count 
		FROM
			newjeans.codegroup a
		WHERE 1=1

			 AND a.regDateTime BETWEEN '2024-09-12' AND '2024-09-13' 

		ORDER BY 
			a.ifcgSeq desc
 {executed in 2 msec} 
2024-09-12T12:45:11.220 [http-nio-8080-exec-8] DEBUG j.sqltiming -  com.zaxxer.hikari.pool.ProxyPreparedStatement.execute(ProxyPreparedStatement.java:44)
1. SELECT  
			a.ifcgSeq,
	        a.ifcgName,
	        a.ifcgUseNy,
	        a.ifcgOrder,
	        a.ifcgDelNy,
	        a.ifcgDesc,
	        a.regDateTime,
	        a.regDateTimeRevise,
	        (select count(ifcdSeq) from Code b where 1=1 and b.codegroup_ifcgSeq = a.ifcgSeq) as count 
		FROM
			newjeans.codegroup a
		WHERE 1=1

			 AND a.regDateTime BETWEEN '2024-09-12' AND '2024-09-13' 

		ORDER BY 
			a.ifcgSeq desc
 {executed in 2 msec} 
2024-09-12T12:45:12.004 [http-nio-8080-exec-3] DEBUG j.sqltiming -  com.zaxxer.hikari.pool.ProxyPreparedStatement.execute(ProxyPreparedStatement.java:44)
1. SELECT  
			a.ifcgSeq,
	        a.ifcgName,
	        a.ifcgUseNy,
	        a.ifcgOrder,
	        a.ifcgDelNy,
	        a.ifcgDesc,
	        a.regDateTime,
	        a.regDateTimeRevise,
	        (select count(ifcdSeq) from Code b where 1=1 and b.codegroup_ifcgSeq = a.ifcgSeq) as count 
		FROM
			newjeans.codegroup a
		WHERE 1=1

		ORDER BY 
			a.ifcgSeq desc
 {executed in 1 msec} 
2024-09-12T12:45:12.737 [http-nio-8080-exec-9] DEBUG j.sqltiming -  com.zaxxer.hikari.pool.ProxyPreparedStatement.execute(ProxyPreparedStatement.java:44)
1. SELECT  
			a.ifcgSeq,
	        a.ifcgName,
	        a.ifcgUseNy,
	        a.ifcgOrder,
	        a.ifcgDelNy,
	        a.ifcgDesc,
	        a.regDateTime,
	        a.regDateTimeRevise,
	        (select count(ifcdSeq) from Code b where 1=1 and b.codegroup_ifcgSeq = a.ifcgSeq) as count 
		FROM
			newjeans.codegroup a
		WHERE 1=1

		ORDER BY 
			a.ifcgSeq desc
 {executed in 0 msec} 
2024-09-12T12:45:19.020 [http-nio-8080-exec-3] DEBUG j.sqltiming -  com.zaxxer.hikari.pool.ProxyPreparedStatement.execute(ProxyPreparedStatement.java:44)
1. SELECT  
			a.ifcgSeq,
	        a.ifcgName,
	        a.ifcgUseNy,
	        a.ifcgOrder,
	        a.ifcgDelNy,
	        a.ifcgDesc,
	        a.regDateTime,
	        a.regDateTimeRevise,
	        (select count(ifcdSeq) from Code b where 1=1 and b.codegroup_ifcgSeq = a.ifcgSeq) as count 
		FROM
			newjeans.codegroup a
		WHERE 1=1

			 AND a.regDateTime BETWEEN '2024-09-12' AND '2024-09-13' 

		ORDER BY 
			a.ifcgSeq desc
 {executed in 1 msec} 
