2024-09-15T01:00:00.005 [restartedMain] INFO c.a.NewjeansApplication - Started NewjeansApplication in 2.239 seconds (process running for 3.118) 
2024-09-15T01:00:39.360 [File Watcher] INFO o.s.b.d.a.LocalDevToolsAutoConfiguration$RestartingClassPathChangeChangedEventListener - Restarting due to 1 class path change (0 additions, 0 deletions, 1 modification) 
2024-09-15T01:00:39.363 [Thread-5] INFO o.a.c.h.Http11NioProtocol - Stopping ProtocolHandler ["http-nio-8080"] 
2024-09-15T01:00:40.395 [restartedMain] INFO c.a.NewjeansApplication - Starting NewjeansApplication using Java 17.0.11 with PID 11692 (C:\factory\ws_sts4_4240\repo_newjeans\newjeans\bin\main started by USER in C:\factory\ws_sts4_4240\repo_newjeans\newjeans) 
2024-09-15T01:00:40.397 [restartedMain] INFO c.a.NewjeansApplication - No active profile set, falling back to 1 default profile: "default" 
2024-09-15T01:00:40.687 [restartedMain] INFO o.s.b.w.e.t.TomcatWebServer - Tomcat initialized with port 8080 (http) 
2024-09-15T01:00:40.687 [restartedMain] INFO o.a.c.h.Http11NioProtocol - Initializing ProtocolHandler ["http-nio-8080"] 
2024-09-15T01:00:40.687 [restartedMain] INFO o.a.c.c.StandardService - Starting service [Tomcat] 
2024-09-15T01:00:40.688 [restartedMain] INFO o.a.c.c.StandardEngine - Starting Servlet engine: [Apache Tomcat/10.1.28] 
2024-09-15T01:00:40.716 [restartedMain] INFO o.a.c.c.C.[.[.[/] - Initializing Spring embedded WebApplicationContext 
2024-09-15T01:00:40.717 [restartedMain] INFO o.s.b.w.s.c.ServletWebServerApplicationContext - Root WebApplicationContext: initialization completed in 318 ms 
2024-09-15T01:00:40.873 [restartedMain] INFO o.s.b.d.a.OptionalLiveReloadServer - LiveReload server is running on port 35729 
2024-09-15T01:00:40.879 [restartedMain] INFO o.a.c.h.Http11NioProtocol - Starting ProtocolHandler ["http-nio-8080"] 
2024-09-15T01:00:40.883 [restartedMain] INFO o.s.b.w.e.t.TomcatWebServer - Tomcat started on port 8080 (http) with context path '/' 
2024-09-15T01:00:40.888 [restartedMain] INFO c.a.NewjeansApplication - Started NewjeansApplication in 0.535 seconds (process running for 44.001) 
2024-09-15T01:00:40.890 [restartedMain] INFO o.s.b.d.a.ConditionEvaluationDeltaLoggingListener - Condition evaluation unchanged 
2024-09-15T01:01:40.460 [http-nio-8080-exec-1] INFO o.a.c.c.C.[.[.[/] - Initializing Spring DispatcherServlet 'dispatcherServlet' 
2024-09-15T01:01:40.460 [http-nio-8080-exec-1] INFO o.s.w.s.DispatcherServlet - Initializing Servlet 'dispatcherServlet' 
2024-09-15T01:01:40.461 [http-nio-8080-exec-1] INFO o.s.w.s.DispatcherServlet - Completed initialization in 1 ms 
2024-09-15T01:01:40.519 [http-nio-8080-exec-1] INFO c.z.h.HikariDataSource - HikariPool-1 - Starting... 
2024-09-15T01:01:40.773 [http-nio-8080-exec-1] INFO c.z.h.p.HikariPool - HikariPool-1 - Added connection net.sf.log4jdbc.sql.jdbcapi.ConnectionSpy@b804ae0 
2024-09-15T01:01:40.775 [http-nio-8080-exec-1] INFO c.z.h.HikariDataSource - HikariPool-1 - Start completed. 
2024-09-15T01:01:40.803 [http-nio-8080-exec-1] DEBUG j.sqltiming -  com.zaxxer.hikari.pool.ProxyPreparedStatement.execute(ProxyPreparedStatement.java:44)
1. SELECT  
			a.htmSeq,
	        a.htmUserName,
	        a.htmGender,
	        a.htmBirth,
	        a.htmId,
	        a.htmPassword,
	        a.htmPhoneNumber,
	        a.htmEmail,
	        a.htmAddress,
	        a.htmDetailedAddress,
	        a.htmZipCode,
	        a.htmRegDate,
	        a.htmGrade,
	        a.htmRegAgreeContentNy,
	        a.htmEditMemberDate,
	        a.htmDelNy
		FROM
			newjeans.hotelmember a	
		ORDER BY 
			a.htmSeq desc
 {executed in 9 msec} 
2024-09-15T01:22:21.667 [RMI TCP Connection(39)-127.0.0.1] INFO o.s.b.a.SpringApplicationAdminMXBeanRegistrar$SpringApplicationAdmin - Application shutdown requested. 
2024-09-15T01:22:21.669 [RMI TCP Connection(39)-127.0.0.1] INFO o.a.c.h.Http11NioProtocol - Stopping ProtocolHandler ["http-nio-8080"] 
2024-09-15T01:22:22.655 [RMI TCP Connection(39)-127.0.0.1] INFO c.z.h.HikariDataSource - HikariPool-1 - Shutdown initiated... 
2024-09-15T01:22:22.663 [RMI TCP Connection(39)-127.0.0.1] INFO c.z.h.HikariDataSource - HikariPool-1 - Shutdown completed. 
