2024-09-16T18:06:56.461 [http-nio-8080-exec-10] DEBUG j.sqltiming -  com.zaxxer.hikari.pool.ProxyPreparedStatement.execute(ProxyPreparedStatement.java:44)
11. SELECT  
			a.htmSeq,
	        a.htmUserName,
	        a.htmGender,
	        a.htmBirth,
	        a.htmId,
	        a.htmPassword,
	        a.htmPhoneNumber,
	        a.htmEmail,
	        a.htmAddress,
	        a.htmDetailedAddress,
	        a.htmZipCode,
	        a.htmRegDate,
	        a.htmGrade,
	        a.htmRegAgreeContentNy,
	        a.htmEditMemberDate,
	        a.htmDelNy,
	        a.htmDesc
		FROM
			newjeans.hotelmember a
		WHERE 1=1

		ORDER BY 
			a.htmSeq desc
 {executed in 1 msec} 
2024-09-16T18:12:18.223 [http-nio-8080-exec-10] DEBUG j.sqltiming -  com.zaxxer.hikari.pool.ProxyPreparedStatement.execute(ProxyPreparedStatement.java:44)
11. SELECT  
			a.htmSeq,
	        a.htmUserName,
	        a.htmGender,
	        a.htmBirth,
	        a.htmId,
	        a.htmPassword,
	        a.htmPhoneNumber,
	        a.htmEmail,
	        a.htmAddress,
	        a.htmDetailedAddress,
	        a.htmZipCode,
	        a.htmRegDate,
	        a.htmGrade,
	        a.htmRegAgreeContentNy,
	        a.htmEditMemberDate,
	        a.htmDelNy,
	        a.htmDesc
		FROM
			newjeans.hotelmember a
		WHERE 1=1

		ORDER BY 
			a.htmSeq desc
 {executed in 1 msec} 
2024-09-16T18:12:36.217 [http-nio-8080-exec-4] DEBUG j.sqltiming -  com.zaxxer.hikari.pool.ProxyPreparedStatement.execute(ProxyPreparedStatement.java:44)
11. SELECT  
			a.htmSeq,
	        a.htmUserName,
	        a.htmGender,
	        a.htmBirth,
	        a.htmId,
	        a.htmPassword,
	        a.htmPhoneNumber,
	        a.htmEmail,
	        a.htmAddress,
	        a.htmDetailedAddress,
	        a.htmZipCode,
	        a.htmRegDate,
	        a.htmGrade,
	        a.htmRegAgreeContentNy,
	        a.htmEditMemberDate,
	        a.htmDelNy,
	        a.htmDesc
		FROM
			newjeans.hotelmember a
		WHERE 1=1

		ORDER BY 
			a.htmSeq desc
 {executed in 1 msec} 
2024-09-16T18:14:42.028 [http-nio-8080-exec-7] DEBUG j.sqltiming -  com.zaxxer.hikari.pool.ProxyPreparedStatement.execute(ProxyPreparedStatement.java:44)
11. SELECT  
			a.htmSeq,
	        a.htmUserName,
	        a.htmGender,
	        a.htmBirth,
	        a.htmId,
	        a.htmPassword,
	        a.htmPhoneNumber,
	        a.htmEmail,
	        a.htmAddress,
	        a.htmDetailedAddress,
	        a.htmZipCode,
	        a.htmRegDate,
	        a.htmGrade,
	        a.htmRegAgreeContentNy,
	        a.htmEditMemberDate,
	        a.htmDelNy,
	        a.htmDesc
		FROM
			newjeans.hotelmember a
		WHERE 1=1

		ORDER BY 
			a.htmSeq desc
 {executed in 1 msec} 
2024-09-16T18:14:45.718 [http-nio-8080-exec-5] DEBUG j.sqltiming -  com.zaxxer.hikari.pool.ProxyPreparedStatement.execute(ProxyPreparedStatement.java:44)
11. SELECT  
			a.htmSeq,
	        a.htmUserName,
	        a.htmGender,
	        a.htmBirth,
	        a.htmId,
	        a.htmPassword,
	        a.htmPhoneNumber,
	        a.htmEmail,
	        a.htmAddress,
	        a.htmDetailedAddress,
	        a.htmZipCode,
	        a.htmRegDate,
	        a.htmGrade,
	        a.htmRegAgreeContentNy,
	        a.htmEditMemberDate,
	        a.htmDelNy,
	        a.htmDesc
		FROM
			newjeans.hotelmember a
		WHERE 1=1

		ORDER BY 
			a.htmSeq desc
 {executed in 1 msec} 
2024-09-16T18:14:54.199 [http-nio-8080-exec-6] DEBUG j.sqltiming -  com.zaxxer.hikari.pool.ProxyPreparedStatement.execute(ProxyPreparedStatement.java:44)
11. SELECT  
			a.htmSeq,
	        a.htmUserName,
	        a.htmGender,
	        a.htmBirth,
	        a.htmId,
	        a.htmPassword,
	        a.htmPhoneNumber,
	        a.htmEmail,
	        a.htmAddress,
	        a.htmDetailedAddress,
	        a.htmZipCode,
	        a.htmRegDate,
	        a.htmGrade,
	        a.htmRegAgreeContentNy,
	        a.htmEditMemberDate,
	        a.htmDelNy,
	        a.htmDesc
		FROM
			newjeans.hotelmember a
		WHERE 1=1

		ORDER BY 
			a.htmSeq desc
 {executed in 1 msec} 
2024-09-16T18:14:56.860 [http-nio-8080-exec-4] DEBUG j.sqltiming -  com.zaxxer.hikari.pool.ProxyPreparedStatement.execute(ProxyPreparedStatement.java:44)
11. SELECT  
			a.htmSeq,
	        a.htmUserName,
	        a.htmGender,
	        a.htmBirth,
	        a.htmId,
	        a.htmPassword,
	        a.htmPhoneNumber,
	        a.htmEmail,
	        a.htmAddress,
	        a.htmDetailedAddress,
	        a.htmZipCode,
	        a.htmRegDate,
	        a.htmGrade,
	        a.htmRegAgreeContentNy,
	        a.htmEditMemberDate,
	        a.htmDelNy,
	        a.htmDesc
		FROM
			newjeans.hotelmember a
		WHERE 1=1

		ORDER BY 
			a.htmSeq desc
 {executed in 1 msec} 
2024-09-16T18:14:58.090 [http-nio-8080-exec-9] DEBUG j.sqltiming -  com.zaxxer.hikari.pool.ProxyPreparedStatement.execute(ProxyPreparedStatement.java:44)
11. SELECT  
			a.htmSeq,
	        a.htmUserName,
	        a.htmGender,
	        a.htmBirth,
	        a.htmId,
	        a.htmPassword,
	        a.htmPhoneNumber,
	        a.htmEmail,
	        a.htmAddress,
	        a.htmDetailedAddress,
	        a.htmZipCode,
	        a.htmRegDate,
	        a.htmGrade,
	        a.htmRegAgreeContentNy,
	        a.htmEditMemberDate,
	        a.htmDelNy,
	        a.htmDesc
		FROM
			newjeans.hotelmember a
		WHERE 1=1

		ORDER BY 
			a.htmSeq desc
 {executed in 1 msec} 
2024-09-16T18:14:58.440 [http-nio-8080-exec-10] DEBUG j.sqltiming -  com.zaxxer.hikari.pool.ProxyPreparedStatement.execute(ProxyPreparedStatement.java:44)
11. SELECT  
			a.htmSeq,
	        a.htmUserName,
	        a.htmGender,
	        a.htmBirth,
	        a.htmId,
	        a.htmPassword,
	        a.htmPhoneNumber,
	        a.htmEmail,
	        a.htmAddress,
	        a.htmDetailedAddress,
	        a.htmZipCode,
	        a.htmRegDate,
	        a.htmGrade,
	        a.htmRegAgreeContentNy,
	        a.htmEditMemberDate,
	        a.htmDelNy,
	        a.htmDesc
		FROM
			newjeans.hotelmember a
		WHERE 1=1

		ORDER BY 
			a.htmSeq desc
 {executed in 1 msec} 
2024-09-16T18:14:58.740 [http-nio-8080-exec-7] DEBUG j.sqltiming -  com.zaxxer.hikari.pool.ProxyPreparedStatement.execute(ProxyPreparedStatement.java:44)
11. SELECT  
			a.htmSeq,
	        a.htmUserName,
	        a.htmGender,
	        a.htmBirth,
	        a.htmId,
	        a.htmPassword,
	        a.htmPhoneNumber,
	        a.htmEmail,
	        a.htmAddress,
	        a.htmDetailedAddress,
	        a.htmZipCode,
	        a.htmRegDate,
	        a.htmGrade,
	        a.htmRegAgreeContentNy,
	        a.htmEditMemberDate,
	        a.htmDelNy,
	        a.htmDesc
		FROM
			newjeans.hotelmember a
		WHERE 1=1

		ORDER BY 
			a.htmSeq desc
 {executed in 0 msec} 
2024-09-16T18:15:06.768 [http-nio-8080-exec-1] DEBUG j.sqltiming -  com.zaxxer.hikari.pool.ProxyPreparedStatement.execute(ProxyPreparedStatement.java:44)
11. SELECT  
			a.htmSeq,
	        a.htmUserName,
	        a.htmGender,
	        a.htmBirth,
	        a.htmId,
	        a.htmPassword,
	        a.htmPhoneNumber,
	        a.htmEmail,
	        a.htmAddress,
	        a.htmDetailedAddress,
	        a.htmZipCode,
	        a.htmRegDate,
	        a.htmGrade,
	        a.htmRegAgreeContentNy,
	        a.htmEditMemberDate,
	        a.htmDelNy,
	        a.htmDesc
		FROM
			newjeans.hotelmember a
		WHERE 1=1

		ORDER BY 
			a.htmSeq desc
 {executed in 1 msec} 
2024-09-16T18:15:08.279 [http-nio-8080-exec-5] DEBUG j.sqltiming -  com.zaxxer.hikari.pool.ProxyPreparedStatement.execute(ProxyPreparedStatement.java:44)
11. SELECT  
			a.htmSeq,
	        a.htmUserName,
	        a.htmGender,
	        a.htmBirth,
	        a.htmId,
	        a.htmPassword,
	        a.htmPhoneNumber,
	        a.htmEmail,
	        a.htmAddress,
	        a.htmDetailedAddress,
	        a.htmZipCode,
	        a.htmRegDate,
	        a.htmGrade,
	        a.htmRegAgreeContentNy,
	        a.htmEditMemberDate,
	        a.htmDelNy,
	        a.htmDesc
		FROM
			newjeans.hotelmember a
		WHERE 1=1

		ORDER BY 
			a.htmSeq desc
 {executed in 1 msec} 
2024-09-16T18:15:37.088 [http-nio-8080-exec-6] DEBUG j.sqltiming -  com.zaxxer.hikari.pool.ProxyPreparedStatement.execute(ProxyPreparedStatement.java:44)
11. SELECT  
			a.htmSeq,
	        a.htmUserName,
	        a.htmGender,
	        a.htmBirth,
	        a.htmId,
	        a.htmPassword,
	        a.htmPhoneNumber,
	        a.htmEmail,
	        a.htmAddress,
	        a.htmDetailedAddress,
	        a.htmZipCode,
	        a.htmRegDate,
	        a.htmGrade,
	        a.htmRegAgreeContentNy,
	        a.htmEditMemberDate,
	        a.htmDelNy,
	        a.htmDesc
		FROM
			newjeans.hotelmember a
		WHERE 1=1

		ORDER BY 
			a.htmSeq desc
 {executed in 1 msec} 
2024-09-16T18:15:40.116 [http-nio-8080-exec-7] DEBUG j.sqltiming -  com.zaxxer.hikari.pool.ProxyPreparedStatement.execute(ProxyPreparedStatement.java:44)
11. SELECT  
			a.htmSeq,
	        a.htmUserName,
	        a.htmGender,
	        a.htmBirth,
	        a.htmId,
	        a.htmPassword,
	        a.htmPhoneNumber,
	        a.htmEmail,
	        a.htmAddress,
	        a.htmDetailedAddress,
	        a.htmZipCode,
	        a.htmRegDate,
	        a.htmGrade,
	        a.htmRegAgreeContentNy,
	        a.htmEditMemberDate,
	        a.htmDelNy,
	        a.htmDesc
		FROM
			newjeans.hotelmember a
		WHERE 1=1

		ORDER BY 
			a.htmSeq desc
 {executed in 1 msec} 
2024-09-16T18:15:41.819 [http-nio-8080-exec-6] DEBUG j.sqltiming -  com.zaxxer.hikari.pool.ProxyPreparedStatement.execute(ProxyPreparedStatement.java:44)
11. SELECT  
			a.htmSeq,
	        a.htmUserName,
	        a.htmGender,
	        a.htmBirth,
	        a.htmId,
	        a.htmPassword,
	        a.htmPhoneNumber,
	        a.htmEmail,
	        a.htmAddress,
	        a.htmDetailedAddress,
	        a.htmZipCode,
	        a.htmRegDate,
	        a.htmGrade,
	        a.htmRegAgreeContentNy,
	        a.htmEditMemberDate,
	        a.htmDelNy,
	        a.htmDesc
		FROM
			newjeans.hotelmember a
		WHERE 1=1

		ORDER BY 
			a.htmSeq desc
 {executed in 1 msec} 
2024-09-16T18:15:43.073 [http-nio-8080-exec-9] DEBUG j.sqltiming -  com.zaxxer.hikari.pool.ProxyPreparedStatement.execute(ProxyPreparedStatement.java:44)
11. SELECT  
			a.htmSeq,
	        a.htmUserName,
	        a.htmGender,
	        a.htmBirth,
	        a.htmId,
	        a.htmPassword,
	        a.htmPhoneNumber,
	        a.htmEmail,
	        a.htmAddress,
	        a.htmDetailedAddress,
	        a.htmZipCode,
	        a.htmRegDate,
	        a.htmGrade,
	        a.htmRegAgreeContentNy,
	        a.htmEditMemberDate,
	        a.htmDelNy,
	        a.htmDesc
		FROM
			newjeans.hotelmember a
		WHERE 1=1

		ORDER BY 
			a.htmSeq desc
 {executed in 1 msec} 
2024-09-16T18:15:48.896 [http-nio-8080-exec-1] DEBUG j.sqltiming -  com.zaxxer.hikari.pool.ProxyPreparedStatement.execute(ProxyPreparedStatement.java:44)
11. SELECT  
			a.htmSeq,
	        a.htmUserName,
	        a.htmGender,
	        a.htmBirth,
	        a.htmId,
	        a.htmPassword,
	        a.htmPhoneNumber,
	        a.htmEmail,
	        a.htmAddress,
	        a.htmDetailedAddress,
	        a.htmZipCode,
	        a.htmRegDate,
	        a.htmGrade,
	        a.htmRegAgreeContentNy,
	        a.htmEditMemberDate,
	        a.htmDelNy,
	        a.htmDesc
		FROM
			newjeans.hotelmember a
		WHERE 1=1

			 AND a.htmRegDate BETWEEN '2024-09-13 00:00:00' AND '2024-09-13 23:59:59' 

		ORDER BY 
			a.htmSeq desc
 {executed in 1 msec} 
2024-09-16T18:15:49.629 [http-nio-8080-exec-7] DEBUG j.sqltiming -  com.zaxxer.hikari.pool.ProxyPreparedStatement.execute(ProxyPreparedStatement.java:44)
11. SELECT  
			a.htmSeq,
	        a.htmUserName,
	        a.htmGender,
	        a.htmBirth,
	        a.htmId,
	        a.htmPassword,
	        a.htmPhoneNumber,
	        a.htmEmail,
	        a.htmAddress,
	        a.htmDetailedAddress,
	        a.htmZipCode,
	        a.htmRegDate,
	        a.htmGrade,
	        a.htmRegAgreeContentNy,
	        a.htmEditMemberDate,
	        a.htmDelNy,
	        a.htmDesc
		FROM
			newjeans.hotelmember a
		WHERE 1=1

		ORDER BY 
			a.htmSeq desc
 {executed in 1 msec} 
2024-09-16T18:17:06.715 [http-nio-8080-exec-2] DEBUG j.sqltiming -  com.zaxxer.hikari.pool.ProxyPreparedStatement.execute(ProxyPreparedStatement.java:44)
11. SELECT  
			a.htmSeq,
	        a.htmUserName,
	        a.htmGender,
	        a.htmBirth,
	        a.htmId,
	        a.htmPassword,
	        a.htmPhoneNumber,
	        a.htmEmail,
	        a.htmAddress,
	        a.htmDetailedAddress,
	        a.htmZipCode,
	        a.htmRegDate,
	        a.htmGrade,
	        a.htmRegAgreeContentNy,
	        a.htmEditMemberDate,
	        a.htmDelNy,
	        a.htmDesc
		FROM
			newjeans.hotelmember a
		WHERE 1=1

		ORDER BY 
			a.htmSeq desc
 {executed in 0 msec} 
2024-09-16T18:17:30.387 [http-nio-8080-exec-10] DEBUG j.sqltiming -  com.zaxxer.hikari.pool.ProxyPreparedStatement.execute(ProxyPreparedStatement.java:44)
11. SELECT  
			a.htmSeq,
	        a.htmUserName,
	        a.htmGender,
	        a.htmBirth,
	        a.htmId,
	        a.htmPassword,
	        a.htmPhoneNumber,
	        a.htmEmail,
	        a.htmAddress,
	        a.htmDetailedAddress,
	        a.htmZipCode,
	        a.htmRegDate,
	        a.htmGrade,
	        a.htmRegAgreeContentNy,
	        a.htmEditMemberDate,
	        a.htmDelNy,
	        a.htmDesc
		FROM
			newjeans.hotelmember a
		WHERE 1=1

		ORDER BY 
			a.htmSeq desc
 {executed in 1 msec} 
2024-09-16T18:17:54.289 [http-nio-8080-exec-3] DEBUG j.sqltiming -  com.zaxxer.hikari.pool.ProxyPreparedStatement.execute(ProxyPreparedStatement.java:44)
11. SELECT  
			a.htmSeq,
	        a.htmUserName,
	        a.htmGender,
	        a.htmBirth,
	        a.htmId,
	        a.htmPassword,
	        a.htmPhoneNumber,
	        a.htmEmail,
	        a.htmAddress,
	        a.htmDetailedAddress,
	        a.htmZipCode,
	        a.htmRegDate,
	        a.htmGrade,
	        a.htmRegAgreeContentNy,
	        a.htmEditMemberDate,
	        a.htmDelNy,
	        a.htmDesc
		FROM
			newjeans.hotelmember a
		WHERE 1=1

		ORDER BY 
			a.htmSeq desc
 {executed in 0 msec} 
2024-09-16T18:18:02.201 [http-nio-8080-exec-6] DEBUG j.sqltiming -  com.zaxxer.hikari.pool.ProxyPreparedStatement.execute(ProxyPreparedStatement.java:44)
11. SELECT  
			a.htmSeq,
	        a.htmUserName,
	        a.htmGender,
	        a.htmBirth,
	        a.htmId,
	        a.htmPassword,
	        a.htmPhoneNumber,
	        a.htmEmail,
	        a.htmAddress,
	        a.htmDetailedAddress,
	        a.htmZipCode,
	        a.htmRegDate,
	        a.htmGrade,
	        a.htmRegAgreeContentNy,
	        a.htmEditMemberDate,
	        a.htmDelNy,
	        a.htmDesc
		FROM
			newjeans.hotelmember a
		WHERE 1=1

		ORDER BY 
			a.htmSeq desc
 {executed in 1 msec} 
2024-09-16T18:19:01.772 [http-nio-8080-exec-2] DEBUG j.sqltiming -  com.zaxxer.hikari.pool.ProxyPreparedStatement.execute(ProxyPreparedStatement.java:44)
11. SELECT  
			a.htmSeq,
	        a.htmUserName,
	        a.htmGender,
	        a.htmBirth,
	        a.htmId,
	        a.htmPassword,
	        a.htmPhoneNumber,
	        a.htmEmail,
	        a.htmAddress,
	        a.htmDetailedAddress,
	        a.htmZipCode,
	        a.htmRegDate,
	        a.htmGrade,
	        a.htmRegAgreeContentNy,
	        a.htmEditMemberDate,
	        a.htmDelNy,
	        a.htmDesc
		FROM
			newjeans.hotelmember a
		WHERE 1=1

		ORDER BY 
			a.htmSeq desc
 {executed in 1 msec} 
2024-09-16T18:19:12.338 [http-nio-8080-exec-9] DEBUG j.sqltiming -  com.zaxxer.hikari.pool.ProxyPreparedStatement.execute(ProxyPreparedStatement.java:44)
11. SELECT  
			a.htmSeq,
	        a.htmUserName,
	        a.htmGender,
	        a.htmBirth,
	        a.htmId,
	        a.htmPassword,
	        a.htmPhoneNumber,
	        a.htmEmail,
	        a.htmAddress,
	        a.htmDetailedAddress,
	        a.htmZipCode,
	        a.htmRegDate,
	        a.htmGrade,
	        a.htmRegAgreeContentNy,
	        a.htmEditMemberDate,
	        a.htmDelNy,
	        a.htmDesc
		FROM
			newjeans.hotelmember a
		WHERE 1=1

		ORDER BY 
			a.htmSeq desc
 {executed in 2 msec} 
2024-09-16T18:20:01.438 [http-nio-8080-exec-6] DEBUG j.sqltiming -  com.zaxxer.hikari.pool.ProxyPreparedStatement.execute(ProxyPreparedStatement.java:44)
11. SELECT  
			a.ifcgSeq,
	        a.ifcgName,
	        a.ifcgUseNy,
	        a.ifcgOrder,
	        a.ifcgDelNy,
	        a.ifcgDesc,
	        a.regDateTime,
	        a.regDateTimeRevise,
	        (select count(ifcdSeq) from Code b where 1=1 and b.codegroup_ifcgSeq = a.ifcgSeq) as count 
		FROM
			newjeans.codegroup a
		WHERE 1=1

		ORDER BY 
			a.ifcgSeq desc
 {executed in 4 msec} 
2024-09-16T18:23:43.004 [File Watcher] INFO o.s.b.d.a.LocalDevToolsAutoConfiguration$RestartingClassPathChangeChangedEventListener - Restarting due to 29 class path changes (0 additions, 0 deletions, 29 modifications) 
2024-09-16T18:23:43.008 [Thread-5] INFO o.a.c.h.Http11NioProtocol - Stopping ProtocolHandler ["http-nio-8080"] 
2024-09-16T18:23:43.127 [Thread-5] INFO c.z.h.HikariDataSource - HikariPool-1 - Shutdown initiated... 
2024-09-16T18:23:43.134 [Thread-5] INFO c.z.h.HikariDataSource - HikariPool-1 - Shutdown completed. 
2024-09-16T18:23:43.243 [restartedMain] INFO c.a.NewjeansApplication - Starting NewjeansApplication using Java 17.0.11 with PID 9664 (C:\factory\ws_sts4_4240\repo_newjeans\newjeans\bin\main started by USER in C:\factory\ws_sts4_4240\repo_newjeans\newjeans) 
2024-09-16T18:23:43.243 [restartedMain] INFO c.a.NewjeansApplication - No active profile set, falling back to 1 default profile: "default" 
2024-09-16T18:23:43.609 [restartedMain] INFO o.s.b.w.e.t.TomcatWebServer - Tomcat initialized with port 8080 (http) 
2024-09-16T18:23:43.609 [restartedMain] INFO o.a.c.h.Http11NioProtocol - Initializing ProtocolHandler ["http-nio-8080"] 
2024-09-16T18:23:43.610 [restartedMain] INFO o.a.c.c.StandardService - Starting service [Tomcat] 
2024-09-16T18:23:43.610 [restartedMain] INFO o.a.c.c.StandardEngine - Starting Servlet engine: [Apache Tomcat/10.1.28] 
2024-09-16T18:23:43.638 [restartedMain] INFO o.a.c.c.C.[.[.[/] - Initializing Spring embedded WebApplicationContext 
2024-09-16T18:23:43.639 [restartedMain] INFO o.s.b.w.s.c.ServletWebServerApplicationContext - Root WebApplicationContext: initialization completed in 393 ms 
2024-09-16T18:23:43.833 [restartedMain] INFO o.s.b.d.a.OptionalLiveReloadServer - LiveReload server is running on port 35729 
2024-09-16T18:23:43.839 [restartedMain] INFO o.a.c.h.Http11NioProtocol - Starting ProtocolHandler ["http-nio-8080"] 
2024-09-16T18:23:43.845 [restartedMain] INFO o.s.b.w.e.t.TomcatWebServer - Tomcat started on port 8080 (http) with context path '/' 
2024-09-16T18:23:43.849 [restartedMain] INFO c.a.NewjeansApplication - Started NewjeansApplication in 0.654 seconds (process running for 3074.946) 
2024-09-16T18:23:43.851 [restartedMain] INFO o.s.b.d.a.ConditionEvaluationDeltaLoggingListener - Condition evaluation unchanged 
2024-09-16T18:23:45.972 [restartedMain] INFO c.a.NewjeansApplication - Starting NewjeansApplication using Java 17.0.11 with PID 15844 (C:\factory\ws_sts4_4240\repo_newjeans\newjeans\bin\main started by USER in C:\factory\ws_sts4_4240\repo_newjeans\newjeans) 
2024-09-16T18:23:45.973 [restartedMain] INFO c.a.NewjeansApplication - No active profile set, falling back to 1 default profile: "default" 
2024-09-16T18:23:46.020 [restartedMain] INFO o.s.b.d.e.DevToolsPropertyDefaultsPostProcessor - Devtools property defaults active! Set 'spring.devtools.add-properties' to 'false' to disable 
2024-09-16T18:23:46.021 [restartedMain] INFO o.s.b.d.e.DevToolsPropertyDefaultsPostProcessor - For additional web related logging consider setting the 'logging.level.web' property to 'DEBUG' 
2024-09-16T18:23:47.103 [restartedMain] INFO o.s.b.w.e.t.TomcatWebServer - Tomcat initialized with port 8080 (http) 
2024-09-16T18:23:47.117 [restartedMain] INFO o.a.c.h.Http11NioProtocol - Initializing ProtocolHandler ["http-nio-8080"] 
2024-09-16T18:23:47.122 [restartedMain] INFO o.a.c.c.StandardService - Starting service [Tomcat] 
2024-09-16T18:23:47.122 [restartedMain] INFO o.a.c.c.StandardEngine - Starting Servlet engine: [Apache Tomcat/10.1.28] 
2024-09-16T18:23:47.190 [restartedMain] INFO o.a.c.c.C.[.[.[/] - Initializing Spring embedded WebApplicationContext 
2024-09-16T18:23:47.191 [restartedMain] INFO o.s.b.w.s.c.ServletWebServerApplicationContext - Root WebApplicationContext: initialization completed in 1169 ms 
2024-09-16T18:23:47.943 [restartedMain] WARN o.s.b.d.a.OptionalLiveReloadServer - Unable to start LiveReload server 
2024-09-16T18:23:47.959 [restartedMain] INFO o.a.c.h.Http11NioProtocol - Starting ProtocolHandler ["http-nio-8080"] 
2024-09-16T18:23:47.964 [restartedMain] WARN o.s.b.w.s.c.AnnotationConfigServletWebServerApplicationContext - Exception encountered during context initialization - cancelling refresh attempt: org.springframework.context.ApplicationContextException: Failed to start bean 'webServerStartStop' 
2024-09-16T18:23:47.979 [restartedMain] INFO o.s.b.a.l.ConditionEvaluationReportLogger - 

Error starting ApplicationContext. To display the condition evaluation report re-run your application with 'debug' enabled. 
2024-09-16T18:23:48.002 [restartedMain] ERROR o.s.b.d.LoggingFailureAnalysisReporter - 

***************************
APPLICATION FAILED TO START
***************************

Description:

Web server failed to start. Port 8080 was already in use.

Action:

Identify and stop the process that's listening on port 8080 or configure this application to listen on another port.
 
2024-09-16T18:24:10.441 [restartedMain] INFO c.a.NewjeansApplication - Starting NewjeansApplication using Java 17.0.11 with PID 12936 (C:\factory\ws_sts4_4240\repo_newjeans\newjeans\bin\main started by USER in C:\factory\ws_sts4_4240\repo_newjeans\newjeans) 
2024-09-16T18:24:10.443 [restartedMain] INFO c.a.NewjeansApplication - No active profile set, falling back to 1 default profile: "default" 
2024-09-16T18:24:10.488 [restartedMain] INFO o.s.b.d.e.DevToolsPropertyDefaultsPostProcessor - Devtools property defaults active! Set 'spring.devtools.add-properties' to 'false' to disable 
2024-09-16T18:24:10.488 [restartedMain] INFO o.s.b.d.e.DevToolsPropertyDefaultsPostProcessor - For additional web related logging consider setting the 'logging.level.web' property to 'DEBUG' 
2024-09-16T18:24:11.566 [restartedMain] INFO o.s.b.w.e.t.TomcatWebServer - Tomcat initialized with port 8080 (http) 
2024-09-16T18:24:11.576 [restartedMain] INFO o.a.c.h.Http11NioProtocol - Initializing ProtocolHandler ["http-nio-8080"] 
2024-09-16T18:24:11.580 [restartedMain] INFO o.a.c.c.StandardService - Starting service [Tomcat] 
2024-09-16T18:24:11.580 [restartedMain] INFO o.a.c.c.StandardEngine - Starting Servlet engine: [Apache Tomcat/10.1.28] 
2024-09-16T18:24:11.648 [restartedMain] INFO o.a.c.c.C.[.[.[/] - Initializing Spring embedded WebApplicationContext 
2024-09-16T18:24:11.648 [restartedMain] INFO o.s.b.w.s.c.ServletWebServerApplicationContext - Root WebApplicationContext: initialization completed in 1159 ms 
2024-09-16T18:24:12.379 [restartedMain] WARN o.s.b.d.a.OptionalLiveReloadServer - Unable to start LiveReload server 
2024-09-16T18:24:12.396 [restartedMain] INFO o.a.c.h.Http11NioProtocol - Starting ProtocolHandler ["http-nio-8080"] 
2024-09-16T18:24:12.401 [restartedMain] WARN o.s.b.w.s.c.AnnotationConfigServletWebServerApplicationContext - Exception encountered during context initialization - cancelling refresh attempt: org.springframework.context.ApplicationContextException: Failed to start bean 'webServerStartStop' 
2024-09-16T18:24:12.418 [restartedMain] INFO o.s.b.a.l.ConditionEvaluationReportLogger - 

Error starting ApplicationContext. To display the condition evaluation report re-run your application with 'debug' enabled. 
2024-09-16T18:24:12.442 [restartedMain] ERROR o.s.b.d.LoggingFailureAnalysisReporter - 

***************************
APPLICATION FAILED TO START
***************************

Description:

Web server failed to start. Port 8080 was already in use.

Action:

Identify and stop the process that's listening on port 8080 or configure this application to listen on another port.
 
2024-09-16T18:25:29.138 [restartedMain] INFO c.a.NewjeansApplication - Starting NewjeansApplication using Java 17.0.11 with PID 27608 (C:\factory\ws_sts4_4240\repo_newjeans\newjeans\bin\main started by USER in C:\factory\ws_sts4_4240\repo_newjeans\newjeans) 
2024-09-16T18:25:29.140 [restartedMain] INFO c.a.NewjeansApplication - No active profile set, falling back to 1 default profile: "default" 
2024-09-16T18:25:29.208 [restartedMain] INFO o.s.b.d.e.DevToolsPropertyDefaultsPostProcessor - Devtools property defaults active! Set 'spring.devtools.add-properties' to 'false' to disable 
2024-09-16T18:25:29.208 [restartedMain] INFO o.s.b.d.e.DevToolsPropertyDefaultsPostProcessor - For additional web related logging consider setting the 'logging.level.web' property to 'DEBUG' 
2024-09-16T18:25:30.456 [restartedMain] INFO o.s.b.w.e.t.TomcatWebServer - Tomcat initialized with port 8080 (http) 
2024-09-16T18:25:30.468 [restartedMain] INFO o.a.c.h.Http11NioProtocol - Initializing ProtocolHandler ["http-nio-8080"] 
2024-09-16T18:25:30.472 [restartedMain] INFO o.a.c.c.StandardService - Starting service [Tomcat] 
2024-09-16T18:25:30.472 [restartedMain] INFO o.a.c.c.StandardEngine - Starting Servlet engine: [Apache Tomcat/10.1.28] 
2024-09-16T18:25:30.539 [restartedMain] INFO o.a.c.c.C.[.[.[/] - Initializing Spring embedded WebApplicationContext 
2024-09-16T18:25:30.540 [restartedMain] INFO o.s.b.w.s.c.ServletWebServerApplicationContext - Root WebApplicationContext: initialization completed in 1331 ms 
2024-09-16T18:25:31.397 [restartedMain] WARN o.s.b.d.a.OptionalLiveReloadServer - Unable to start LiveReload server 
2024-09-16T18:25:31.417 [restartedMain] INFO o.a.c.h.Http11NioProtocol - Starting ProtocolHandler ["http-nio-8080"] 
2024-09-16T18:25:31.422 [restartedMain] WARN o.s.b.w.s.c.AnnotationConfigServletWebServerApplicationContext - Exception encountered during context initialization - cancelling refresh attempt: org.springframework.context.ApplicationContextException: Failed to start bean 'webServerStartStop' 
2024-09-16T18:25:31.441 [restartedMain] INFO o.s.b.a.l.ConditionEvaluationReportLogger - 

Error starting ApplicationContext. To display the condition evaluation report re-run your application with 'debug' enabled. 
2024-09-16T18:25:31.471 [restartedMain] ERROR o.s.b.d.LoggingFailureAnalysisReporter - 

***************************
APPLICATION FAILED TO START
***************************

Description:

Web server failed to start. Port 8080 was already in use.

Action:

Identify and stop the process that's listening on port 8080 or configure this application to listen on another port.
 
2024-09-16T18:26:47.944 [restartedMain] INFO c.a.NewjeansApplication - Starting NewjeansApplication using Java 17.0.11 with PID 14480 (C:\factory\ws_sts4_4240\repo_newjeans\newjeans\bin\main started by USER in C:\factory\ws_sts4_4240\repo_newjeans\newjeans) 
2024-09-16T18:26:47.946 [restartedMain] INFO c.a.NewjeansApplication - No active profile set, falling back to 1 default profile: "default" 
2024-09-16T18:26:47.997 [restartedMain] INFO o.s.b.d.e.DevToolsPropertyDefaultsPostProcessor - Devtools property defaults active! Set 'spring.devtools.add-properties' to 'false' to disable 
2024-09-16T18:26:47.997 [restartedMain] INFO o.s.b.d.e.DevToolsPropertyDefaultsPostProcessor - For additional web related logging consider setting the 'logging.level.web' property to 'DEBUG' 
2024-09-16T18:26:49.230 [restartedMain] INFO o.s.b.w.e.t.TomcatWebServer - Tomcat initialized with port 8080 (http) 
2024-09-16T18:26:49.240 [restartedMain] INFO o.a.c.h.Http11NioProtocol - Initializing ProtocolHandler ["http-nio-8080"] 
2024-09-16T18:26:49.244 [restartedMain] INFO o.a.c.c.StandardService - Starting service [Tomcat] 
2024-09-16T18:26:49.244 [restartedMain] INFO o.a.c.c.StandardEngine - Starting Servlet engine: [Apache Tomcat/10.1.28] 
2024-09-16T18:26:49.328 [restartedMain] INFO o.a.c.c.C.[.[.[/] - Initializing Spring embedded WebApplicationContext 
2024-09-16T18:26:49.329 [restartedMain] INFO o.s.b.w.s.c.ServletWebServerApplicationContext - Root WebApplicationContext: initialization completed in 1331 ms 
2024-09-16T18:26:50.116 [restartedMain] WARN o.s.b.d.a.OptionalLiveReloadServer - Unable to start LiveReload server 
2024-09-16T18:26:50.134 [restartedMain] INFO o.a.c.h.Http11NioProtocol - Starting ProtocolHandler ["http-nio-8080"] 
2024-09-16T18:26:50.138 [restartedMain] WARN o.s.b.w.s.c.AnnotationConfigServletWebServerApplicationContext - Exception encountered during context initialization - cancelling refresh attempt: org.springframework.context.ApplicationContextException: Failed to start bean 'webServerStartStop' 
2024-09-16T18:26:50.156 [restartedMain] INFO o.s.b.a.l.ConditionEvaluationReportLogger - 

Error starting ApplicationContext. To display the condition evaluation report re-run your application with 'debug' enabled. 
2024-09-16T18:26:50.179 [restartedMain] ERROR o.s.b.d.LoggingFailureAnalysisReporter - 

***************************
APPLICATION FAILED TO START
***************************

Description:

Web server failed to start. Port 8080 was already in use.

Action:

Identify and stop the process that's listening on port 8080 or configure this application to listen on another port.
 
2024-09-16T18:30:51.535 [restartedMain] INFO c.a.NewjeansApplication - Starting NewjeansApplication using Java 17.0.11 with PID 33568 (C:\factory\ws_sts4_4240\repo_newjeans\newjeans\bin\main started by USER in C:\factory\ws_sts4_4240\repo_newjeans\newjeans) 
2024-09-16T18:30:51.537 [restartedMain] INFO c.a.NewjeansApplication - No active profile set, falling back to 1 default profile: "default" 
2024-09-16T18:30:51.584 [restartedMain] INFO o.s.b.d.e.DevToolsPropertyDefaultsPostProcessor - Devtools property defaults active! Set 'spring.devtools.add-properties' to 'false' to disable 
2024-09-16T18:30:51.584 [restartedMain] INFO o.s.b.d.e.DevToolsPropertyDefaultsPostProcessor - For additional web related logging consider setting the 'logging.level.web' property to 'DEBUG' 
2024-09-16T18:30:52.967 [restartedMain] INFO o.s.b.w.e.t.TomcatWebServer - Tomcat initialized with port 8080 (http) 
2024-09-16T18:30:52.976 [restartedMain] INFO o.a.c.h.Http11NioProtocol - Initializing ProtocolHandler ["http-nio-8080"] 
2024-09-16T18:30:52.980 [restartedMain] INFO o.a.c.c.StandardService - Starting service [Tomcat] 
2024-09-16T18:30:52.981 [restartedMain] INFO o.a.c.c.StandardEngine - Starting Servlet engine: [Apache Tomcat/10.1.28] 
2024-09-16T18:30:53.043 [restartedMain] INFO o.a.c.c.C.[.[.[/] - Initializing Spring embedded WebApplicationContext 
2024-09-16T18:30:53.044 [restartedMain] INFO o.s.b.w.s.c.ServletWebServerApplicationContext - Root WebApplicationContext: initialization completed in 1459 ms 
2024-09-16T18:30:53.955 [restartedMain] WARN o.s.b.d.a.OptionalLiveReloadServer - Unable to start LiveReload server 
2024-09-16T18:30:53.973 [restartedMain] INFO o.a.c.h.Http11NioProtocol - Starting ProtocolHandler ["http-nio-8080"] 
2024-09-16T18:30:53.977 [restartedMain] WARN o.s.b.w.s.c.AnnotationConfigServletWebServerApplicationContext - Exception encountered during context initialization - cancelling refresh attempt: org.springframework.context.ApplicationContextException: Failed to start bean 'webServerStartStop' 
2024-09-16T18:30:53.995 [restartedMain] INFO o.s.b.a.l.ConditionEvaluationReportLogger - 

Error starting ApplicationContext. To display the condition evaluation report re-run your application with 'debug' enabled. 
2024-09-16T18:30:54.024 [restartedMain] ERROR o.s.b.d.LoggingFailureAnalysisReporter - 

***************************
APPLICATION FAILED TO START
***************************

Description:

Web server failed to start. Port 8080 was already in use.

Action:

Identify and stop the process that's listening on port 8080 or configure this application to listen on another port.
 
2024-09-16T18:33:26.138 [restartedMain] INFO c.a.NewjeansApplication - Starting NewjeansApplication using Java 17.0.11 with PID 17120 (C:\factory\ws_sts4_4240\repo_newjeans\newjeans\bin\main started by USER in C:\factory\ws_sts4_4240\repo_newjeans\newjeans) 
2024-09-16T18:33:26.139 [restartedMain] INFO c.a.NewjeansApplication - No active profile set, falling back to 1 default profile: "default" 
2024-09-16T18:33:26.184 [restartedMain] INFO o.s.b.d.e.DevToolsPropertyDefaultsPostProcessor - Devtools property defaults active! Set 'spring.devtools.add-properties' to 'false' to disable 
2024-09-16T18:33:26.184 [restartedMain] INFO o.s.b.d.e.DevToolsPropertyDefaultsPostProcessor - For additional web related logging consider setting the 'logging.level.web' property to 'DEBUG' 
2024-09-16T18:33:27.741 [restartedMain] INFO o.s.b.w.e.t.TomcatWebServer - Tomcat initialized with port 8080 (http) 
2024-09-16T18:33:27.751 [restartedMain] INFO o.a.c.h.Http11NioProtocol - Initializing ProtocolHandler ["http-nio-8080"] 
2024-09-16T18:33:27.754 [restartedMain] INFO o.a.c.c.StandardService - Starting service [Tomcat] 
2024-09-16T18:33:27.755 [restartedMain] INFO o.a.c.c.StandardEngine - Starting Servlet engine: [Apache Tomcat/10.1.28] 
2024-09-16T18:33:27.817 [restartedMain] INFO o.a.c.c.C.[.[.[/] - Initializing Spring embedded WebApplicationContext 
2024-09-16T18:33:27.818 [restartedMain] INFO o.s.b.w.s.c.ServletWebServerApplicationContext - Root WebApplicationContext: initialization completed in 1633 ms 
2024-09-16T18:33:28.947 [restartedMain] INFO o.s.b.d.a.OptionalLiveReloadServer - LiveReload server is running on port 35729 
2024-09-16T18:33:28.962 [restartedMain] INFO o.a.c.h.Http11NioProtocol - Starting ProtocolHandler ["http-nio-8080"] 
2024-09-16T18:33:28.983 [restartedMain] INFO o.s.b.w.e.t.TomcatWebServer - Tomcat started on port 8080 (http) with context path '/' 
2024-09-16T18:33:28.992 [restartedMain] INFO c.a.NewjeansApplication - Started NewjeansApplication in 3.627 seconds (process running for 4.619) 
2024-09-16T18:35:20.207 [http-nio-8080-exec-1] INFO o.a.c.c.C.[.[.[/] - Initializing Spring DispatcherServlet 'dispatcherServlet' 
2024-09-16T18:35:20.208 [http-nio-8080-exec-1] INFO o.s.w.s.DispatcherServlet - Initializing Servlet 'dispatcherServlet' 
2024-09-16T18:35:20.209 [http-nio-8080-exec-1] INFO o.s.w.s.DispatcherServlet - Completed initialization in 1 ms 
2024-09-16T18:35:20.444 [http-nio-8080-exec-1] INFO c.z.h.HikariDataSource - HikariPool-1 - Starting... 
2024-09-16T18:35:21.091 [http-nio-8080-exec-1] INFO c.z.h.p.HikariPool - HikariPool-1 - Added connection net.sf.log4jdbc.sql.jdbcapi.ConnectionSpy@55672ce8 
2024-09-16T18:35:21.095 [http-nio-8080-exec-1] INFO c.z.h.HikariDataSource - HikariPool-1 - Start completed. 
2024-09-16T18:35:21.159 [http-nio-8080-exec-1] DEBUG j.sqltiming -  com.zaxxer.hikari.pool.ProxyPreparedStatement.execute(ProxyPreparedStatement.java:44)
1. SELECT  
			a.htmSeq,
	        a.htmUserName,
	        a.htmGender,
	        a.htmBirth,
	        a.htmId,
	        a.htmPassword,
	        a.htmPhoneNumber,
	        a.htmEmail,
	        a.htmAddress,
	        a.htmDetailedAddress,
	        a.htmZipCode,
	        a.htmRegDate,
	        a.htmGrade,
	        a.htmRegAgreeContentNy,
	        a.htmEditMemberDate,
	        a.htmDelNy,
	        a.htmDesc
		FROM
			newjeans.hotelmember a
		WHERE 1=1

		ORDER BY 
			a.htmSeq desc
 {executed in 23 msec} 
2024-09-16T18:42:18.254 [http-nio-8080-exec-5] DEBUG j.sqltiming -  com.zaxxer.hikari.pool.ProxyPreparedStatement.execute(ProxyPreparedStatement.java:44)
1. SELECT  
			a.htmSeq,
	        a.htmUserName,
	        a.htmGender,
	        a.htmBirth,
	        a.htmId,
	        a.htmPassword,
	        a.htmPhoneNumber,
	        a.htmEmail,
	        a.htmAddress,
	        a.htmDetailedAddress,
	        a.htmZipCode,
	        a.htmRegDate,
	        a.htmGrade,
	        a.htmRegAgreeContentNy,
	        a.htmEditMemberDate,
	        a.htmDelNy,
	        a.htmDesc
		FROM
			newjeans.hotelmember a
		WHERE 1=1

		ORDER BY 
			a.htmSeq desc
 {executed in 0 msec} 
2024-09-16T18:42:32.738 [http-nio-8080-exec-8] DEBUG j.sqltiming -  com.zaxxer.hikari.pool.ProxyPreparedStatement.execute(ProxyPreparedStatement.java:44)
1. SELECT  
			a.htmSeq,
	        a.htmUserName,
	        a.htmGender,
	        a.htmBirth,
	        a.htmId,
	        a.htmPassword,
	        a.htmPhoneNumber,
	        a.htmEmail,
	        a.htmAddress,
	        a.htmDetailedAddress,
	        a.htmZipCode,
	        a.htmRegDate,
	        a.htmGrade,
	        a.htmRegAgreeContentNy,
	        a.htmEditMemberDate,
	        a.htmDelNy,
	        a.htmDesc
		FROM
			newjeans.hotelmember a
		WHERE 1=1

		ORDER BY 
			a.htmSeq desc
 {executed in 1 msec} 
2024-09-16T18:43:50.963 [http-nio-8080-exec-7] DEBUG j.sqltiming -  com.zaxxer.hikari.pool.ProxyPreparedStatement.execute(ProxyPreparedStatement.java:44)
1. SELECT  
			a.htmSeq,
	        a.htmUserName,
	        a.htmGender,
	        a.htmBirth,
	        a.htmId,
	        a.htmPassword,
	        a.htmPhoneNumber,
	        a.htmEmail,
	        a.htmAddress,
	        a.htmDetailedAddress,
	        a.htmZipCode,
	        a.htmRegDate,
	        a.htmGrade,
	        a.htmRegAgreeContentNy,
	        a.htmEditMemberDate,
	        a.htmDelNy,
	        a.htmDesc
		FROM
			newjeans.hotelmember a
		WHERE 1=1

		ORDER BY 
			a.htmSeq desc
 {executed in 1 msec} 
2024-09-16T18:43:57.255 [http-nio-8080-exec-8] DEBUG j.sqltiming -  com.zaxxer.hikari.pool.ProxyPreparedStatement.execute(ProxyPreparedStatement.java:44)
1. SELECT  
			a.htmSeq,
	        a.htmUserName,
	        a.htmGender,
	        a.htmBirth,
	        a.htmId,
	        a.htmPassword,
	        a.htmPhoneNumber,
	        a.htmEmail,
	        a.htmAddress,
	        a.htmDetailedAddress,
	        a.htmZipCode,
	        a.htmRegDate,
	        a.htmGrade,
	        a.htmRegAgreeContentNy,
	        a.htmEditMemberDate,
	        a.htmDelNy,
	        a.htmDesc
		FROM
			newjeans.hotelmember a
		WHERE 1=1

		ORDER BY 
			a.htmSeq desc
 {executed in 0 msec} 
2024-09-16T18:58:48.163 [http-nio-8080-exec-1] DEBUG j.sqltiming -  com.zaxxer.hikari.pool.ProxyPreparedStatement.execute(ProxyPreparedStatement.java:44)
1. SELECT  
			a.htmSeq,
	        a.htmUserName,
	        a.htmGender,
	        a.htmBirth,
	        a.htmId,
	        a.htmPassword,
	        a.htmPhoneNumber,
	        a.htmEmail,
	        a.htmAddress,
	        a.htmDetailedAddress,
	        a.htmZipCode,
	        a.htmRegDate,
	        a.htmGrade,
	        a.htmRegAgreeContentNy,
	        a.htmEditMemberDate,
	        a.htmDelNy,
	        a.htmDesc
		FROM
			newjeans.hotelmember a
		WHERE 1=1

		ORDER BY 
			a.htmSeq desc
 {executed in 1 msec} 
2024-09-16T18:59:13.069 [http-nio-8080-exec-3] DEBUG j.sqltiming -  com.zaxxer.hikari.pool.ProxyPreparedStatement.execute(ProxyPreparedStatement.java:44)
1. SELECT  
			a.htmSeq,
	        a.htmUserName,
	        a.htmGender,
	        a.htmBirth,
	        a.htmId,
	        a.htmPassword,
	        a.htmPhoneNumber,
	        a.htmEmail,
	        a.htmAddress,
	        a.htmDetailedAddress,
	        a.htmZipCode,
	        a.htmRegDate,
	        a.htmGrade,
	        a.htmRegAgreeContentNy,
	        a.htmEditMemberDate,
	        a.htmDelNy,
	        a.htmDesc
		FROM
			newjeans.hotelmember a
		WHERE 1=1

		ORDER BY 
			a.htmSeq desc
 {executed in 1 msec} 
