2024-09-22T19:49:54.952 [restartedMain] INFO c.a.NewjeansApplication - Starting NewjeansApplication using Java 17.0.11 with PID 36652 (C:\factory\ws_sts4_4240\repo_newjeans\newjeans\bin\main started by USER in C:\factory\ws_sts4_4240\repo_newjeans\newjeans) 
2024-09-22T19:49:54.953 [restartedMain] INFO c.a.NewjeansApplication - No active profile set, falling back to 1 default profile: "default" 
2024-09-22T19:49:55.000 [restartedMain] INFO o.s.b.d.e.DevToolsPropertyDefaultsPostProcessor - Devtools property defaults active! Set 'spring.devtools.add-properties' to 'false' to disable 
2024-09-22T19:49:55.001 [restartedMain] INFO o.s.b.d.e.DevToolsPropertyDefaultsPostProcessor - For additional web related logging consider setting the 'logging.level.web' property to 'DEBUG' 
2024-09-22T19:49:56.220 [restartedMain] INFO o.s.b.w.e.t.TomcatWebServer - Tomcat initialized with port 8080 (http) 
2024-09-22T19:49:56.231 [restartedMain] INFO o.a.c.h.Http11NioProtocol - Initializing ProtocolHandler ["http-nio-8080"] 
2024-09-22T19:49:56.236 [restartedMain] INFO o.a.c.c.StandardService - Starting service [Tomcat] 
2024-09-22T19:49:56.236 [restartedMain] INFO o.a.c.c.StandardEngine - Starting Servlet engine: [Apache Tomcat/10.1.28] 
2024-09-22T19:49:56.306 [restartedMain] INFO o.a.c.c.C.[.[.[/] - Initializing Spring embedded WebApplicationContext 
2024-09-22T19:49:56.306 [restartedMain] INFO o.s.b.w.s.c.ServletWebServerApplicationContext - Root WebApplicationContext: initialization completed in 1305 ms 
2024-09-22T19:49:57.140 [restartedMain] INFO o.s.b.d.a.OptionalLiveReloadServer - LiveReload server is running on port 35729 
2024-09-22T19:49:57.157 [restartedMain] INFO o.a.c.h.Http11NioProtocol - Starting ProtocolHandler ["http-nio-8080"] 
2024-09-22T19:49:57.183 [restartedMain] INFO o.s.b.w.e.t.TomcatWebServer - Tomcat started on port 8080 (http) with context path '/' 
2024-09-22T19:49:57.192 [restartedMain] INFO c.a.NewjeansApplication - Started NewjeansApplication in 2.621 seconds (process running for 3.557) 
2024-09-22T19:50:53.217 [http-nio-8080-exec-1] INFO o.a.c.c.C.[.[.[/] - Initializing Spring DispatcherServlet 'dispatcherServlet' 
2024-09-22T19:50:53.218 [http-nio-8080-exec-1] INFO o.s.w.s.DispatcherServlet - Initializing Servlet 'dispatcherServlet' 
2024-09-22T19:50:53.219 [http-nio-8080-exec-1] INFO o.s.w.s.DispatcherServlet - Completed initialization in 1 ms 
2024-09-22T19:50:53.314 [http-nio-8080-exec-1] INFO c.z.h.HikariDataSource - HikariPool-1 - Starting... 
2024-09-22T19:50:53.665 [http-nio-8080-exec-1] INFO c.z.h.p.HikariPool - HikariPool-1 - Added connection net.sf.log4jdbc.sql.jdbcapi.ConnectionSpy@6cdac03a 
2024-09-22T19:50:53.668 [http-nio-8080-exec-1] INFO c.z.h.HikariDataSource - HikariPool-1 - Start completed. 
2024-09-22T19:50:53.699 [http-nio-8080-exec-1] DEBUG j.sqltiming -  com.zaxxer.hikari.pool.ProxyPreparedStatement.execute(ProxyPreparedStatement.java:44)
1. select
		 	a.htseq,
		    a.htName,
		    a.htAddress,
		    a.htcountry,
		    a.htDesc,
		    a.htDelNy,
		    a.htRegDate,
		    a.htReviseDate,
		    a.htNotice,
		    a.htMap,
		    a.htInclusionItems,
		    a.htNameSearch,
		    a.htPriceSearch,
		    a.htStarSearch,
		    a.htClassSearch,
		    a.htRestaurantNy,
		    a.htSpaNy,
		    a.htFitnessCenterNy,
		    a.htPoolNy,
		    a.htloungeNy,
		    a.htStockRoomNy,
		    a.htParkingNy,
		    a.htShuttleBusNy,
		    a.htBreakfastNy,
		    a.htRoomServiceNy,
		    a.htElseNy
		from
		    hotel a
		where 1=1

		order by
			a.htseq desc
 {executed in 11 msec} 
2024-09-22T19:55:20.483 [http-nio-8080-exec-1] DEBUG j.sqltiming -  com.zaxxer.hikari.pool.ProxyPreparedStatement.execute(ProxyPreparedStatement.java:44)
1. select
		 	a.htseq,
		    a.htName,
		    a.htAddress,
		    a.htcountry,
		    a.htDesc,
		    a.htDelNy,
		    a.htRegDate,
		    a.htReviseDate,
		    a.htNotice,
		    a.htMap,
		    a.htInclusionItems,
		    a.htNameSearch,
		    a.htPriceSearch,
		    a.htStarSearch,
		    a.htClassSearch,
		    a.htRestaurantNy,
		    a.htSpaNy,
		    a.htFitnessCenterNy,
		    a.htPoolNy,
		    a.htloungeNy,
		    a.htStockRoomNy,
		    a.htParkingNy,
		    a.htShuttleBusNy,
		    a.htBreakfastNy,
		    a.htRoomServiceNy,
		    a.htElseNy
		from
		    hotel a
		where 1=1

		order by
			a.htseq desc
 {executed in 1 msec} 
2024-09-22T19:55:28.419 [http-nio-8080-exec-9] DEBUG j.sqltiming -  com.zaxxer.hikari.pool.ProxyPreparedStatement.execute(ProxyPreparedStatement.java:44)
1. select  
		 	a.htseq,
		    a.htName,
		    a.htAddress,
		    a.htcountry,
		    a.htDesc,
		    a.htDelNy,
		    a.htRegDate,
		    a.htReviseDate,
		    a.htNotice,
		    a.htMap,
		    a.htInclusionItems,
		    a.htNameSearch,
		    a.htPriceSearch,
		    a.htStarSearch,
		    a.htClassSearch,
		    a.htRestaurantNy,
		    a.htSpaNy,
		    a.htFitnessCenterNy,
		    a.htPoolNy,
		    a.htloungeNy,
		    a.htStockRoomNy,
		    a.htParkingNy,
		    a.htShuttleBusNy,
		    a.htBreakfastNy,
		    a.htRoomServiceNy,
		    a.htElseNy
		from
			hotel a
	    where 1=1
	    	AND a.htseq = '7'
 {executed in 1 msec} 
2024-09-22T19:55:36.413 [http-nio-8080-exec-6] DEBUG j.sqltiming -  com.zaxxer.hikari.pool.ProxyPreparedStatement.execute(ProxyPreparedStatement.java:44)
1. select  
		 	a.htseq,
		    a.htName,
		    a.htAddress,
		    a.htcountry,
		    a.htDesc,
		    a.htDelNy,
		    a.htRegDate,
		    a.htReviseDate,
		    a.htNotice,
		    a.htMap,
		    a.htInclusionItems,
		    a.htNameSearch,
		    a.htPriceSearch,
		    a.htStarSearch,
		    a.htClassSearch,
		    a.htRestaurantNy,
		    a.htSpaNy,
		    a.htFitnessCenterNy,
		    a.htPoolNy,
		    a.htloungeNy,
		    a.htStockRoomNy,
		    a.htParkingNy,
		    a.htShuttleBusNy,
		    a.htBreakfastNy,
		    a.htRoomServiceNy,
		    a.htElseNy
		from
			hotel a
	    where 1=1
	    	AND a.htseq = '7'
 {executed in 0 msec} 
2024-09-22T19:56:28.160 [http-nio-8080-exec-1] DEBUG j.sqltiming -  com.zaxxer.hikari.pool.ProxyPreparedStatement.execute(ProxyPreparedStatement.java:44)
1. select  
		 	a.htseq,
		    a.htName,
		    a.htAddress,
		    a.htcountry,
		    a.htDesc,
		    a.htDelNy,
		    a.htRegDate,
		    a.htReviseDate,
		    a.htNotice,
		    a.htMap,
		    a.htInclusionItems,
		    a.htNameSearch,
		    a.htPriceSearch,
		    a.htStarSearch,
		    a.htClassSearch,
		    a.htRestaurantNy,
		    a.htSpaNy,
		    a.htFitnessCenterNy,
		    a.htPoolNy,
		    a.htloungeNy,
		    a.htStockRoomNy,
		    a.htParkingNy,
		    a.htShuttleBusNy,
		    a.htBreakfastNy,
		    a.htRoomServiceNy,
		    a.htElseNy
		from
			hotel a
	    where 1=1
	    	AND a.htseq = '7'
 {executed in 1 msec} 
2024-09-22T19:56:31.366 [http-nio-8080-exec-2] DEBUG j.sqltiming -  com.zaxxer.hikari.pool.ProxyPreparedStatement.execute(ProxyPreparedStatement.java:44)
1. select
		 	a.htseq,
		    a.htName,
		    a.htAddress,
		    a.htcountry,
		    a.htDesc,
		    a.htDelNy,
		    a.htRegDate,
		    a.htReviseDate,
		    a.htNotice,
		    a.htMap,
		    a.htInclusionItems,
		    a.htNameSearch,
		    a.htPriceSearch,
		    a.htStarSearch,
		    a.htClassSearch,
		    a.htRestaurantNy,
		    a.htSpaNy,
		    a.htFitnessCenterNy,
		    a.htPoolNy,
		    a.htloungeNy,
		    a.htStockRoomNy,
		    a.htParkingNy,
		    a.htShuttleBusNy,
		    a.htBreakfastNy,
		    a.htRoomServiceNy,
		    a.htElseNy
		from
		    hotel a
		where 1=1

		order by
			a.htseq desc
 {executed in 2 msec} 
2024-09-22T19:56:41.146 [http-nio-8080-exec-1] DEBUG j.sqltiming -  com.zaxxer.hikari.pool.ProxyPreparedStatement.execute(ProxyPreparedStatement.java:44)
1. select  
		 	a.htseq,
		    a.htName,
		    a.htAddress,
		    a.htcountry,
		    a.htDesc,
		    a.htDelNy,
		    a.htRegDate,
		    a.htReviseDate,
		    a.htNotice,
		    a.htMap,
		    a.htInclusionItems,
		    a.htNameSearch,
		    a.htPriceSearch,
		    a.htStarSearch,
		    a.htClassSearch,
		    a.htRestaurantNy,
		    a.htSpaNy,
		    a.htFitnessCenterNy,
		    a.htPoolNy,
		    a.htloungeNy,
		    a.htStockRoomNy,
		    a.htParkingNy,
		    a.htShuttleBusNy,
		    a.htBreakfastNy,
		    a.htRoomServiceNy,
		    a.htElseNy
		from
			hotel a
	    where 1=1
	    	AND a.htseq = '7'
 {executed in 1 msec} 
2024-09-22T19:57:36.829 [http-nio-8080-exec-5] DEBUG j.sqltiming -  com.zaxxer.hikari.pool.ProxyPreparedStatement.execute(ProxyPreparedStatement.java:44)
1. select  
		 	a.htseq,
		    a.htName,
		    a.htAddress,
		    a.htcountry,
		    a.htDesc,
		    a.htDelNy,
		    a.htRegDate,
		    a.htReviseDate,
		    a.htNotice,
		    a.htMap,
		    a.htInclusionItems,
		    a.htNameSearch,
		    a.htPriceSearch,
		    a.htStarSearch,
		    a.htClassSearch,
		    a.htRestaurantNy,
		    a.htSpaNy,
		    a.htFitnessCenterNy,
		    a.htPoolNy,
		    a.htloungeNy,
		    a.htStockRoomNy,
		    a.htParkingNy,
		    a.htShuttleBusNy,
		    a.htBreakfastNy,
		    a.htRoomServiceNy,
		    a.htElseNy
		from
			hotel a
	    where 1=1
	    	AND a.htseq = '7'
 {executed in 1 msec} 
2024-09-22T19:57:38.569 [http-nio-8080-exec-4] DEBUG j.sqltiming -  com.zaxxer.hikari.pool.ProxyPreparedStatement.execute(ProxyPreparedStatement.java:44)
1. select
		 	a.htseq,
		    a.htName,
		    a.htAddress,
		    a.htcountry,
		    a.htDesc,
		    a.htDelNy,
		    a.htRegDate,
		    a.htReviseDate,
		    a.htNotice,
		    a.htMap,
		    a.htInclusionItems,
		    a.htNameSearch,
		    a.htPriceSearch,
		    a.htStarSearch,
		    a.htClassSearch,
		    a.htRestaurantNy,
		    a.htSpaNy,
		    a.htFitnessCenterNy,
		    a.htPoolNy,
		    a.htloungeNy,
		    a.htStockRoomNy,
		    a.htParkingNy,
		    a.htShuttleBusNy,
		    a.htBreakfastNy,
		    a.htRoomServiceNy,
		    a.htElseNy
		from
		    hotel a
		where 1=1

		order by
			a.htseq desc
 {executed in 3 msec} 
2024-09-22T19:58:20.660 [http-nio-8080-exec-6] DEBUG j.sqltiming -  com.zaxxer.hikari.pool.ProxyPreparedStatement.execute(ProxyPreparedStatement.java:44)
1. select
		 	a.htseq,
		    a.htName,
		    a.htAddress,
		    a.htcountry,
		    a.htDesc,
		    a.htDelNy,
		    a.htRegDate,
		    a.htReviseDate,
		    a.htNotice,
		    a.htMap,
		    a.htInclusionItems,
		    a.htNameSearch,
		    a.htPriceSearch,
		    a.htStarSearch,
		    a.htClassSearch,
		    a.htRestaurantNy,
		    a.htSpaNy,
		    a.htFitnessCenterNy,
		    a.htPoolNy,
		    a.htloungeNy,
		    a.htStockRoomNy,
		    a.htParkingNy,
		    a.htShuttleBusNy,
		    a.htBreakfastNy,
		    a.htRoomServiceNy,
		    a.htElseNy
		from
		    hotel a
		where 1=1

		order by
			a.htseq desc
 {executed in 1 msec} 
2024-09-22T19:58:41.835 [http-nio-8080-exec-2] DEBUG j.sqltiming -  com.zaxxer.hikari.pool.ProxyPreparedStatement.execute(ProxyPreparedStatement.java:44)
1. select
		 	a.htseq,
		    a.htName,
		    a.htAddress,
		    a.htcountry,
		    a.htDesc,
		    a.htDelNy,
		    a.htRegDate,
		    a.htReviseDate,
		    a.htNotice,
		    a.htMap,
		    a.htInclusionItems,
		    a.htNameSearch,
		    a.htPriceSearch,
		    a.htStarSearch,
		    a.htClassSearch,
		    a.htRestaurantNy,
		    a.htSpaNy,
		    a.htFitnessCenterNy,
		    a.htPoolNy,
		    a.htloungeNy,
		    a.htStockRoomNy,
		    a.htParkingNy,
		    a.htShuttleBusNy,
		    a.htBreakfastNy,
		    a.htRoomServiceNy,
		    a.htElseNy
		from
		    hotel a
		where 1=1

		order by
			a.htseq desc
 {executed in 0 msec} 
2024-09-22T19:59:00.619 [http-nio-8080-exec-7] DEBUG j.sqltiming -  com.zaxxer.hikari.pool.ProxyPreparedStatement.execute(ProxyPreparedStatement.java:44)
1. select
		 	a.htseq,
		    a.htName,
		    a.htAddress,
		    a.htcountry,
		    a.htDesc,
		    a.htDelNy,
		    a.htRegDate,
		    a.htReviseDate,
		    a.htNotice,
		    a.htMap,
		    a.htInclusionItems,
		    a.htNameSearch,
		    a.htPriceSearch,
		    a.htStarSearch,
		    a.htClassSearch,
		    a.htRestaurantNy,
		    a.htSpaNy,
		    a.htFitnessCenterNy,
		    a.htPoolNy,
		    a.htloungeNy,
		    a.htStockRoomNy,
		    a.htParkingNy,
		    a.htShuttleBusNy,
		    a.htBreakfastNy,
		    a.htRoomServiceNy,
		    a.htElseNy
		from
		    hotel a
		where 1=1

		order by
			a.htseq desc
 {executed in 1 msec} 
