2024-09-16T15:53:32.525 [restartedMain] INFO c.a.NewjeansApplication - Starting NewjeansApplication using Java 17.0.11 with PID 1820 (C:\factory\ws_sts4_4240\repo_newjeans\newjeans\bin\main started by USER in C:\factory\ws_sts4_4240\repo_newjeans\newjeans) 
2024-09-16T15:53:32.527 [restartedMain] INFO c.a.NewjeansApplication - No active profile set, falling back to 1 default profile: "default" 
2024-09-16T15:53:32.581 [restartedMain] INFO o.s.b.d.e.DevToolsPropertyDefaultsPostProcessor - Devtools property defaults active! Set 'spring.devtools.add-properties' to 'false' to disable 
2024-09-16T15:53:32.582 [restartedMain] INFO o.s.b.d.e.DevToolsPropertyDefaultsPostProcessor - For additional web related logging consider setting the 'logging.level.web' property to 'DEBUG' 
2024-09-16T15:53:34.016 [restartedMain] INFO o.s.b.w.e.t.TomcatWebServer - Tomcat initialized with port 8080 (http) 
2024-09-16T15:53:34.030 [restartedMain] INFO o.a.c.h.Http11NioProtocol - Initializing ProtocolHandler ["http-nio-8080"] 
2024-09-16T15:53:34.034 [restartedMain] INFO o.a.c.c.StandardService - Starting service [Tomcat] 
2024-09-16T15:53:34.035 [restartedMain] INFO o.a.c.c.StandardEngine - Starting Servlet engine: [Apache Tomcat/10.1.28] 
2024-09-16T15:53:34.108 [restartedMain] INFO o.a.c.c.C.[.[.[/] - Initializing Spring embedded WebApplicationContext 
2024-09-16T15:53:34.109 [restartedMain] INFO o.s.b.w.s.c.ServletWebServerApplicationContext - Root WebApplicationContext: initialization completed in 1527 ms 
2024-09-16T15:53:35.159 [restartedMain] INFO o.s.b.d.a.OptionalLiveReloadServer - LiveReload server is running on port 35729 
2024-09-16T15:53:35.184 [restartedMain] INFO o.a.c.h.Http11NioProtocol - Starting ProtocolHandler ["http-nio-8080"] 
2024-09-16T15:53:35.224 [restartedMain] INFO o.s.b.w.e.t.TomcatWebServer - Tomcat started on port 8080 (http) with context path '/' 
2024-09-16T15:53:35.237 [restartedMain] INFO c.a.NewjeansApplication - Started NewjeansApplication in 3.121 seconds (process running for 4.291) 
2024-09-16T15:53:42.602 [http-nio-8080-exec-1] INFO o.a.c.c.C.[.[.[/] - Initializing Spring DispatcherServlet 'dispatcherServlet' 
2024-09-16T15:53:42.603 [http-nio-8080-exec-1] INFO o.s.w.s.DispatcherServlet - Initializing Servlet 'dispatcherServlet' 
2024-09-16T15:53:42.604 [http-nio-8080-exec-1] INFO o.s.w.s.DispatcherServlet - Completed initialization in 1 ms 
2024-09-16T15:54:01.859 [http-nio-8080-exec-3] INFO c.z.h.HikariDataSource - HikariPool-1 - Starting... 
2024-09-16T15:54:02.256 [http-nio-8080-exec-3] INFO c.z.h.p.HikariPool - HikariPool-1 - Added connection net.sf.log4jdbc.sql.jdbcapi.ConnectionSpy@2483e5a2 
2024-09-16T15:54:02.259 [http-nio-8080-exec-3] INFO c.z.h.HikariDataSource - HikariPool-1 - Start completed. 
2024-09-16T15:54:02.293 [http-nio-8080-exec-3] DEBUG j.sqltiming -  com.zaxxer.hikari.pool.ProxyPreparedStatement.execute(ProxyPreparedStatement.java:44)
1. SELECT  
			a.htmSeq,
	        a.htmUserName,
	        a.htmGender,
	        a.htmBirth,
	        a.htmId,
	        a.htmPassword,
	        a.htmPhoneNumber,
	        a.htmEmail,
	        a.htmAddress,
	        a.htmDetailedAddress,
	        a.htmZipCode,
	        a.htmRegDate,
	        a.htmGrade,
	        a.htmRegAgreeContentNy,
	        a.htmEditMemberDate,
	        a.htmDelNy,
	        a.htmDesc
		FROM
			newjeans.hotelmember a
		WHERE 1=1

		ORDER BY 
			a.htmSeq desc
 {executed in 11 msec} 
2024-09-16T15:56:38.385 [File Watcher] INFO o.s.b.d.a.LocalDevToolsAutoConfiguration$RestartingClassPathChangeChangedEventListener - Restarting due to 1 class path change (0 additions, 0 deletions, 1 modification) 
2024-09-16T15:56:38.389 [Thread-5] INFO o.a.c.h.Http11NioProtocol - Stopping ProtocolHandler ["http-nio-8080"] 
2024-09-16T15:56:39.414 [Thread-5] WARN o.a.t.u.n.Acceptor - The acceptor thread [http-nio-8080-Acceptor] did not stop cleanly 
2024-09-16T15:56:39.417 [Thread-5] INFO c.z.h.HikariDataSource - HikariPool-1 - Shutdown initiated... 
2024-09-16T15:56:39.427 [Thread-5] INFO c.z.h.HikariDataSource - HikariPool-1 - Shutdown completed. 
2024-09-16T15:56:39.536 [restartedMain] INFO c.a.NewjeansApplication - Starting NewjeansApplication using Java 17.0.11 with PID 1820 (C:\factory\ws_sts4_4240\repo_newjeans\newjeans\bin\main started by USER in C:\factory\ws_sts4_4240\repo_newjeans\newjeans) 
2024-09-16T15:56:39.537 [restartedMain] INFO c.a.NewjeansApplication - No active profile set, falling back to 1 default profile: "default" 
2024-09-16T15:56:39.890 [restartedMain] INFO o.s.b.w.e.t.TomcatWebServer - Tomcat initialized with port 8080 (http) 
2024-09-16T15:56:39.894 [restartedMain] INFO o.a.c.h.Http11NioProtocol - Initializing ProtocolHandler ["http-nio-8080"] 
2024-09-16T15:56:39.894 [restartedMain] INFO o.a.c.c.StandardService - Starting service [Tomcat] 
2024-09-16T15:56:39.894 [restartedMain] INFO o.a.c.c.StandardEngine - Starting Servlet engine: [Apache Tomcat/10.1.28] 
2024-09-16T15:56:39.930 [restartedMain] INFO o.a.c.c.C.[.[.[/] - Initializing Spring embedded WebApplicationContext 
2024-09-16T15:56:39.930 [restartedMain] INFO o.s.b.w.s.c.ServletWebServerApplicationContext - Root WebApplicationContext: initialization completed in 390 ms 
2024-09-16T15:56:40.137 [restartedMain] INFO o.s.b.d.a.OptionalLiveReloadServer - LiveReload server is running on port 35729 
2024-09-16T15:56:40.145 [restartedMain] INFO o.a.c.h.Http11NioProtocol - Starting ProtocolHandler ["http-nio-8080"] 
2024-09-16T15:56:40.150 [restartedMain] INFO o.s.b.w.e.t.TomcatWebServer - Tomcat started on port 8080 (http) with context path '/' 
2024-09-16T15:56:40.156 [restartedMain] INFO c.a.NewjeansApplication - Started NewjeansApplication in 0.67 seconds (process running for 189.209) 
2024-09-16T15:56:40.158 [restartedMain] INFO o.s.b.d.a.ConditionEvaluationDeltaLoggingListener - Condition evaluation unchanged 
2024-09-16T15:57:12.254 [File Watcher] INFO o.s.b.d.a.LocalDevToolsAutoConfiguration$RestartingClassPathChangeChangedEventListener - Restarting due to 1 class path change (0 additions, 0 deletions, 1 modification) 
2024-09-16T15:57:12.255 [Thread-7] INFO o.a.c.h.Http11NioProtocol - Stopping ProtocolHandler ["http-nio-8080"] 
2024-09-16T15:57:12.460 [restartedMain] INFO c.a.NewjeansApplication - Starting NewjeansApplication using Java 17.0.11 with PID 1820 (C:\factory\ws_sts4_4240\repo_newjeans\newjeans\bin\main started by USER in C:\factory\ws_sts4_4240\repo_newjeans\newjeans) 
2024-09-16T15:57:12.461 [restartedMain] INFO c.a.NewjeansApplication - No active profile set, falling back to 1 default profile: "default" 
2024-09-16T15:57:12.721 [restartedMain] INFO o.s.b.w.e.t.TomcatWebServer - Tomcat initialized with port 8080 (http) 
2024-09-16T15:57:12.722 [restartedMain] INFO o.a.c.h.Http11NioProtocol - Initializing ProtocolHandler ["http-nio-8080"] 
2024-09-16T15:57:12.722 [restartedMain] INFO o.a.c.c.StandardService - Starting service [Tomcat] 
2024-09-16T15:57:12.722 [restartedMain] INFO o.a.c.c.StandardEngine - Starting Servlet engine: [Apache Tomcat/10.1.28] 
2024-09-16T15:57:12.750 [restartedMain] INFO o.a.c.c.C.[.[.[/] - Initializing Spring embedded WebApplicationContext 
2024-09-16T15:57:12.750 [restartedMain] INFO o.s.b.w.s.c.ServletWebServerApplicationContext - Root WebApplicationContext: initialization completed in 287 ms 
2024-09-16T15:57:12.900 [restartedMain] INFO o.s.b.d.a.OptionalLiveReloadServer - LiveReload server is running on port 35729 
2024-09-16T15:57:12.905 [restartedMain] INFO o.a.c.h.Http11NioProtocol - Starting ProtocolHandler ["http-nio-8080"] 
2024-09-16T15:57:12.909 [restartedMain] INFO o.s.b.w.e.t.TomcatWebServer - Tomcat started on port 8080 (http) with context path '/' 
2024-09-16T15:57:12.914 [restartedMain] INFO c.a.NewjeansApplication - Started NewjeansApplication in 0.489 seconds (process running for 221.967) 
2024-09-16T15:57:12.915 [restartedMain] INFO o.s.b.d.a.ConditionEvaluationDeltaLoggingListener - Condition evaluation unchanged 
2024-09-16T15:59:58.876 [File Watcher] INFO o.s.b.d.a.LocalDevToolsAutoConfiguration$RestartingClassPathChangeChangedEventListener - Restarting due to 1 class path change (0 additions, 0 deletions, 1 modification) 
2024-09-16T15:59:58.879 [Thread-11] INFO o.a.c.h.Http11NioProtocol - Stopping ProtocolHandler ["http-nio-8080"] 
2024-09-16T15:59:59.117 [restartedMain] INFO c.a.NewjeansApplication - Starting NewjeansApplication using Java 17.0.11 with PID 1820 (C:\factory\ws_sts4_4240\repo_newjeans\newjeans\bin\main started by USER in C:\factory\ws_sts4_4240\repo_newjeans\newjeans) 
2024-09-16T15:59:59.118 [restartedMain] INFO c.a.NewjeansApplication - No active profile set, falling back to 1 default profile: "default" 
2024-09-16T15:59:59.379 [restartedMain] INFO o.s.b.w.e.t.TomcatWebServer - Tomcat initialized with port 8080 (http) 
2024-09-16T15:59:59.380 [restartedMain] INFO o.a.c.h.Http11NioProtocol - Initializing ProtocolHandler ["http-nio-8080"] 
2024-09-16T15:59:59.380 [restartedMain] INFO o.a.c.c.StandardService - Starting service [Tomcat] 
2024-09-16T15:59:59.381 [restartedMain] INFO o.a.c.c.StandardEngine - Starting Servlet engine: [Apache Tomcat/10.1.28] 
2024-09-16T15:59:59.410 [restartedMain] INFO o.a.c.c.C.[.[.[/] - Initializing Spring embedded WebApplicationContext 
2024-09-16T15:59:59.410 [restartedMain] INFO o.s.b.w.s.c.ServletWebServerApplicationContext - Root WebApplicationContext: initialization completed in 290 ms 
2024-09-16T15:59:59.566 [restartedMain] INFO o.s.b.d.a.OptionalLiveReloadServer - LiveReload server is running on port 35729 
2024-09-16T15:59:59.572 [restartedMain] INFO o.a.c.h.Http11NioProtocol - Starting ProtocolHandler ["http-nio-8080"] 
2024-09-16T15:59:59.577 [restartedMain] INFO o.s.b.w.e.t.TomcatWebServer - Tomcat started on port 8080 (http) with context path '/' 
2024-09-16T15:59:59.584 [restartedMain] INFO c.a.NewjeansApplication - Started NewjeansApplication in 0.505 seconds (process running for 388.638) 
2024-09-16T15:59:59.585 [restartedMain] INFO o.s.b.d.a.ConditionEvaluationDeltaLoggingListener - Condition evaluation unchanged 
