2024-09-19T11:12:10.177 [File Watcher] INFO o.s.b.d.a.LocalDevToolsAutoConfiguration$RestartingClassPathChangeChangedEventListener - Restarting due to 1 class path change (0 additions, 0 deletions, 1 modification) 
2024-09-19T11:12:10.180 [Thread-103] INFO o.a.c.h.Http11NioProtocol - Stopping ProtocolHandler ["http-nio-8080"] 
2024-09-19T11:12:11.297 [Thread-103] INFO c.z.h.HikariDataSource - HikariPool-6 - Shutdown initiated... 
2024-09-19T11:12:11.309 [Thread-103] INFO c.z.h.HikariDataSource - HikariPool-6 - Shutdown completed. 
2024-09-19T11:12:11.433 [restartedMain] INFO c.a.NewjeansApplication - Starting NewjeansApplication using Java 17.0.11 with PID 19268 (C:\factory\ws_sts4_4240\repo_newjeans\newjeans\bin\main started by USER in C:\factory\ws_sts4_4240\repo_newjeans\newjeans) 
2024-09-19T11:12:11.435 [restartedMain] INFO c.a.NewjeansApplication - No active profile set, falling back to 1 default profile: "default" 
2024-09-19T11:12:11.732 [restartedMain] INFO o.s.b.w.e.t.TomcatWebServer - Tomcat initialized with port 8080 (http) 
2024-09-19T11:12:11.732 [restartedMain] INFO o.a.c.h.Http11NioProtocol - Initializing ProtocolHandler ["http-nio-8080"] 
2024-09-19T11:12:11.732 [restartedMain] INFO o.a.c.c.StandardService - Starting service [Tomcat] 
2024-09-19T11:12:11.732 [restartedMain] INFO o.a.c.c.StandardEngine - Starting Servlet engine: [Apache Tomcat/10.1.28] 
2024-09-19T11:12:11.758 [restartedMain] INFO o.a.c.c.C.[.[.[/] - Initializing Spring embedded WebApplicationContext 
2024-09-19T11:12:11.758 [restartedMain] INFO o.s.b.w.s.c.ServletWebServerApplicationContext - Root WebApplicationContext: initialization completed in 320 ms 
2024-09-19T11:12:11.906 [restartedMain] INFO o.s.b.d.a.OptionalLiveReloadServer - LiveReload server is running on port 35729 
2024-09-19T11:12:11.912 [restartedMain] INFO o.a.c.h.Http11NioProtocol - Starting ProtocolHandler ["http-nio-8080"] 
2024-09-19T11:12:11.916 [restartedMain] INFO o.s.b.w.e.t.TomcatWebServer - Tomcat started on port 8080 (http) with context path '/' 
2024-09-19T11:12:11.920 [restartedMain] INFO c.a.NewjeansApplication - Started NewjeansApplication in 0.535 seconds (process running for 5675.332) 
2024-09-19T11:12:11.921 [restartedMain] INFO o.s.b.d.a.ConditionEvaluationDeltaLoggingListener - Condition evaluation unchanged 
2024-09-19T11:12:13.066 [http-nio-8080-exec-1] INFO o.a.c.c.C.[.[.[/] - Initializing Spring DispatcherServlet 'dispatcherServlet' 
2024-09-19T11:12:13.066 [http-nio-8080-exec-1] INFO o.s.w.s.DispatcherServlet - Initializing Servlet 'dispatcherServlet' 
2024-09-19T11:12:13.067 [http-nio-8080-exec-1] INFO o.s.w.s.DispatcherServlet - Completed initialization in 1 ms 
2024-09-19T11:12:14.423 [http-nio-8080-exec-8] INFO c.z.h.HikariDataSource - HikariPool-7 - Starting... 
2024-09-19T11:12:14.452 [http-nio-8080-exec-8] INFO c.z.h.p.HikariPool - HikariPool-7 - Added connection net.sf.log4jdbc.sql.jdbcapi.ConnectionSpy@2af592c7 
2024-09-19T11:12:14.452 [http-nio-8080-exec-8] INFO c.z.h.HikariDataSource - HikariPool-7 - Start completed. 
2024-09-19T11:12:14.453 [http-nio-8080-exec-8] DEBUG j.sqltiming -  com.zaxxer.hikari.pool.ProxyPreparedStatement.execute(ProxyPreparedStatement.java:44)
61. select
		    a.htseq,
		    a.htName,
		    a.htAddress,
		    a.htcountry,
		    a.htDesc,
		    a.htDelNy,
		    a.htRegDate,
		    a.htReviseDate
		from
		    hotel a
		order by
			a.htseq desc
 {executed in 1 msec} 
2024-09-19T11:12:26.438 [http-nio-8080-exec-5] DEBUG j.sqltiming -  com.zaxxer.hikari.pool.ProxyPreparedStatement.execute(ProxyPreparedStatement.java:44)
61. select  
			a.htseq,
		    a.htName,
		    a.htAddress,
		    a.htcountry,
		    a.htDesc,
		    a.htDelNy,
		    a.htRegDate,
		    a.htReviseDate
		from
			hotel a
	    where 1=1
	    	AND a.htseq = '1'
 {executed in 0 msec} 
2024-09-19T11:12:37.560 [http-nio-8080-exec-1] WARN o.s.w.s.m.s.DefaultHandlerExceptionResolver - Resolved [org.springframework.web.bind.MethodArgumentNotValidException: Validation failed for argument [0] in public java.lang.String com.ador.infra.hotel.HotelController.hotelXdmUpdt(com.ador.infra.hotel.HotelDto) with 2 errors: [Field error in object 'hotelDto' on field 'htRegDate': rejected value [Tue Sep 17 18:47:16 GMT+09:00 2024]; codes [typeMismatch.hotelDto.htRegDate,typeMismatch.htRegDate,typeMismatch.java.util.Date,typeMismatch]; arguments [org.springframework.context.support.DefaultMessageSourceResolvable: codes [hotelDto.htRegDate,htRegDate]; arguments []; default message [htRegDate]]; default message [Failed to convert property value of type 'java.lang.String' to required type 'java.util.Date' for property 'htRegDate'; Failed to convert from type [java.lang.String] to type [@org.springframework.format.annotation.DateTimeFormat java.util.Date] for value [Tue Sep 17 18:47:16 GMT+09:00 2024]]] [Field error in object 'hotelDto' on field 'htReviseDate': rejected value [Tue Sep 17 18:47:16 GMT+09:00 2024]; codes [typeMismatch.hotelDto.htReviseDate,typeMismatch.htReviseDate,typeMismatch.java.util.Date,typeMismatch]; arguments [org.springframework.context.support.DefaultMessageSourceResolvable: codes [hotelDto.htReviseDate,htReviseDate]; arguments []; default message [htReviseDate]]; default message [Failed to convert property value of type 'java.lang.String' to required type 'java.util.Date' for property 'htReviseDate'; Failed to convert from type [java.lang.String] to type [@org.springframework.format.annotation.DateTimeFormat java.util.Date] for value [Tue Sep 17 18:47:16 GMT+09:00 2024]]] ] 
2024-09-19T11:12:59.662 [File Watcher] INFO o.s.b.d.a.LocalDevToolsAutoConfiguration$RestartingClassPathChangeChangedEventListener - Restarting due to 1 class path change (0 additions, 0 deletions, 1 modification) 
2024-09-19T11:12:59.664 [Thread-107] INFO o.a.c.h.Http11NioProtocol - Stopping ProtocolHandler ["http-nio-8080"] 
2024-09-19T11:13:00.602 [Thread-107] INFO c.z.h.HikariDataSource - HikariPool-7 - Shutdown initiated... 
2024-09-19T11:13:00.606 [Thread-107] INFO c.z.h.HikariDataSource - HikariPool-7 - Shutdown completed. 
2024-09-19T11:13:00.689 [restartedMain] INFO c.a.NewjeansApplication - Starting NewjeansApplication using Java 17.0.11 with PID 19268 (C:\factory\ws_sts4_4240\repo_newjeans\newjeans\bin\main started by USER in C:\factory\ws_sts4_4240\repo_newjeans\newjeans) 
2024-09-19T11:13:00.689 [restartedMain] INFO c.a.NewjeansApplication - No active profile set, falling back to 1 default profile: "default" 
2024-09-19T11:13:00.918 [restartedMain] INFO o.s.b.w.e.t.TomcatWebServer - Tomcat initialized with port 8080 (http) 
2024-09-19T11:13:00.919 [restartedMain] INFO o.a.c.h.Http11NioProtocol - Initializing ProtocolHandler ["http-nio-8080"] 
2024-09-19T11:13:00.919 [restartedMain] INFO o.a.c.c.StandardService - Starting service [Tomcat] 
2024-09-19T11:13:00.919 [restartedMain] INFO o.a.c.c.StandardEngine - Starting Servlet engine: [Apache Tomcat/10.1.28] 
2024-09-19T11:13:00.944 [restartedMain] INFO o.a.c.c.C.[.[.[/] - Initializing Spring embedded WebApplicationContext 
2024-09-19T11:13:00.944 [restartedMain] INFO o.s.b.w.s.c.ServletWebServerApplicationContext - Root WebApplicationContext: initialization completed in 253 ms 
2024-09-19T11:13:01.071 [restartedMain] INFO o.s.b.d.a.OptionalLiveReloadServer - LiveReload server is running on port 35729 
2024-09-19T11:13:01.076 [restartedMain] INFO o.a.c.h.Http11NioProtocol - Starting ProtocolHandler ["http-nio-8080"] 
2024-09-19T11:13:01.080 [restartedMain] INFO o.s.b.w.e.t.TomcatWebServer - Tomcat started on port 8080 (http) with context path '/' 
2024-09-19T11:13:01.084 [restartedMain] INFO c.a.NewjeansApplication - Started NewjeansApplication in 0.426 seconds (process running for 5724.495) 
2024-09-19T11:13:01.084 [restartedMain] INFO o.s.b.d.a.ConditionEvaluationDeltaLoggingListener - Condition evaluation unchanged 
2024-09-19T11:13:53.437 [File Watcher] INFO o.s.b.d.a.LocalDevToolsAutoConfiguration$RestartingClassPathChangeChangedEventListener - Restarting due to 1 class path change (0 additions, 0 deletions, 1 modification) 
2024-09-19T11:13:53.439 [Thread-111] INFO o.a.c.h.Http11NioProtocol - Stopping ProtocolHandler ["http-nio-8080"] 
2024-09-19T11:13:54.443 [restartedMain] INFO c.a.NewjeansApplication - Starting NewjeansApplication using Java 17.0.11 with PID 19268 (C:\factory\ws_sts4_4240\repo_newjeans\newjeans\bin\main started by USER in C:\factory\ws_sts4_4240\repo_newjeans\newjeans) 
2024-09-19T11:13:54.443 [restartedMain] INFO c.a.NewjeansApplication - No active profile set, falling back to 1 default profile: "default" 
2024-09-19T11:13:54.681 [restartedMain] INFO o.s.b.w.e.t.TomcatWebServer - Tomcat initialized with port 8080 (http) 
2024-09-19T11:13:54.681 [restartedMain] INFO o.a.c.h.Http11NioProtocol - Initializing ProtocolHandler ["http-nio-8080"] 
2024-09-19T11:13:54.681 [restartedMain] INFO o.a.c.c.StandardService - Starting service [Tomcat] 
2024-09-19T11:13:54.681 [restartedMain] INFO o.a.c.c.StandardEngine - Starting Servlet engine: [Apache Tomcat/10.1.28] 
2024-09-19T11:13:54.707 [restartedMain] INFO o.a.c.c.C.[.[.[/] - Initializing Spring embedded WebApplicationContext 
2024-09-19T11:13:54.707 [restartedMain] INFO o.s.b.w.s.c.ServletWebServerApplicationContext - Root WebApplicationContext: initialization completed in 262 ms 
2024-09-19T11:13:54.836 [restartedMain] INFO o.s.b.d.a.OptionalLiveReloadServer - LiveReload server is running on port 35729 
2024-09-19T11:13:54.841 [restartedMain] INFO o.a.c.h.Http11NioProtocol - Starting ProtocolHandler ["http-nio-8080"] 
2024-09-19T11:13:54.845 [restartedMain] INFO o.s.b.w.e.t.TomcatWebServer - Tomcat started on port 8080 (http) with context path '/' 
2024-09-19T11:13:54.849 [restartedMain] INFO c.a.NewjeansApplication - Started NewjeansApplication in 0.439 seconds (process running for 5778.26) 
2024-09-19T11:13:54.850 [restartedMain] INFO o.s.b.d.a.ConditionEvaluationDeltaLoggingListener - Condition evaluation unchanged 
2024-09-19T11:15:19.561 [http-nio-8080-exec-1] INFO o.a.c.c.C.[.[.[/] - Initializing Spring DispatcherServlet 'dispatcherServlet' 
2024-09-19T11:15:19.562 [http-nio-8080-exec-1] INFO o.s.w.s.DispatcherServlet - Initializing Servlet 'dispatcherServlet' 
2024-09-19T11:15:19.563 [http-nio-8080-exec-1] INFO o.s.w.s.DispatcherServlet - Completed initialization in 1 ms 
2024-09-19T11:15:19.565 [http-nio-8080-exec-1] INFO c.z.h.HikariDataSource - HikariPool-8 - Starting... 
2024-09-19T11:15:19.587 [http-nio-8080-exec-1] INFO c.z.h.p.HikariPool - HikariPool-8 - Added connection net.sf.log4jdbc.sql.jdbcapi.ConnectionSpy@494058e0 
2024-09-19T11:15:19.588 [http-nio-8080-exec-1] INFO c.z.h.HikariDataSource - HikariPool-8 - Start completed. 
2024-09-19T11:15:19.589 [http-nio-8080-exec-1] DEBUG j.sqltiming -  com.zaxxer.hikari.pool.ProxyPreparedStatement.execute(ProxyPreparedStatement.java:44)
71. select  
			a.htseq,
		    a.htName,
		    a.htAddress,
		    a.htcountry,
		    a.htDesc,
		    a.htDelNy,
		    a.htRegDate,
		    a.htReviseDate
		from
			hotel a
	    where 1=1
	    	AND a.htseq = '1'
 {executed in 1 msec} 
2024-09-19T11:15:26.297 [http-nio-8080-exec-1] DEBUG j.sqltiming -  com.zaxxer.hikari.pool.ProxyPreparedStatement.execute(ProxyPreparedStatement.java:44)
71. select  
			a.htseq,
		    a.htName,
		    a.htAddress,
		    a.htcountry,
		    a.htDesc,
		    a.htDelNy,
		    a.htRegDate,
		    a.htReviseDate
		from
			hotel a
	    where 1=1
	    	AND a.htseq = '1'
 {executed in 1 msec} 
2024-09-19T11:17:57.798 [http-nio-8080-exec-8] DEBUG j.sqltiming -  com.zaxxer.hikari.pool.ProxyPreparedStatement.execute(ProxyPreparedStatement.java:44)
71. select  
			a.htseq,
		    a.htName,
		    a.htAddress,
		    a.htcountry,
		    a.htDesc,
		    a.htDelNy,
		    a.htRegDate,
		    a.htReviseDate
		from
			hotel a
	    where 1=1
	    	AND a.htseq = '1'
 {executed in 3 msec} 
2024-09-19T11:17:59.720 [http-nio-8080-exec-5] DEBUG j.sqltiming -  com.zaxxer.hikari.pool.ProxyPreparedStatement.execute(ProxyPreparedStatement.java:44)
71. select
		    a.htseq,
		    a.htName,
		    a.htAddress,
		    a.htcountry,
		    a.htDesc,
		    a.htDelNy,
		    a.htRegDate,
		    a.htReviseDate
		from
		    hotel a
		order by
			a.htseq desc
 {executed in 0 msec} 
2024-09-19T11:18:01.703 [http-nio-8080-exec-9] DEBUG j.sqltiming -  com.zaxxer.hikari.pool.ProxyPreparedStatement.execute(ProxyPreparedStatement.java:44)
71. select  
			a.htseq,
		    a.htName,
		    a.htAddress,
		    a.htcountry,
		    a.htDesc,
		    a.htDelNy,
		    a.htRegDate,
		    a.htReviseDate
		from
			hotel a
	    where 1=1
	    	AND a.htseq = '1'
 {executed in 1 msec} 
2024-09-19T11:18:08.052 [http-nio-8080-exec-3] DEBUG j.sqltiming -  com.zaxxer.hikari.pool.ProxyPreparedStatement.execute(ProxyPreparedStatement.java:44)
71. update hotel
		set
			htName = '시그니엘 서울',
			htAddress = '서울 송파구 올림픽로 300',
			htcountry = 1,
			htDesc = 'seoul',
			htDelNy = 0,
		    htReviseDate = now()
		where 1=1
			and htseq = '1'
 {executed in 5 msec} 
2024-09-19T11:18:08.063 [http-nio-8080-exec-7] DEBUG j.sqltiming -  com.zaxxer.hikari.pool.ProxyPreparedStatement.execute(ProxyPreparedStatement.java:44)
71. select
		    a.htseq,
		    a.htName,
		    a.htAddress,
		    a.htcountry,
		    a.htDesc,
		    a.htDelNy,
		    a.htRegDate,
		    a.htReviseDate
		from
		    hotel a
		order by
			a.htseq desc
 {executed in 1 msec} 
2024-09-19T11:18:09.807 [http-nio-8080-exec-4] DEBUG j.sqltiming -  com.zaxxer.hikari.pool.ProxyPreparedStatement.execute(ProxyPreparedStatement.java:44)
71. select  
			a.htseq,
		    a.htName,
		    a.htAddress,
		    a.htcountry,
		    a.htDesc,
		    a.htDelNy,
		    a.htRegDate,
		    a.htReviseDate
		from
			hotel a
	    where 1=1
	    	AND a.htseq = '1'
 {executed in 0 msec} 
2024-09-19T11:18:18.016 [http-nio-8080-exec-8] DEBUG j.sqltiming -  com.zaxxer.hikari.pool.ProxyPreparedStatement.execute(ProxyPreparedStatement.java:44)
71. select
		    a.htseq,
		    a.htName,
		    a.htAddress,
		    a.htcountry,
		    a.htDesc,
		    a.htDelNy,
		    a.htRegDate,
		    a.htReviseDate
		from
		    hotel a
		order by
			a.htseq desc
 {executed in 2 msec} 
2024-09-19T11:18:21.764 [http-nio-8080-exec-1] DEBUG j.sqltiming -  com.zaxxer.hikari.pool.ProxyPreparedStatement.execute(ProxyPreparedStatement.java:44)
71. select  
			a.htseq,
		    a.htName,
		    a.htAddress,
		    a.htcountry,
		    a.htDesc,
		    a.htDelNy,
		    a.htRegDate,
		    a.htReviseDate
		from
			hotel a
	    where 1=1
	    	AND a.htseq = '1'
 {executed in 1 msec} 
2024-09-19T11:18:25.721 [http-nio-8080-exec-9] DEBUG j.sqltiming -  com.zaxxer.hikari.pool.ProxyPreparedStatement.execute(ProxyPreparedStatement.java:44)
71. update hotel
		set
			htName = '시그니엘 서울',
			htAddress = '서울 송파구 올림픽로 300',
			htcountry = 1,
			htDesc = 'seoul',
			htDelNy = 0,
		    htReviseDate = now()
		where 1=1
			and htseq = '1'
 {executed in 5 msec} 
2024-09-19T11:18:25.733 [http-nio-8080-exec-2] DEBUG j.sqltiming -  com.zaxxer.hikari.pool.ProxyPreparedStatement.execute(ProxyPreparedStatement.java:44)
71. select
		    a.htseq,
		    a.htName,
		    a.htAddress,
		    a.htcountry,
		    a.htDesc,
		    a.htDelNy,
		    a.htRegDate,
		    a.htReviseDate
		from
		    hotel a
		order by
			a.htseq desc
 {executed in 0 msec} 
2024-09-19T11:18:51.246 [http-nio-8080-exec-3] DEBUG j.sqltiming -  com.zaxxer.hikari.pool.ProxyPreparedStatement.execute(ProxyPreparedStatement.java:44)
71. select  
			a.htseq,
		    a.htName,
		    a.htAddress,
		    a.htcountry,
		    a.htDesc,
		    a.htDelNy,
		    a.htRegDate,
		    a.htReviseDate
		from
			hotel a
	    where 1=1
	    	AND a.htseq = '1'
 {executed in 1 msec} 
2024-09-19T11:19:54.770 [http-nio-8080-exec-1] DEBUG j.sqltiming -  com.zaxxer.hikari.pool.ProxyPreparedStatement.execute(ProxyPreparedStatement.java:44)
71. select  
			a.htseq,
		    a.htName,
		    a.htAddress,
		    a.htcountry,
		    a.htDesc,
		    a.htDelNy,
		    a.htRegDate,
		    a.htReviseDate
		from
			hotel a
	    where 1=1
	    	AND a.htseq = '1'
 {executed in 1 msec} 
2024-09-19T11:20:03.224 [http-nio-8080-exec-2] DEBUG j.sqltiming -  com.zaxxer.hikari.pool.ProxyPreparedStatement.execute(ProxyPreparedStatement.java:44)
71. update hotel
		set
			htName = '시그니엘 서울 seoul',
			htAddress = '서울 송파구 올림픽로 300',
			htcountry = 1,
			htDesc = '',
			htDelNy = 0,
		    htReviseDate = now()
		where 1=1
			and htseq = '1'
 {executed in 4 msec} 
2024-09-19T11:20:03.236 [http-nio-8080-exec-10] DEBUG j.sqltiming -  com.zaxxer.hikari.pool.ProxyPreparedStatement.execute(ProxyPreparedStatement.java:44)
71. select
		    a.htseq,
		    a.htName,
		    a.htAddress,
		    a.htcountry,
		    a.htDesc,
		    a.htDelNy,
		    a.htRegDate,
		    a.htReviseDate
		from
		    hotel a
		order by
			a.htseq desc
 {executed in 1 msec} 
2024-09-19T11:20:04.509 [http-nio-8080-exec-7] DEBUG j.sqltiming -  com.zaxxer.hikari.pool.ProxyPreparedStatement.execute(ProxyPreparedStatement.java:44)
71. select  
			a.htseq,
		    a.htName,
		    a.htAddress,
		    a.htcountry,
		    a.htDesc,
		    a.htDelNy,
		    a.htRegDate,
		    a.htReviseDate
		from
			hotel a
	    where 1=1
	    	AND a.htseq = '1'
 {executed in 0 msec} 
2024-09-19T11:20:07.722 [http-nio-8080-exec-10] DEBUG j.sqltiming -  com.zaxxer.hikari.pool.ProxyPreparedStatement.execute(ProxyPreparedStatement.java:44)
71. update hotel
		set
			htName = '시그니엘 서울',
			htAddress = '서울 송파구 올림픽로 300',
			htcountry = 1,
			htDesc = '',
			htDelNy = 0,
		    htReviseDate = now()
		where 1=1
			and htseq = '1'
 {executed in 3 msec} 
2024-09-19T11:20:07.731 [http-nio-8080-exec-9] DEBUG j.sqltiming -  com.zaxxer.hikari.pool.ProxyPreparedStatement.execute(ProxyPreparedStatement.java:44)
71. select
		    a.htseq,
		    a.htName,
		    a.htAddress,
		    a.htcountry,
		    a.htDesc,
		    a.htDelNy,
		    a.htRegDate,
		    a.htReviseDate
		from
		    hotel a
		order by
			a.htseq desc
 {executed in 1 msec} 
2024-09-19T11:20:19.052 [http-nio-8080-exec-3] DEBUG j.sqltiming -  com.zaxxer.hikari.pool.ProxyPreparedStatement.execute(ProxyPreparedStatement.java:44)
71. select
		    a.htseq,
		    a.htName,
		    a.htAddress,
		    a.htcountry,
		    a.htDesc,
		    a.htDelNy,
		    a.htRegDate,
		    a.htReviseDate
		from
		    hotel a
		order by
			a.htseq desc
 {executed in 0 msec} 
2024-09-19T11:20:19.947 [http-nio-8080-exec-8] DEBUG j.sqltiming -  com.zaxxer.hikari.pool.ProxyPreparedStatement.execute(ProxyPreparedStatement.java:44)
71. select  
			a.htseq,
		    a.htName,
		    a.htAddress,
		    a.htcountry,
		    a.htDesc,
		    a.htDelNy,
		    a.htRegDate,
		    a.htReviseDate
		from
			hotel a
	    where 1=1
	    	AND a.htseq = '1'
 {executed in 1 msec} 
2024-09-19T11:20:23.987 [http-nio-8080-exec-7] DEBUG j.sqltiming -  com.zaxxer.hikari.pool.ProxyPreparedStatement.execute(ProxyPreparedStatement.java:44)
71. update hotel
		set
			htName = '시그니엘 서울',
			htAddress = '서울 송파구 올림픽로 300',
			htcountry = 1,
			htDesc = 'seoul',
			htDelNy = 0,
		    htReviseDate = now()
		where 1=1
			and htseq = '1'
 {executed in 5 msec} 
2024-09-19T11:20:23.995 [http-nio-8080-exec-2] DEBUG j.sqltiming -  com.zaxxer.hikari.pool.ProxyPreparedStatement.execute(ProxyPreparedStatement.java:44)
71. select
		    a.htseq,
		    a.htName,
		    a.htAddress,
		    a.htcountry,
		    a.htDesc,
		    a.htDelNy,
		    a.htRegDate,
		    a.htReviseDate
		from
		    hotel a
		order by
			a.htseq desc
 {executed in 0 msec} 
2024-09-19T11:20:24.774 [http-nio-8080-exec-9] DEBUG j.sqltiming -  com.zaxxer.hikari.pool.ProxyPreparedStatement.execute(ProxyPreparedStatement.java:44)
71. select  
			a.htseq,
		    a.htName,
		    a.htAddress,
		    a.htcountry,
		    a.htDesc,
		    a.htDelNy,
		    a.htRegDate,
		    a.htReviseDate
		from
			hotel a
	    where 1=1
	    	AND a.htseq = '1'
 {executed in 1 msec} 
2024-09-19T11:26:25.064 [File Watcher] INFO o.s.b.d.a.LocalDevToolsAutoConfiguration$RestartingClassPathChangeChangedEventListener - Restarting due to 1 class path change (0 additions, 0 deletions, 1 modification) 
2024-09-19T11:26:25.068 [Thread-115] INFO o.a.c.h.Http11NioProtocol - Stopping ProtocolHandler ["http-nio-8080"] 
2024-09-19T11:26:26.080 [Thread-115] INFO c.z.h.HikariDataSource - HikariPool-8 - Shutdown initiated... 
2024-09-19T11:26:26.084 [Thread-115] INFO c.z.h.HikariDataSource - HikariPool-8 - Shutdown completed. 
2024-09-19T11:26:26.170 [restartedMain] INFO c.a.NewjeansApplication - Starting NewjeansApplication using Java 17.0.11 with PID 19268 (C:\factory\ws_sts4_4240\repo_newjeans\newjeans\bin\main started by USER in C:\factory\ws_sts4_4240\repo_newjeans\newjeans) 
2024-09-19T11:26:26.170 [restartedMain] INFO c.a.NewjeansApplication - No active profile set, falling back to 1 default profile: "default" 
2024-09-19T11:26:26.420 [restartedMain] INFO o.s.b.w.e.t.TomcatWebServer - Tomcat initialized with port 8080 (http) 
2024-09-19T11:26:26.420 [restartedMain] INFO o.a.c.h.Http11NioProtocol - Initializing ProtocolHandler ["http-nio-8080"] 
2024-09-19T11:26:26.421 [restartedMain] INFO o.a.c.c.StandardService - Starting service [Tomcat] 
2024-09-19T11:26:26.421 [restartedMain] INFO o.a.c.c.StandardEngine - Starting Servlet engine: [Apache Tomcat/10.1.28] 
2024-09-19T11:26:26.471 [restartedMain] INFO o.a.c.c.C.[.[.[/] - Initializing Spring embedded WebApplicationContext 
2024-09-19T11:26:26.471 [restartedMain] INFO o.s.b.w.s.c.ServletWebServerApplicationContext - Root WebApplicationContext: initialization completed in 299 ms 
2024-09-19T11:26:26.627 [restartedMain] INFO o.s.b.d.a.OptionalLiveReloadServer - LiveReload server is running on port 35729 
2024-09-19T11:26:26.633 [restartedMain] INFO o.a.c.h.Http11NioProtocol - Starting ProtocolHandler ["http-nio-8080"] 
2024-09-19T11:26:26.637 [restartedMain] INFO o.s.b.w.e.t.TomcatWebServer - Tomcat started on port 8080 (http) with context path '/' 
2024-09-19T11:26:26.641 [restartedMain] INFO c.a.NewjeansApplication - Started NewjeansApplication in 0.505 seconds (process running for 6530.053) 
2024-09-19T11:26:26.642 [restartedMain] INFO o.s.b.d.a.ConditionEvaluationDeltaLoggingListener - Condition evaluation unchanged 
2024-09-19T11:26:45.880 [http-nio-8080-exec-1] INFO o.a.c.c.C.[.[.[/] - Initializing Spring DispatcherServlet 'dispatcherServlet' 
2024-09-19T11:26:45.881 [http-nio-8080-exec-1] INFO o.s.w.s.DispatcherServlet - Initializing Servlet 'dispatcherServlet' 
2024-09-19T11:26:45.881 [http-nio-8080-exec-1] INFO o.s.w.s.DispatcherServlet - Completed initialization in 0 ms 
2024-09-19T11:26:45.884 [http-nio-8080-exec-1] INFO c.z.h.HikariDataSource - HikariPool-9 - Starting... 
2024-09-19T11:26:45.900 [http-nio-8080-exec-1] INFO c.z.h.p.HikariPool - HikariPool-9 - Added connection net.sf.log4jdbc.sql.jdbcapi.ConnectionSpy@6724fafb 
2024-09-19T11:26:45.900 [http-nio-8080-exec-1] INFO c.z.h.HikariDataSource - HikariPool-9 - Start completed. 
2024-09-19T11:26:45.902 [http-nio-8080-exec-1] DEBUG j.sqltiming -  com.zaxxer.hikari.pool.ProxyPreparedStatement.execute(ProxyPreparedStatement.java:44)
81. SELECT  
			a.htmSeq,
	        a.htmUserName,
	        a.htmGender,
	        a.htmBirth,
	        a.htmId,
	        a.htmPassword,
	        a.htmPhoneNumber,
	        a.htmEmail,
	        a.htmAddress,
	        a.htmDetailedAddress,
	        a.htmZipCode,
	        a.htmRegDate,
	        a.htmGrade,
	        a.htmRegAgreeContentNy,
	        a.htmEditMemberDate,
	        a.htmDelNy,
	        a.htmDesc
		FROM
			newjeans.hotelmember a	
		WHERE 1=1
			AND a.htmSeq = '1'
 {executed in 0 msec} 
2024-09-19T11:27:48.956 [http-nio-8080-exec-10] DEBUG j.sqltiming -  com.zaxxer.hikari.pool.ProxyPreparedStatement.execute(ProxyPreparedStatement.java:44)
81. select  
			a.htseq,
		    a.htName,
		    a.htAddress,
		    a.htcountry,
		    a.htDesc,
		    a.htDelNy,
		    a.htRegDate,
		    a.htReviseDate
		from
			hotel a
	    where 1=1
	    	AND a.htseq = '1'
 {executed in 1 msec} 
2024-09-19T11:27:54.057 [http-nio-8080-exec-2] DEBUG j.sqltiming -  com.zaxxer.hikari.pool.ProxyPreparedStatement.execute(ProxyPreparedStatement.java:44)
81. select  
			a.htseq,
		    a.htName,
		    a.htAddress,
		    a.htcountry,
		    a.htDesc,
		    a.htDelNy,
		    a.htRegDate,
		    a.htReviseDate
		from
			hotel a
	    where 1=1
	    	AND a.htseq = '1'
 {executed in 1 msec} 
2024-09-19T11:28:21.981 [http-nio-8080-exec-8] DEBUG j.sqltiming -  com.zaxxer.hikari.pool.ProxyPreparedStatement.execute(ProxyPreparedStatement.java:44)
81. select  
			a.htseq,
		    a.htName,
		    a.htAddress,
		    a.htcountry,
		    a.htDesc,
		    a.htDelNy,
		    a.htRegDate,
		    a.htReviseDate
		from
			hotel a
	    where 1=1
	    	AND a.htseq = '1'
 {executed in 0 msec} 
2024-09-19T11:28:28.012 [http-nio-8080-exec-6] DEBUG j.sqltiming -  com.zaxxer.hikari.pool.ProxyPreparedStatement.execute(ProxyPreparedStatement.java:44)
81. select  
			a.htseq,
		    a.htName,
		    a.htAddress,
		    a.htcountry,
		    a.htDesc,
		    a.htDelNy,
		    a.htRegDate,
		    a.htReviseDate
		from
			hotel a
	    where 1=1
	    	AND a.htseq = '1'
 {executed in 2 msec} 
2024-09-19T11:30:37.277 [File Watcher] INFO o.s.b.d.a.LocalDevToolsAutoConfiguration$RestartingClassPathChangeChangedEventListener - Restarting due to 1 class path change (0 additions, 0 deletions, 1 modification) 
2024-09-19T11:30:37.278 [Thread-119] INFO o.a.c.h.Http11NioProtocol - Stopping ProtocolHandler ["http-nio-8080"] 
2024-09-19T11:30:38.147 [Thread-119] INFO c.z.h.HikariDataSource - HikariPool-9 - Shutdown initiated... 
2024-09-19T11:30:38.152 [Thread-119] INFO c.z.h.HikariDataSource - HikariPool-9 - Shutdown completed. 
2024-09-19T11:30:38.234 [restartedMain] INFO c.a.NewjeansApplication - Starting NewjeansApplication using Java 17.0.11 with PID 19268 (C:\factory\ws_sts4_4240\repo_newjeans\newjeans\bin\main started by USER in C:\factory\ws_sts4_4240\repo_newjeans\newjeans) 
2024-09-19T11:30:38.234 [restartedMain] INFO c.a.NewjeansApplication - No active profile set, falling back to 1 default profile: "default" 
2024-09-19T11:30:38.481 [restartedMain] INFO o.s.b.w.e.t.TomcatWebServer - Tomcat initialized with port 8080 (http) 
2024-09-19T11:30:38.482 [restartedMain] INFO o.a.c.h.Http11NioProtocol - Initializing ProtocolHandler ["http-nio-8080"] 
2024-09-19T11:30:38.482 [restartedMain] INFO o.a.c.c.StandardService - Starting service [Tomcat] 
2024-09-19T11:30:38.482 [restartedMain] INFO o.a.c.c.StandardEngine - Starting Servlet engine: [Apache Tomcat/10.1.28] 
2024-09-19T11:30:38.507 [restartedMain] INFO o.a.c.c.C.[.[.[/] - Initializing Spring embedded WebApplicationContext 
2024-09-19T11:30:38.507 [restartedMain] INFO o.s.b.w.s.c.ServletWebServerApplicationContext - Root WebApplicationContext: initialization completed in 271 ms 
2024-09-19T11:30:38.650 [restartedMain] INFO o.s.b.d.a.OptionalLiveReloadServer - LiveReload server is running on port 35729 
2024-09-19T11:30:38.656 [restartedMain] INFO o.a.c.h.Http11NioProtocol - Starting ProtocolHandler ["http-nio-8080"] 
2024-09-19T11:30:38.659 [restartedMain] INFO o.s.b.w.e.t.TomcatWebServer - Tomcat started on port 8080 (http) with context path '/' 
2024-09-19T11:30:38.664 [restartedMain] INFO c.a.NewjeansApplication - Started NewjeansApplication in 0.462 seconds (process running for 6782.075) 
2024-09-19T11:30:38.665 [restartedMain] INFO o.s.b.d.a.ConditionEvaluationDeltaLoggingListener - Condition evaluation unchanged 
2024-09-19T11:32:55.143 [File Watcher] INFO o.s.b.d.a.LocalDevToolsAutoConfiguration$RestartingClassPathChangeChangedEventListener - Restarting due to 1 class path change (0 additions, 0 deletions, 1 modification) 
2024-09-19T11:32:55.147 [Thread-123] INFO o.a.c.h.Http11NioProtocol - Stopping ProtocolHandler ["http-nio-8080"] 
2024-09-19T11:32:56.197 [restartedMain] INFO c.a.NewjeansApplication - Starting NewjeansApplication using Java 17.0.11 with PID 19268 (C:\factory\ws_sts4_4240\repo_newjeans\newjeans\bin\main started by USER in C:\factory\ws_sts4_4240\repo_newjeans\newjeans) 
2024-09-19T11:32:56.197 [restartedMain] INFO c.a.NewjeansApplication - No active profile set, falling back to 1 default profile: "default" 
2024-09-19T11:32:56.458 [restartedMain] INFO o.s.b.w.e.t.TomcatWebServer - Tomcat initialized with port 8080 (http) 
2024-09-19T11:32:56.459 [restartedMain] INFO o.a.c.h.Http11NioProtocol - Initializing ProtocolHandler ["http-nio-8080"] 
2024-09-19T11:32:56.459 [restartedMain] INFO o.a.c.c.StandardService - Starting service [Tomcat] 
2024-09-19T11:32:56.459 [restartedMain] INFO o.a.c.c.StandardEngine - Starting Servlet engine: [Apache Tomcat/10.1.28] 
2024-09-19T11:32:56.485 [restartedMain] INFO o.a.c.c.C.[.[.[/] - Initializing Spring embedded WebApplicationContext 
2024-09-19T11:32:56.485 [restartedMain] INFO o.s.b.w.s.c.ServletWebServerApplicationContext - Root WebApplicationContext: initialization completed in 286 ms 
2024-09-19T11:32:56.641 [restartedMain] INFO o.s.b.d.a.OptionalLiveReloadServer - LiveReload server is running on port 35729 
2024-09-19T11:32:56.647 [restartedMain] INFO o.a.c.h.Http11NioProtocol - Starting ProtocolHandler ["http-nio-8080"] 
2024-09-19T11:32:56.650 [restartedMain] INFO o.s.b.w.e.t.TomcatWebServer - Tomcat started on port 8080 (http) with context path '/' 
2024-09-19T11:32:56.654 [restartedMain] INFO c.a.NewjeansApplication - Started NewjeansApplication in 0.494 seconds (process running for 6920.066) 
2024-09-19T11:32:56.655 [restartedMain] INFO o.s.b.d.a.ConditionEvaluationDeltaLoggingListener - Condition evaluation unchanged 
2024-09-19T11:32:59.548 [File Watcher] INFO o.s.b.d.a.LocalDevToolsAutoConfiguration$RestartingClassPathChangeChangedEventListener - Restarting due to 1 class path change (0 additions, 0 deletions, 1 modification) 
2024-09-19T11:32:59.550 [Thread-127] INFO o.a.c.h.Http11NioProtocol - Stopping ProtocolHandler ["http-nio-8080"] 
2024-09-19T11:33:00.551 [restartedMain] INFO c.a.NewjeansApplication - Starting NewjeansApplication using Java 17.0.11 with PID 19268 (C:\factory\ws_sts4_4240\repo_newjeans\newjeans\bin\main started by USER in C:\factory\ws_sts4_4240\repo_newjeans\newjeans) 
2024-09-19T11:33:00.552 [restartedMain] INFO c.a.NewjeansApplication - No active profile set, falling back to 1 default profile: "default" 
2024-09-19T11:33:00.815 [restartedMain] INFO o.s.b.w.e.t.TomcatWebServer - Tomcat initialized with port 8080 (http) 
2024-09-19T11:33:00.815 [restartedMain] INFO o.a.c.h.Http11NioProtocol - Initializing ProtocolHandler ["http-nio-8080"] 
2024-09-19T11:33:00.815 [restartedMain] INFO o.a.c.c.StandardService - Starting service [Tomcat] 
2024-09-19T11:33:00.815 [restartedMain] INFO o.a.c.c.StandardEngine - Starting Servlet engine: [Apache Tomcat/10.1.28] 
2024-09-19T11:33:00.841 [restartedMain] INFO o.a.c.c.C.[.[.[/] - Initializing Spring embedded WebApplicationContext 
2024-09-19T11:33:00.841 [restartedMain] INFO o.s.b.w.s.c.ServletWebServerApplicationContext - Root WebApplicationContext: initialization completed in 288 ms 
2024-09-19T11:33:00.977 [restartedMain] INFO o.s.b.d.a.OptionalLiveReloadServer - LiveReload server is running on port 35729 
2024-09-19T11:33:00.982 [restartedMain] INFO o.a.c.h.Http11NioProtocol - Starting ProtocolHandler ["http-nio-8080"] 
2024-09-19T11:33:00.986 [restartedMain] INFO o.s.b.w.e.t.TomcatWebServer - Tomcat started on port 8080 (http) with context path '/' 
2024-09-19T11:33:00.990 [restartedMain] INFO c.a.NewjeansApplication - Started NewjeansApplication in 0.471 seconds (process running for 6924.402) 
2024-09-19T11:33:00.991 [restartedMain] INFO o.s.b.d.a.ConditionEvaluationDeltaLoggingListener - Condition evaluation unchanged 
2024-09-19T11:33:49.025 [File Watcher] INFO o.s.b.d.a.LocalDevToolsAutoConfiguration$RestartingClassPathChangeChangedEventListener - Restarting due to 1 class path change (0 additions, 0 deletions, 1 modification) 
2024-09-19T11:33:49.026 [Thread-131] INFO o.a.c.h.Http11NioProtocol - Stopping ProtocolHandler ["http-nio-8080"] 
2024-09-19T11:33:50.044 [restartedMain] INFO c.a.NewjeansApplication - Starting NewjeansApplication using Java 17.0.11 with PID 19268 (C:\factory\ws_sts4_4240\repo_newjeans\newjeans\bin\main started by USER in C:\factory\ws_sts4_4240\repo_newjeans\newjeans) 
2024-09-19T11:33:50.044 [restartedMain] INFO c.a.NewjeansApplication - No active profile set, falling back to 1 default profile: "default" 
2024-09-19T11:33:50.290 [restartedMain] INFO o.s.b.w.e.t.TomcatWebServer - Tomcat initialized with port 8080 (http) 
2024-09-19T11:33:50.290 [restartedMain] INFO o.a.c.h.Http11NioProtocol - Initializing ProtocolHandler ["http-nio-8080"] 
2024-09-19T11:33:50.290 [restartedMain] INFO o.a.c.c.StandardService - Starting service [Tomcat] 
2024-09-19T11:33:50.290 [restartedMain] INFO o.a.c.c.StandardEngine - Starting Servlet engine: [Apache Tomcat/10.1.28] 
2024-09-19T11:33:50.315 [restartedMain] INFO o.a.c.c.C.[.[.[/] - Initializing Spring embedded WebApplicationContext 
2024-09-19T11:33:50.316 [restartedMain] INFO o.s.b.w.s.c.ServletWebServerApplicationContext - Root WebApplicationContext: initialization completed in 270 ms 
2024-09-19T11:33:50.445 [restartedMain] INFO o.s.b.d.a.OptionalLiveReloadServer - LiveReload server is running on port 35729 
2024-09-19T11:33:50.450 [restartedMain] INFO o.a.c.h.Http11NioProtocol - Starting ProtocolHandler ["http-nio-8080"] 
2024-09-19T11:33:50.456 [restartedMain] INFO o.s.b.w.e.t.TomcatWebServer - Tomcat started on port 8080 (http) with context path '/' 
2024-09-19T11:33:50.460 [restartedMain] INFO c.a.NewjeansApplication - Started NewjeansApplication in 0.453 seconds (process running for 6973.872) 
2024-09-19T11:33:50.461 [restartedMain] INFO o.s.b.d.a.ConditionEvaluationDeltaLoggingListener - Condition evaluation unchanged 
2024-09-19T11:37:44.759 [File Watcher] INFO o.s.b.d.a.LocalDevToolsAutoConfiguration$RestartingClassPathChangeChangedEventListener - Restarting due to 1 class path change (0 additions, 0 deletions, 1 modification) 
2024-09-19T11:37:44.761 [Thread-135] INFO o.a.c.h.Http11NioProtocol - Stopping ProtocolHandler ["http-nio-8080"] 
2024-09-19T11:37:45.873 [restartedMain] INFO c.a.NewjeansApplication - Starting NewjeansApplication using Java 17.0.11 with PID 19268 (C:\factory\ws_sts4_4240\repo_newjeans\newjeans\bin\main started by USER in C:\factory\ws_sts4_4240\repo_newjeans\newjeans) 
2024-09-19T11:37:45.874 [restartedMain] INFO c.a.NewjeansApplication - No active profile set, falling back to 1 default profile: "default" 
2024-09-19T11:37:46.127 [restartedMain] INFO o.s.b.w.e.t.TomcatWebServer - Tomcat initialized with port 8080 (http) 
2024-09-19T11:37:46.127 [restartedMain] INFO o.a.c.h.Http11NioProtocol - Initializing ProtocolHandler ["http-nio-8080"] 
2024-09-19T11:37:46.127 [restartedMain] INFO o.a.c.c.StandardService - Starting service [Tomcat] 
2024-09-19T11:37:46.127 [restartedMain] INFO o.a.c.c.StandardEngine - Starting Servlet engine: [Apache Tomcat/10.1.28] 
2024-09-19T11:37:46.153 [restartedMain] INFO o.a.c.c.C.[.[.[/] - Initializing Spring embedded WebApplicationContext 
2024-09-19T11:37:46.153 [restartedMain] INFO o.s.b.w.s.c.ServletWebServerApplicationContext - Root WebApplicationContext: initialization completed in 278 ms 
2024-09-19T11:37:46.308 [restartedMain] INFO o.s.b.d.a.OptionalLiveReloadServer - LiveReload server is running on port 35729 
2024-09-19T11:37:46.314 [restartedMain] INFO o.a.c.h.Http11NioProtocol - Starting ProtocolHandler ["http-nio-8080"] 
2024-09-19T11:37:46.317 [restartedMain] INFO o.s.b.w.e.t.TomcatWebServer - Tomcat started on port 8080 (http) with context path '/' 
2024-09-19T11:37:46.321 [restartedMain] INFO c.a.NewjeansApplication - Started NewjeansApplication in 0.481 seconds (process running for 7209.733) 
2024-09-19T11:37:46.322 [restartedMain] INFO o.s.b.d.a.ConditionEvaluationDeltaLoggingListener - Condition evaluation unchanged 
2024-09-19T11:38:59.075 [http-nio-8080-exec-1] INFO o.a.c.c.C.[.[.[/] - Initializing Spring DispatcherServlet 'dispatcherServlet' 
2024-09-19T11:38:59.075 [http-nio-8080-exec-1] INFO o.s.w.s.DispatcherServlet - Initializing Servlet 'dispatcherServlet' 
2024-09-19T11:38:59.076 [http-nio-8080-exec-1] INFO o.s.w.s.DispatcherServlet - Completed initialization in 1 ms 
2024-09-19T11:38:59.910 [http-nio-8080-exec-3] INFO c.z.h.HikariDataSource - HikariPool-10 - Starting... 
2024-09-19T11:38:59.938 [http-nio-8080-exec-3] INFO c.z.h.p.HikariPool - HikariPool-10 - Added connection net.sf.log4jdbc.sql.jdbcapi.ConnectionSpy@4cf30924 
2024-09-19T11:38:59.938 [http-nio-8080-exec-3] INFO c.z.h.HikariDataSource - HikariPool-10 - Start completed. 
2024-09-19T11:38:59.940 [http-nio-8080-exec-3] DEBUG j.sqltiming -  com.zaxxer.hikari.pool.ProxyPreparedStatement.execute(ProxyPreparedStatement.java:44)
91. select
		    a.htseq,
		    a.htName,
		    a.htAddress,
		    a.htcountry,
		    a.htDesc,
		    a.htDelNy,
		    a.htRegDate,
		    a.htReviseDate
		from
		    hotel a
		order by
			a.htseq desc
 {executed in 1 msec} 
2024-09-19T11:39:07.810 [http-nio-8080-exec-8] DEBUG j.sqltiming -  com.zaxxer.hikari.pool.ProxyPreparedStatement.execute(ProxyPreparedStatement.java:44)
91. select
		    a.htseq,
		    a.htName,
		    a.htAddress,
		    a.htcountry,
		    a.htDesc,
		    a.htDelNy,
		    a.htRegDate,
		    a.htReviseDate
		from
		    hotel a
		order by
			a.htseq desc
 {executed in 2 msec} 
2024-09-19T11:41:05.339 [http-nio-8080-exec-3] DEBUG j.sqltiming -  com.zaxxer.hikari.pool.ProxyPreparedStatement.execute(ProxyPreparedStatement.java:44)
91. select
		    a.htseq,
		    a.htName,
		    a.htAddress,
		    a.htcountry,
		    a.htDesc,
		    a.htDelNy,
		    a.htRegDate,
		    a.htReviseDate
		from
		    hotel a
		order by
			a.htseq desc
 {executed in 1 msec} 
2024-09-19T11:41:23.745 [http-nio-8080-exec-4] DEBUG j.sqltiming -  com.zaxxer.hikari.pool.ProxyPreparedStatement.execute(ProxyPreparedStatement.java:44)
91. insert into hotel (
			htName,
			htAddress,
			htcountry,
			htDesc,
			htDelNy,
			htRegDate,
		    htReviseDate
		) values (
			'테스트1',
			'테스트 111 111 ',
			5,
			'test',
			0,
			now(),
			now()
		)
 {executed in 4 msec} 
2024-09-19T11:41:23.755 [http-nio-8080-exec-6] DEBUG j.sqltiming -  com.zaxxer.hikari.pool.ProxyPreparedStatement.execute(ProxyPreparedStatement.java:44)
91. select
		    a.htseq,
		    a.htName,
		    a.htAddress,
		    a.htcountry,
		    a.htDesc,
		    a.htDelNy,
		    a.htRegDate,
		    a.htReviseDate
		from
		    hotel a
		order by
			a.htseq desc
 {executed in 1 msec} 
2024-09-19T11:41:30.142 [http-nio-8080-exec-1] DEBUG j.sqltiming -  com.zaxxer.hikari.pool.ProxyPreparedStatement.execute(ProxyPreparedStatement.java:44)
91. select  
			a.htseq,
		    a.htName,
		    a.htAddress,
		    a.htcountry,
		    a.htDesc,
		    a.htDelNy,
		    a.htRegDate,
		    a.htReviseDate
		from
			hotel a
	    where 1=1
	    	AND a.htseq = '3'
 {executed in 1 msec} 
2024-09-19T11:42:51.171 [http-nio-8080-exec-10] DEBUG j.sqltiming -  com.zaxxer.hikari.pool.ProxyPreparedStatement.execute(ProxyPreparedStatement.java:44)
91. select  
			a.htseq,
		    a.htName,
		    a.htAddress,
		    a.htcountry,
		    a.htDesc,
		    a.htDelNy,
		    a.htRegDate,
		    a.htReviseDate
		from
			hotel a
	    where 1=1
	    	AND a.htseq = '3'
 {executed in 1 msec} 
2024-09-19T11:43:45.665 [http-nio-8080-exec-2] DEBUG j.sqltiming -  com.zaxxer.hikari.pool.ProxyPreparedStatement.execute(ProxyPreparedStatement.java:44)
91. update hotel
		set 
			htDelNy = 1
		where 1=1
			and htseq = '3'
 {executed in 5 msec} 
2024-09-19T11:43:45.672 [http-nio-8080-exec-10] DEBUG j.sqltiming -  com.zaxxer.hikari.pool.ProxyPreparedStatement.execute(ProxyPreparedStatement.java:44)
91. select
		    a.htseq,
		    a.htName,
		    a.htAddress,
		    a.htcountry,
		    a.htDesc,
		    a.htDelNy,
		    a.htRegDate,
		    a.htReviseDate
		from
		    hotel a
		order by
			a.htseq desc
 {executed in 0 msec} 
2024-09-19T11:43:49.105 [http-nio-8080-exec-5] DEBUG j.sqltiming -  com.zaxxer.hikari.pool.ProxyPreparedStatement.execute(ProxyPreparedStatement.java:44)
91. select  
			a.htseq,
		    a.htName,
		    a.htAddress,
		    a.htcountry,
		    a.htDesc,
		    a.htDelNy,
		    a.htRegDate,
		    a.htReviseDate
		from
			hotel a
	    where 1=1
	    	AND a.htseq = '3'
 {executed in 1 msec} 
